[0.000000] (-) TimerEvent: {}
[0.000335] (towing) JobQueued: {'identifier': 'towing', 'dependencies': OrderedDict()}
[0.000583] (towing) JobStarted: {'identifier': 'towing'}
[0.016632] (towing) JobProgress: {'identifier': 'towing', 'progress': 'cmake'}
[0.017016] (towing) Command: {'cmd': ['/usr/bin/cmake', '/home/her/Documents/project/SIM_IST/src/towing', '-DCMAKE_INSTALL_PREFIX=/home/her/Documents/project/SIM_IST/install/towing'], 'cwd': '/home/her/Documents/project/SIM_IST/build/towing', 'env': OrderedDict([('MCFLY_RESULTS_SORT', 'LAST_RUN'), ('KDE_FULL_SESSION', 'true'), ('MAIL', '/var/spool/mail/her'), ('USER', 'her'), ('PAM_KWALLET5_LOGIN', '/run/user/1000/kwallet5.socket'), ('LC_TIME', 'en_US.UTF-8'), ('STARSHIP_SHELL', 'fish'), ('HOSTNAME', 'her-14AHP9'), ('XDG_SESSION_TYPE', 'wayland'), ('MCFLY_INTERFACE_VIEW', 'BOTTOM'), ('MCFLY_HISTFILE', '/home/her/.zhistory'), ('XDG_CACHE_HOME', '/home/her/.cache'), ('QT_WAYLAND_RECONNECT', '1'), ('SHLVL', '7'), ('LD_LIBRARY_PATH', '/usr/lib/x86_64-linux-gnu/gazebo-11/plugins:/opt/ros/humble/opt/rviz_ogre_vendor/lib:/opt/ros/humble/lib/x86_64-linux-gnu:/opt/ros/humble/lib'), ('BROWSER', 'firedragon'), ('MOTD_SHOWN', 'pam'), ('HOME', '/home/her'), ('MCFLY_HISTORY', '/dev/null'), ('CHROME_DESKTOP', 'code.desktop'), ('MCFLY_RESULTS', '20'), ('MOZ_ENABLE_WAYLAND', '1'), ('KDE_APPLICATIONS_AS_SCOPE', '1'), ('OLDPWD', '/home/her/Documents/project/SIM_IST'), ('TERM_PROGRAM_VERSION', '1.108.2'), ('DESKTOP_SESSION', 'plasma'), ('AMD_VULKAN_ICD', 'RADV'), ('MANROFFOPT', '-c'), ('ROS_PYTHON_VERSION', '3'), ('GTK_RC_FILES', '/etc/gtk/gtkrc:/home/her/.gtkrc:/home/her/.config/gtkrc'), ('KDE_SESSION_VERSION', '6'), ('PS1', '\\[\\e[32m\\]\\u@\\h\\[\\e[0m\\]:\\[\\e[34m\\]\\w\\[\\e[0m\\]$'), ('LC_MONETARY', 'en_US.UTF-8'), ('MANAGERPID', '1508'), ('DISTROBOX_ENTER_PATH', '/usr/bin/distrobox-enter'), ('SYSTEMD_EXEC_PID', '2835'), ('VSCODE_PYTHON_AUTOACTIVATE_GUARD', '1'), ('VISUAL', 'kate'), ('XDG_STATE_HOME', '/home/her/.local/state'), ('DBUS_SESSION_BUS_ADDRESS', 'unix:path=/run/user/1000/bus'), ('COLORTERM', 'truecolor'), ('container', 'sudo podman'), ('MCFLY_HISTORY_FORMAT', 'zsh'), ('DEBUGINFOD_URLS', 'https://debuginfod.archlinux.org'), ('WAYLAND_DISPLAY', 'wayland-0'), ('COLCON_PREFIX_PATH', '/home/her/turtlebot3_ws/install:/home/her/Documents/project/SIM_IST/install'), ('XKB_DEFAULT_LAYOUT', 'us'), ('ROS_DISTRO', 'humble'), ('LOGNAME', 'her'), ('MANAGERPIDFDID', '1509'), ('JOURNAL_STREAM', '9:38006'), ('_', '/usr/bin/colcon'), ('ROS_VERSION', '2'), ('USER_ZDOTDIR', '/home/her'), ('MEMORY_PRESSURE_WATCH', '/sys/fs/cgroup/user.slice/user-1000.slice/user@1000.service/session.slice/plasma-plasmashell.service/memory.pressure'), ('XDG_SESSION_CLASS', 'user'), ('TERMINFO_DIRS', '/usr/share/terminfo:/run/host/usr/share/terminfo'), ('TERM', 'xterm-256color'), ('XDG_SESSION_ID', '2'), ('GAZEBO_MODEL_PATH', ':/home/her/Documents/project/SIM_IST/src/towing/meshes'), ('FC_FONTATIONS', '1'), ('ROS_LOCALHOST_ONLY', '0'), ('GTK2_RC_FILES', '/etc/gtk-2.0/gtkrc:/home/her/.gtkrc-2.0:/home/her/.config/gtkrc-2.0'), ('PATH', '/opt/ros/humble/bin:/home/her/.local/bin:/home/her/.cargo/bin:/usr/local/sbin:/usr/local/bin:/usr/bin:/usr/bin/site_perl:/usr/bin/vendor_perl:/usr/bin/core_perl:/usr/local/sbin:/usr/local/bin:/usr/sbin:/usr/bin:/sbin:/bin:/usr/sbin:/sbin:/bin'), ('SESSION_MANAGER', 'local/her-14AHP9:@/tmp/.ICE-unix/1809,unix/her-14AHP9:/tmp/.ICE-unix/1809'), ('INVOCATION_ID', '4d63f1dc9d08402aa1a95431def17a9b'), ('XDG_SESSION_PATH', '/org/freedesktop/DisplayManager/Session1'), ('XDG_MENU_PREFIX', 'plasma-'), ('LC_ADDRESS', 'en_US.UTF-8'), ('XDG_RUNTIME_DIR', '/run/user/1000'), ('GDK_BACKEND', 'wayland'), ('ICEAUTHORITY', '/run/user/1000/iceauth_xtrvge'), ('DISPLAY', ':1'), ('VSCODE_INJECTION', '1'), ('MCFLY_FUZZY', 'true'), ('LANG', 'en_US.UTF-8'), ('XDG_CURRENT_DESKTOP', 'KDE'), ('LC_TELEPHONE', 'en_US.UTF-8'), ('XDG_DATA_HOME', '/home/her/.local/share'), ('XDG_CONFIG_HOME', '/home/her/.config'), ('XDG_SESSION_DESKTOP', 'KDE'), ('XAUTHORITY', '/run/user/1000/xauth_EdTEIK'), ('ICAST_DIR', '/home/her/SDK/ICAST'), ('MANPAGER', "sh -c 'col -bx | bat -l man -p'"), ('TERM_PROGRAM', 'vscode'), ('AMENT_PREFIX_PATH', '/home/her/Documents/project/SIM_IST/install/towing:/home/her/turtlebot3_ws/install/turtlebot3_simulations:/home/her/turtlebot3_ws/install/turtlebot3_gazebo:/home/her/turtlebot3_ws/install/turtlebot3_fake_node:/opt/ros/humble'), ('SHELL', '/usr/bin/bash'), ('LC_NAME', 'en_US.UTF-8'), ('NO_AT_BRIDGE', '1'), ('LC_MEASUREMENT', 'en_US.UTF-8'), ('LC_IDENTIFICATION', 'en_US.UTF-8'), ('PWD', '/home/her/Documents/project/SIM_IST/build/towing'), ('MCFLY_SESSION_ID', 'jiqzSZlrnkSTZ4sSYAKebwb0'), ('CONTAINER_ID', 'ubuntu22'), ('QT_QPA_PLATFORM', 'xcb'), ('TURTLEBOT3_MODEL', 'burger'), ('XDG_CONFIG_DIRS', '/home/her/.config/kdedefaults:/etc/xdg'), ('TOWING_MESH_PATH', '/home/her/Documents/project/SIM_IST/install/towing/share/towing/meshes'), ('PYLON_ROOT', '/opt/pylon'), ('ZDOTDIR', '/home/her'), ('XDG_DATA_DIRS', '/usr/local/share:/usr/share'), ('STARSHIP_SESSION_KEY', '1054532312263271'), ('PYTHONPATH', '/opt/ros/humble/lib/python3.10/site-packages:/opt/ros/humble/local/lib/python3.10/dist-packages'), ('LC_NUMERIC', 'en_US.UTF-8'), ('LC_PAPER', 'en_US.UTF-8'), ('KDE_SESSION_UID', '1000'), ('GTK_USE_PORTAL', '1'), ('COLCON', '1'), ('MEMORY_PRESSURE_WRITE', 'c29tZSAyMDAwMDAgMjAwMDAwMAA='), ('GENICAM_GENTL64_PATH', ':/opt/pylon/lib/gentlproducer/gtl:/opt/pylon/lib/pylonCXP/bin/'), ('EDITOR', '/usr/bin/micro'), ('CMAKE_PREFIX_PATH', '/home/her/Documents/project/SIM_IST/install/towing:/home/her/turtlebot3_ws/install/turtlebot3_simulations:/home/her/turtlebot3_ws/install/turtlebot3_gazebo:/home/her/turtlebot3_ws/install/turtlebot3_fake_node:/opt/ros/humble')]), 'shell': False}
[0.099551] (-) TimerEvent: {}
[0.196105] (towing) StdoutLine: {'line': b'-- The C compiler identification is GNU 11.4.0\n'}
[0.199645] (-) TimerEvent: {}
[0.267286] (towing) StdoutLine: {'line': b'-- The CXX compiler identification is GNU 11.4.0\n'}
[0.278065] (towing) StdoutLine: {'line': b'-- Detecting C compiler ABI info\n'}
[0.299776] (-) TimerEvent: {}
[0.393908] (towing) StdoutLine: {'line': b'-- Detecting C compiler ABI info - done\n'}
[0.399868] (-) TimerEvent: {}
[0.402216] (towing) StdoutLine: {'line': b'-- Check for working C compiler: /usr/bin/cc - skipped\n'}
[0.403182] (towing) StdoutLine: {'line': b'-- Detecting C compile features\n'}
[0.404326] (towing) StdoutLine: {'line': b'-- Detecting C compile features - done\n'}
[0.406792] (towing) StdoutLine: {'line': b'-- Detecting CXX compiler ABI info\n'}
[0.473882] (towing) StdoutLine: {'line': b'-- Detecting CXX compiler ABI info - done\n'}
[0.478940] (towing) StdoutLine: {'line': b'-- Check for working CXX compiler: /usr/bin/c++ - skipped\n'}
[0.479157] (towing) StdoutLine: {'line': b'-- Detecting CXX compile features\n'}
[0.479483] (towing) StdoutLine: {'line': b'-- Detecting CXX compile features - done\n'}
[0.485278] (towing) StdoutLine: {'line': b'-- Found ament_cmake: 1.3.12 (/opt/ros/humble/share/ament_cmake/cmake)\n'}
[0.499982] (-) TimerEvent: {}
[0.600233] (-) TimerEvent: {}
[0.604695] (towing) StdoutLine: {'line': b'-- Found Python3: /usr/bin/python3 (found version "3.10.12") found components: Interpreter \n'}
[0.693582] (towing) StdoutLine: {'line': b'-- Found ament_lint_auto: 0.12.14 (/opt/ros/humble/share/ament_lint_auto/cmake)\n'}
[0.700353] (-) TimerEvent: {}
[0.800738] (-) TimerEvent: {}
[0.813308] (towing) StdoutLine: {'line': b"-- Added test 'flake8' to check Python code syntax and style conventions\n"}
[0.814137] (towing) StdoutLine: {'line': b"-- Added test 'lint_cmake' to check CMake code style\n"}
[0.814789] (towing) StdoutLine: {'line': b"-- Added test 'pep257' to check Python code against some of the docstring style conventions in PEP 257\n"}
[0.817483] (towing) StdoutLine: {'line': b"-- Added test 'xmllint' to check XML markup files\n"}
[0.819106] (towing) StdoutLine: {'line': b'-- Configuring done\n'}
[0.822252] (towing) StdoutLine: {'line': b'-- Generating done\n'}
[0.823775] (towing) StdoutLine: {'line': b'-- Build files have been written to: /home/her/Documents/project/SIM_IST/build/towing\n'}
[0.828608] (towing) CommandEnded: {'returncode': 0}
[0.829287] (towing) JobProgress: {'identifier': 'towing', 'progress': 'build'}
[0.829734] (towing) Command: {'cmd': ['/usr/bin/cmake', '--build', '/home/her/Documents/project/SIM_IST/build/towing', '--', '-j16', '-l16'], 'cwd': '/home/her/Documents/project/SIM_IST/build/towing', 'env': OrderedDict([('MCFLY_RESULTS_SORT', 'LAST_RUN'), ('KDE_FULL_SESSION', 'true'), ('MAIL', '/var/spool/mail/her'), ('USER', 'her'), ('PAM_KWALLET5_LOGIN', '/run/user/1000/kwallet5.socket'), ('LC_TIME', 'en_US.UTF-8'), ('STARSHIP_SHELL', 'fish'), ('HOSTNAME', 'her-14AHP9'), ('XDG_SESSION_TYPE', 'wayland'), ('MCFLY_INTERFACE_VIEW', 'BOTTOM'), ('MCFLY_HISTFILE', '/home/her/.zhistory'), ('XDG_CACHE_HOME', '/home/her/.cache'), ('QT_WAYLAND_RECONNECT', '1'), ('SHLVL', '7'), ('LD_LIBRARY_PATH', '/usr/lib/x86_64-linux-gnu/gazebo-11/plugins:/opt/ros/humble/opt/rviz_ogre_vendor/lib:/opt/ros/humble/lib/x86_64-linux-gnu:/opt/ros/humble/lib'), ('BROWSER', 'firedragon'), ('MOTD_SHOWN', 'pam'), ('HOME', '/home/her'), ('MCFLY_HISTORY', '/dev/null'), ('CHROME_DESKTOP', 'code.desktop'), ('MCFLY_RESULTS', '20'), ('MOZ_ENABLE_WAYLAND', '1'), ('KDE_APPLICATIONS_AS_SCOPE', '1'), ('OLDPWD', '/home/her/Documents/project/SIM_IST'), ('TERM_PROGRAM_VERSION', '1.108.2'), ('DESKTOP_SESSION', 'plasma'), ('AMD_VULKAN_ICD', 'RADV'), ('MANROFFOPT', '-c'), ('ROS_PYTHON_VERSION', '3'), ('GTK_RC_FILES', '/etc/gtk/gtkrc:/home/her/.gtkrc:/home/her/.config/gtkrc'), ('KDE_SESSION_VERSION', '6'), ('PS1', '\\[\\e[32m\\]\\u@\\h\\[\\e[0m\\]:\\[\\e[34m\\]\\w\\[\\e[0m\\]$'), ('LC_MONETARY', 'en_US.UTF-8'), ('MANAGERPID', '1508'), ('DISTROBOX_ENTER_PATH', '/usr/bin/distrobox-enter'), ('SYSTEMD_EXEC_PID', '2835'), ('VSCODE_PYTHON_AUTOACTIVATE_GUARD', '1'), ('VISUAL', 'kate'), ('XDG_STATE_HOME', '/home/her/.local/state'), ('DBUS_SESSION_BUS_ADDRESS', 'unix:path=/run/user/1000/bus'), ('COLORTERM', 'truecolor'), ('container', 'sudo podman'), ('MCFLY_HISTORY_FORMAT', 'zsh'), ('DEBUGINFOD_URLS', 'https://debuginfod.archlinux.org'), ('WAYLAND_DISPLAY', 'wayland-0'), ('COLCON_PREFIX_PATH', '/home/her/turtlebot3_ws/install:/home/her/Documents/project/SIM_IST/install'), ('XKB_DEFAULT_LAYOUT', 'us'), ('ROS_DISTRO', 'humble'), ('LOGNAME', 'her'), ('MANAGERPIDFDID', '1509'), ('JOURNAL_STREAM', '9:38006'), ('_', '/usr/bin/colcon'), ('ROS_VERSION', '2'), ('USER_ZDOTDIR', '/home/her'), ('MEMORY_PRESSURE_WATCH', '/sys/fs/cgroup/user.slice/user-1000.slice/user@1000.service/session.slice/plasma-plasmashell.service/memory.pressure'), ('XDG_SESSION_CLASS', 'user'), ('TERMINFO_DIRS', '/usr/share/terminfo:/run/host/usr/share/terminfo'), ('TERM', 'xterm-256color'), ('XDG_SESSION_ID', '2'), ('GAZEBO_MODEL_PATH', ':/home/her/Documents/project/SIM_IST/src/towing/meshes'), ('FC_FONTATIONS', '1'), ('ROS_LOCALHOST_ONLY', '0'), ('GTK2_RC_FILES', '/etc/gtk-2.0/gtkrc:/home/her/.gtkrc-2.0:/home/her/.config/gtkrc-2.0'), ('PATH', '/opt/ros/humble/bin:/home/her/.local/bin:/home/her/.cargo/bin:/usr/local/sbin:/usr/local/bin:/usr/bin:/usr/bin/site_perl:/usr/bin/vendor_perl:/usr/bin/core_perl:/usr/local/sbin:/usr/local/bin:/usr/sbin:/usr/bin:/sbin:/bin:/usr/sbin:/sbin:/bin'), ('SESSION_MANAGER', 'local/her-14AHP9:@/tmp/.ICE-unix/1809,unix/her-14AHP9:/tmp/.ICE-unix/1809'), ('INVOCATION_ID', '4d63f1dc9d08402aa1a95431def17a9b'), ('XDG_SESSION_PATH', '/org/freedesktop/DisplayManager/Session1'), ('XDG_MENU_PREFIX', 'plasma-'), ('LC_ADDRESS', 'en_US.UTF-8'), ('XDG_RUNTIME_DIR', '/run/user/1000'), ('GDK_BACKEND', 'wayland'), ('ICEAUTHORITY', '/run/user/1000/iceauth_xtrvge'), ('DISPLAY', ':1'), ('VSCODE_INJECTION', '1'), ('MCFLY_FUZZY', 'true'), ('LANG', 'en_US.UTF-8'), ('XDG_CURRENT_DESKTOP', 'KDE'), ('LC_TELEPHONE', 'en_US.UTF-8'), ('XDG_DATA_HOME', '/home/her/.local/share'), ('XDG_CONFIG_HOME', '/home/her/.config'), ('XDG_SESSION_DESKTOP', 'KDE'), ('XAUTHORITY', '/run/user/1000/xauth_EdTEIK'), ('ICAST_DIR', '/home/her/SDK/ICAST'), ('MANPAGER', "sh -c 'col -bx | bat -l man -p'"), ('TERM_PROGRAM', 'vscode'), ('AMENT_PREFIX_PATH', '/home/her/Documents/project/SIM_IST/install/towing:/home/her/turtlebot3_ws/install/turtlebot3_simulations:/home/her/turtlebot3_ws/install/turtlebot3_gazebo:/home/her/turtlebot3_ws/install/turtlebot3_fake_node:/opt/ros/humble'), ('SHELL', '/usr/bin/bash'), ('LC_NAME', 'en_US.UTF-8'), ('NO_AT_BRIDGE', '1'), ('LC_MEASUREMENT', 'en_US.UTF-8'), ('LC_IDENTIFICATION', 'en_US.UTF-8'), ('PWD', '/home/her/Documents/project/SIM_IST/build/towing'), ('MCFLY_SESSION_ID', 'jiqzSZlrnkSTZ4sSYAKebwb0'), ('CONTAINER_ID', 'ubuntu22'), ('QT_QPA_PLATFORM', 'xcb'), ('TURTLEBOT3_MODEL', 'burger'), ('XDG_CONFIG_DIRS', '/home/her/.config/kdedefaults:/etc/xdg'), ('TOWING_MESH_PATH', '/home/her/Documents/project/SIM_IST/install/towing/share/towing/meshes'), ('PYLON_ROOT', '/opt/pylon'), ('ZDOTDIR', '/home/her'), ('XDG_DATA_DIRS', '/usr/local/share:/usr/share'), ('STARSHIP_SESSION_KEY', '1054532312263271'), ('PYTHONPATH', '/opt/ros/humble/lib/python3.10/site-packages:/opt/ros/humble/local/lib/python3.10/dist-packages'), ('LC_NUMERIC', 'en_US.UTF-8'), ('LC_PAPER', 'en_US.UTF-8'), ('KDE_SESSION_UID', '1000'), ('GTK_USE_PORTAL', '1'), ('COLCON', '1'), ('MEMORY_PRESSURE_WRITE', 'c29tZSAyMDAwMDAgMjAwMDAwMAA='), ('GENICAM_GENTL64_PATH', ':/opt/pylon/lib/gentlproducer/gtl:/opt/pylon/lib/pylonCXP/bin/'), ('EDITOR', '/usr/bin/micro'), ('CMAKE_PREFIX_PATH', '/home/her/Documents/project/SIM_IST/install/towing:/home/her/turtlebot3_ws/install/turtlebot3_simulations:/home/her/turtlebot3_ws/install/turtlebot3_gazebo:/home/her/turtlebot3_ws/install/turtlebot3_fake_node:/opt/ros/humble')]), 'shell': False}
[0.864942] (towing) CommandEnded: {'returncode': 0}
[0.865500] (towing) JobProgress: {'identifier': 'towing', 'progress': 'install'}
[0.873898] (towing) Command: {'cmd': ['/usr/bin/cmake', '--install', '/home/her/Documents/project/SIM_IST/build/towing'], 'cwd': '/home/her/Documents/project/SIM_IST/build/towing', 'env': OrderedDict([('MCFLY_RESULTS_SORT', 'LAST_RUN'), ('KDE_FULL_SESSION', 'true'), ('MAIL', '/var/spool/mail/her'), ('USER', 'her'), ('PAM_KWALLET5_LOGIN', '/run/user/1000/kwallet5.socket'), ('LC_TIME', 'en_US.UTF-8'), ('STARSHIP_SHELL', 'fish'), ('HOSTNAME', 'her-14AHP9'), ('XDG_SESSION_TYPE', 'wayland'), ('MCFLY_INTERFACE_VIEW', 'BOTTOM'), ('MCFLY_HISTFILE', '/home/her/.zhistory'), ('XDG_CACHE_HOME', '/home/her/.cache'), ('QT_WAYLAND_RECONNECT', '1'), ('SHLVL', '7'), ('LD_LIBRARY_PATH', '/usr/lib/x86_64-linux-gnu/gazebo-11/plugins:/opt/ros/humble/opt/rviz_ogre_vendor/lib:/opt/ros/humble/lib/x86_64-linux-gnu:/opt/ros/humble/lib'), ('BROWSER', 'firedragon'), ('MOTD_SHOWN', 'pam'), ('HOME', '/home/her'), ('MCFLY_HISTORY', '/dev/null'), ('CHROME_DESKTOP', 'code.desktop'), ('MCFLY_RESULTS', '20'), ('MOZ_ENABLE_WAYLAND', '1'), ('KDE_APPLICATIONS_AS_SCOPE', '1'), ('OLDPWD', '/home/her/Documents/project/SIM_IST'), ('TERM_PROGRAM_VERSION', '1.108.2'), ('DESKTOP_SESSION', 'plasma'), ('AMD_VULKAN_ICD', 'RADV'), ('MANROFFOPT', '-c'), ('ROS_PYTHON_VERSION', '3'), ('GTK_RC_FILES', '/etc/gtk/gtkrc:/home/her/.gtkrc:/home/her/.config/gtkrc'), ('KDE_SESSION_VERSION', '6'), ('PS1', '\\[\\e[32m\\]\\u@\\h\\[\\e[0m\\]:\\[\\e[34m\\]\\w\\[\\e[0m\\]$'), ('LC_MONETARY', 'en_US.UTF-8'), ('MANAGERPID', '1508'), ('DISTROBOX_ENTER_PATH', '/usr/bin/distrobox-enter'), ('SYSTEMD_EXEC_PID', '2835'), ('VSCODE_PYTHON_AUTOACTIVATE_GUARD', '1'), ('VISUAL', 'kate'), ('XDG_STATE_HOME', '/home/her/.local/state'), ('DBUS_SESSION_BUS_ADDRESS', 'unix:path=/run/user/1000/bus'), ('COLORTERM', 'truecolor'), ('container', 'sudo podman'), ('MCFLY_HISTORY_FORMAT', 'zsh'), ('DEBUGINFOD_URLS', 'https://debuginfod.archlinux.org'), ('WAYLAND_DISPLAY', 'wayland-0'), ('COLCON_PREFIX_PATH', '/home/her/turtlebot3_ws/install:/home/her/Documents/project/SIM_IST/install'), ('XKB_DEFAULT_LAYOUT', 'us'), ('ROS_DISTRO', 'humble'), ('LOGNAME', 'her'), ('MANAGERPIDFDID', '1509'), ('JOURNAL_STREAM', '9:38006'), ('_', '/usr/bin/colcon'), ('ROS_VERSION', '2'), ('USER_ZDOTDIR', '/home/her'), ('MEMORY_PRESSURE_WATCH', '/sys/fs/cgroup/user.slice/user-1000.slice/user@1000.service/session.slice/plasma-plasmashell.service/memory.pressure'), ('XDG_SESSION_CLASS', 'user'), ('TERMINFO_DIRS', '/usr/share/terminfo:/run/host/usr/share/terminfo'), ('TERM', 'xterm-256color'), ('XDG_SESSION_ID', '2'), ('GAZEBO_MODEL_PATH', ':/home/her/Documents/project/SIM_IST/src/towing/meshes'), ('FC_FONTATIONS', '1'), ('ROS_LOCALHOST_ONLY', '0'), ('GTK2_RC_FILES', '/etc/gtk-2.0/gtkrc:/home/her/.gtkrc-2.0:/home/her/.config/gtkrc-2.0'), ('PATH', '/opt/ros/humble/bin:/home/her/.local/bin:/home/her/.cargo/bin:/usr/local/sbin:/usr/local/bin:/usr/bin:/usr/bin/site_perl:/usr/bin/vendor_perl:/usr/bin/core_perl:/usr/local/sbin:/usr/local/bin:/usr/sbin:/usr/bin:/sbin:/bin:/usr/sbin:/sbin:/bin'), ('SESSION_MANAGER', 'local/her-14AHP9:@/tmp/.ICE-unix/1809,unix/her-14AHP9:/tmp/.ICE-unix/1809'), ('INVOCATION_ID', '4d63f1dc9d08402aa1a95431def17a9b'), ('XDG_SESSION_PATH', '/org/freedesktop/DisplayManager/Session1'), ('XDG_MENU_PREFIX', 'plasma-'), ('LC_ADDRESS', 'en_US.UTF-8'), ('XDG_RUNTIME_DIR', '/run/user/1000'), ('GDK_BACKEND', 'wayland'), ('ICEAUTHORITY', '/run/user/1000/iceauth_xtrvge'), ('DISPLAY', ':1'), ('VSCODE_INJECTION', '1'), ('MCFLY_FUZZY', 'true'), ('LANG', 'en_US.UTF-8'), ('XDG_CURRENT_DESKTOP', 'KDE'), ('LC_TELEPHONE', 'en_US.UTF-8'), ('XDG_DATA_HOME', '/home/her/.local/share'), ('XDG_CONFIG_HOME', '/home/her/.config'), ('XDG_SESSION_DESKTOP', 'KDE'), ('XAUTHORITY', '/run/user/1000/xauth_EdTEIK'), ('ICAST_DIR', '/home/her/SDK/ICAST'), ('MANPAGER', "sh -c 'col -bx | bat -l man -p'"), ('TERM_PROGRAM', 'vscode'), ('AMENT_PREFIX_PATH', '/home/her/Documents/project/SIM_IST/install/towing:/home/her/turtlebot3_ws/install/turtlebot3_simulations:/home/her/turtlebot3_ws/install/turtlebot3_gazebo:/home/her/turtlebot3_ws/install/turtlebot3_fake_node:/opt/ros/humble'), ('SHELL', '/usr/bin/bash'), ('LC_NAME', 'en_US.UTF-8'), ('NO_AT_BRIDGE', '1'), ('LC_MEASUREMENT', 'en_US.UTF-8'), ('LC_IDENTIFICATION', 'en_US.UTF-8'), ('PWD', '/home/her/Documents/project/SIM_IST/build/towing'), ('MCFLY_SESSION_ID', 'jiqzSZlrnkSTZ4sSYAKebwb0'), ('CONTAINER_ID', 'ubuntu22'), ('QT_QPA_PLATFORM', 'xcb'), ('TURTLEBOT3_MODEL', 'burger'), ('XDG_CONFIG_DIRS', '/home/her/.config/kdedefaults:/etc/xdg'), ('TOWING_MESH_PATH', '/home/her/Documents/project/SIM_IST/install/towing/share/towing/meshes'), ('PYLON_ROOT', '/opt/pylon'), ('ZDOTDIR', '/home/her'), ('XDG_DATA_DIRS', '/usr/local/share:/usr/share'), ('STARSHIP_SESSION_KEY', '1054532312263271'), ('PYTHONPATH', '/opt/ros/humble/lib/python3.10/site-packages:/opt/ros/humble/local/lib/python3.10/dist-packages'), ('LC_NUMERIC', 'en_US.UTF-8'), ('LC_PAPER', 'en_US.UTF-8'), ('KDE_SESSION_UID', '1000'), ('GTK_USE_PORTAL', '1'), ('COLCON', '1'), ('MEMORY_PRESSURE_WRITE', 'c29tZSAyMDAwMDAgMjAwMDAwMAA='), ('GENICAM_GENTL64_PATH', ':/opt/pylon/lib/gentlproducer/gtl:/opt/pylon/lib/pylonCXP/bin/'), ('EDITOR', '/usr/bin/micro'), ('CMAKE_PREFIX_PATH', '/home/her/Documents/project/SIM_IST/install/towing:/home/her/turtlebot3_ws/install/turtlebot3_simulations:/home/her/turtlebot3_ws/install/turtlebot3_gazebo:/home/her/turtlebot3_ws/install/turtlebot3_fake_node:/opt/ros/humble')]), 'shell': False}
[0.881220] (towing) StdoutLine: {'line': b'-- Install configuration: ""\n'}
[0.881438] (towing) StdoutLine: {'line': b'-- Installing: /home/her/Documents/project/SIM_IST/install/towing/share/towing//launch\n'}
[0.881533] (towing) StdoutLine: {'line': b'-- Installing: /home/her/Documents/project/SIM_IST/install/towing/share/towing//launch/display.launch.py\n'}
[0.881623] (towing) StdoutLine: {'line': b'-- Installing: /home/her/Documents/project/SIM_IST/install/towing/share/towing//launch/gazebo.launch.py\n'}
[0.900867] (-) TimerEvent: {}
[0.922016] (towing) StdoutLine: {'line': b'-- Installing: /home/her/Documents/project/SIM_IST/install/towing/share/towing//launch/all.launch.py\n'}
[0.922243] (towing) StdoutLine: {'line': b'-- Installing: /home/her/Documents/project/SIM_IST/install/towing/share/towing//urdf\n'}
[0.922397] (towing) StdoutLine: {'line': b'-- Installing: /home/her/Documents/project/SIM_IST/install/towing/share/towing//urdf/towing.csv\n'}
[0.922501] (towing) StdoutLine: {'line': b'-- Installing: /home/her/Documents/project/SIM_IST/install/towing/share/towing//urdf/towing.urdf.xacro\n'}
[0.922607] (towing) StdoutLine: {'line': b'-- Installing: /home/her/Documents/project/SIM_IST/install/towing/share/towing//urdf/gazebo_properties.xacro\n'}
[0.922726] (towing) StdoutLine: {'line': b'-- Installing: /home/her/Documents/project/SIM_IST/install/towing/share/towing//urdf/gazebo_plugin.xacro\n'}
[0.922868] (towing) StdoutLine: {'line': b'-- Installing: /home/her/Documents/project/SIM_IST/install/towing/share/towing//urdf/towing_core.xacro\n'}
[0.923014] (towing) StdoutLine: {'line': b'-- Installing: /home/her/Documents/project/SIM_IST/install/towing/share/towing//config\n'}
[0.923081] (towing) StdoutLine: {'line': b'-- Installing: /home/her/Documents/project/SIM_IST/install/towing/share/towing//config/joint_names_towing.yaml\n'}
[0.923171] (towing) StdoutLine: {'line': b'-- Installing: /home/her/Documents/project/SIM_IST/install/towing/share/towing//models\n'}
[0.923251] (towing) StdoutLine: {'line': b'-- Installing: /home/her/Documents/project/SIM_IST/install/towing/share/towing//models/towing\n'}
[0.923309] (towing) StdoutLine: {'line': b'-- Installing: /home/her/Documents/project/SIM_IST/install/towing/share/towing//models/towing/meshes\n'}
[0.923378] (towing) StdoutLine: {'line': b'-- Installing: /home/her/Documents/project/SIM_IST/install/towing/share/towing//models/towing/meshes/base_link.STL\n'}
[0.923468] (towing) StdoutLine: {'line': b'-- Installing: /home/her/Documents/project/SIM_IST/install/towing/share/towing//models/towing/meshes/flwheel.STL\n'}
[0.923547] (towing) StdoutLine: {'line': b'-- Installing: /home/her/Documents/project/SIM_IST/install/towing/share/towing//models/towing/meshes/frwheel.STL\n'}
[0.923629] (towing) StdoutLine: {'line': b'-- Installing: /home/her/Documents/project/SIM_IST/install/towing/share/towing//models/towing/meshes/lftowwheel.STL\n'}
[0.923710] (towing) StdoutLine: {'line': b'-- Installing: /home/her/Documents/project/SIM_IST/install/towing/share/towing//models/towing/meshes/lrtowwheel.STL\n'}
[0.923791] (towing) StdoutLine: {'line': b'-- Installing: /home/her/Documents/project/SIM_IST/install/towing/share/towing//models/towing/meshes/ltowsteer.STL\n'}
[0.923872] (towing) StdoutLine: {'line': b'-- Installing: /home/her/Documents/project/SIM_IST/install/towing/share/towing//models/towing/meshes/lwhell.STL\n'}
[0.923968] (towing) StdoutLine: {'line': b'-- Installing: /home/her/Documents/project/SIM_IST/install/towing/share/towing//models/towing/meshes/rftowwheel.STL\n'}
[0.924050] (towing) StdoutLine: {'line': b'-- Installing: /home/her/Documents/project/SIM_IST/install/towing/share/towing//models/towing/meshes/rrtowwheel.STL\n'}
[0.924136] (towing) StdoutLine: {'line': b'-- Installing: /home/her/Documents/project/SIM_IST/install/towing/share/towing//models/towing/meshes/rtowsteer.STL\n'}
[0.924215] (towing) StdoutLine: {'line': b'-- Installing: /home/her/Documents/project/SIM_IST/install/towing/share/towing//models/towing/meshes/rwheel.STL\n'}
[0.924297] (towing) StdoutLine: {'line': b'-- Installing: /home/her/Documents/project/SIM_IST/install/towing/share/towing//models/towing/meshes/steer.STL\n'}
[0.924374] (towing) StdoutLine: {'line': b'-- Installing: /home/her/Documents/project/SIM_IST/install/towing/share/towing//models/towing/meshes/tow.STL\n'}
[0.924455] (towing) StdoutLine: {'line': b'-- Installing: /home/her/Documents/project/SIM_IST/install/towing/share/towing//models/towing/model.config\n'}
[0.924552] (towing) StdoutLine: {'line': b'-- Installing: /home/her/Documents/project/SIM_IST/install/towing/share/towing//meshes\n'}
[0.924611] (towing) StdoutLine: {'line': b'-- Installing: /home/her/Documents/project/SIM_IST/install/towing/share/towing//meshes/base_link.STL\n'}
[0.924693] (towing) StdoutLine: {'line': b'-- Installing: /home/her/Documents/project/SIM_IST/install/towing/share/towing//meshes/flwheel.STL\n'}
[0.924767] (towing) StdoutLine: {'line': b'-- Installing: /home/her/Documents/project/SIM_IST/install/towing/share/towing//meshes/frwheel.STL\n'}
[0.924845] (towing) StdoutLine: {'line': b'-- Installing: /home/her/Documents/project/SIM_IST/install/towing/share/towing//meshes/lftowwheel.STL\n'}
[0.924937] (towing) StdoutLine: {'line': b'-- Installing: /home/her/Documents/project/SIM_IST/install/towing/share/towing//meshes/lrtowwheel.STL\n'}
[0.925015] (towing) StdoutLine: {'line': b'-- Installing: /home/her/Documents/project/SIM_IST/install/towing/share/towing//meshes/ltowsteer.STL\n'}
[0.925096] (towing) StdoutLine: {'line': b'-- Installing: /home/her/Documents/project/SIM_IST/install/towing/share/towing//meshes/lwhell.STL\n'}
[0.925174] (towing) StdoutLine: {'line': b'-- Installing: /home/her/Documents/project/SIM_IST/install/towing/share/towing//meshes/rftowwheel.STL\n'}
[0.925254] (towing) StdoutLine: {'line': b'-- Installing: /home/her/Documents/project/SIM_IST/install/towing/share/towing//meshes/rrtowwheel.STL\n'}
[0.925332] (towing) StdoutLine: {'line': b'-- Installing: /home/her/Documents/project/SIM_IST/install/towing/share/towing//meshes/rtowsteer.STL\n'}
[0.925416] (towing) StdoutLine: {'line': b'-- Installing: /home/her/Documents/project/SIM_IST/install/towing/share/towing//meshes/rwheel.STL\n'}
[0.925493] (towing) StdoutLine: {'line': b'-- Installing: /home/her/Documents/project/SIM_IST/install/towing/share/towing//meshes/steer.STL\n'}
[0.926358] (towing) StdoutLine: {'line': b'-- Installing: /home/her/Documents/project/SIM_IST/install/towing/share/towing//meshes/tow.STL\n'}
[0.927149] (towing) StdoutLine: {'line': b'-- Installing: /home/her/Documents/project/SIM_IST/install/towing/share/towing/urdf.rviz\n'}
[0.927310] (towing) StdoutLine: {'line': b'-- Installing: /home/her/Documents/project/SIM_IST/install/towing/share/ament_index/resource_index/package_run_dependencies/towing\n'}
[0.927556] (towing) StdoutLine: {'line': b'-- Installing: /home/her/Documents/project/SIM_IST/install/towing/share/ament_index/resource_index/parent_prefix_path/towing\n'}
[0.927758] (towing) StdoutLine: {'line': b'-- Installing: /home/her/Documents/project/SIM_IST/install/towing/share/towing/environment/ament_prefix_path.sh\n'}
[0.927977] (towing) StdoutLine: {'line': b'-- Installing: /home/her/Documents/project/SIM_IST/install/towing/share/towing/environment/ament_prefix_path.dsv\n'}
[0.928132] (towing) StdoutLine: {'line': b'-- Installing: /home/her/Documents/project/SIM_IST/install/towing/share/towing/environment/path.sh\n'}
[0.928268] (towing) StdoutLine: {'line': b'-- Installing: /home/her/Documents/project/SIM_IST/install/towing/share/towing/environment/path.dsv\n'}
[0.928387] (towing) StdoutLine: {'line': b'-- Installing: /home/her/Documents/project/SIM_IST/install/towing/share/towing/local_setup.bash\n'}
[0.928494] (towing) StdoutLine: {'line': b'-- Installing: /home/her/Documents/project/SIM_IST/install/towing/share/towing/local_setup.sh\n'}
[0.928597] (towing) StdoutLine: {'line': b'-- Installing: /home/her/Documents/project/SIM_IST/install/towing/share/towing/local_setup.zsh\n'}
[0.928698] (towing) StdoutLine: {'line': b'-- Installing: /home/her/Documents/project/SIM_IST/install/towing/share/towing/local_setup.dsv\n'}
[0.928826] (towing) StdoutLine: {'line': b'-- Installing: /home/her/Documents/project/SIM_IST/install/towing/share/towing/package.dsv\n'}
[0.929012] (towing) StdoutLine: {'line': b'-- Installing: /home/her/Documents/project/SIM_IST/install/towing/share/ament_index/resource_index/packages/towing\n'}
[0.929130] (towing) StdoutLine: {'line': b'-- Installing: /home/her/Documents/project/SIM_IST/install/towing/share/towing/cmake/towingConfig.cmake\n'}
[0.929222] (towing) StdoutLine: {'line': b'-- Installing: /home/her/Documents/project/SIM_IST/install/towing/share/towing/cmake/towingConfig-version.cmake\n'}
[0.929314] (towing) StdoutLine: {'line': b'-- Installing: /home/her/Documents/project/SIM_IST/install/towing/share/towing/package.xml\n'}
[0.931450] (towing) CommandEnded: {'returncode': 0}
[0.949738] (towing) JobEnded: {'identifier': 'towing', 'rc': 0}
[0.950299] (-) EventReactorShutdown: {}
