[0.013s] Invoking command in '/home/her/Documents/project/SIM_IST/build/towing': CMAKE_PREFIX_PATH=${CMAKE_PREFIX_PATH}:/opt/ros/humble DEBUGINFOD_URLS=https://debuginfod.archlinux.org PS1=\[\e[32m\]\u@\h\[\e[0m\]:\[\e[34m\]\w\[\e[0m\]$ /usr/bin/cmake --build /home/her/Documents/project/SIM_IST/build/towing -- -j16 -l16
[0.082s] Invoked command in '/home/her/Documents/project/SIM_IST/build/towing' returned '0': CMAKE_PREFIX_PATH=${CMAKE_PREFIX_PATH}:/opt/ros/humble DEBUGINFOD_URLS=https://debuginfod.archlinux.org PS1=\[\e[32m\]\u@\h\[\e[0m\]:\[\e[34m\]\w\[\e[0m\]$ /usr/bin/cmake --build /home/her/Documents/project/SIM_IST/build/towing -- -j16 -l16
[0.091s] Invoking command in '/home/her/Documents/project/SIM_IST/build/towing': CMAKE_PREFIX_PATH=${CMAKE_PREFIX_PATH}:/opt/ros/humble DEBUGINFOD_URLS=https://debuginfod.archlinux.org PS1=\[\e[32m\]\u@\h\[\e[0m\]:\[\e[34m\]\w\[\e[0m\]$ /usr/bin/cmake --install /home/her/Documents/project/SIM_IST/build/towing
[0.095s] -- Install configuration: ""
[0.096s] -- Execute custom install script
[0.096s] -- Up-to-date symlink: /home/her/Documents/project/SIM_IST/install/towing/share/towing//launch/all.launch.py
[0.096s] -- Up-to-date symlink: /home/her/Documents/project/SIM_IST/install/towing/share/towing//launch/display.launch.py
[0.096s] -- Up-to-date symlink: /home/her/Documents/project/SIM_IST/install/towing/share/towing//launch/gazebo.launch.py
[0.096s] -- Up-to-date symlink: /home/her/Documents/project/SIM_IST/install/towing/share/towing//urdf/gazebo_plugin.xacro
[0.096s] -- Up-to-date symlink: /home/her/Documents/project/SIM_IST/install/towing/share/towing//urdf/gazebo_properties.xacro
[0.096s] -- Up-to-date symlink: /home/her/Documents/project/SIM_IST/install/towing/share/towing//urdf/towing.csv
[0.097s] -- Up-to-date symlink: /home/her/Documents/project/SIM_IST/install/towing/share/towing//urdf/towing.urdf.xacro
[0.097s] -- Symlinking: /home/her/Documents/project/SIM_IST/install/towing/share/towing//urdf/towing_core copy.xacro
[0.103s] -- Up-to-date symlink: /home/her/Documents/project/SIM_IST/install/towing/share/towing//urdf/towing_core.xacro
[0.103s] -- Up-to-date symlink: /home/her/Documents/project/SIM_IST/install/towing/share/towing//config/joint_names_towing.yaml
[0.104s] -- Up-to-date symlink: /home/her/Documents/project/SIM_IST/install/towing/share/towing//models/towing/meshes/base_link.STL
[0.104s] -- Up-to-date symlink: /home/her/Documents/project/SIM_IST/install/towing/share/towing//models/towing/meshes/flwheel.STL
[0.104s] -- Up-to-date symlink: /home/her/Documents/project/SIM_IST/install/towing/share/towing//models/towing/meshes/frwheel.STL
[0.104s] -- Up-to-date symlink: /home/her/Documents/project/SIM_IST/install/towing/share/towing//models/towing/meshes/lftowwheel.STL
[0.104s] -- Up-to-date symlink: /home/her/Documents/project/SIM_IST/install/towing/share/towing//models/towing/meshes/lrtowwheel.STL
[0.104s] -- Up-to-date symlink: /home/her/Documents/project/SIM_IST/install/towing/share/towing//models/towing/meshes/ltowsteer.STL
[0.104s] -- Up-to-date symlink: /home/her/Documents/project/SIM_IST/install/towing/share/towing//models/towing/meshes/lwhell.STL
[0.104s] -- Up-to-date symlink: /home/her/Documents/project/SIM_IST/install/towing/share/towing//models/towing/meshes/rftowwheel.STL
[0.104s] -- Up-to-date symlink: /home/her/Documents/project/SIM_IST/install/towing/share/towing//models/towing/meshes/rrtowwheel.STL
[0.104s] -- Up-to-date symlink: /home/her/Documents/project/SIM_IST/install/towing/share/towing//models/towing/meshes/rtowsteer.STL
[0.104s] -- Up-to-date symlink: /home/her/Documents/project/SIM_IST/install/towing/share/towing//models/towing/meshes/rwheel.STL
[0.104s] -- Up-to-date symlink: /home/her/Documents/project/SIM_IST/install/towing/share/towing//models/towing/meshes/steer.STL
[0.105s] -- Up-to-date symlink: /home/her/Documents/project/SIM_IST/install/towing/share/towing//models/towing/meshes/tow.STL
[0.105s] -- Up-to-date symlink: /home/her/Documents/project/SIM_IST/install/towing/share/towing//models/towing/model.config
[0.105s] -- Up-to-date symlink: /home/her/Documents/project/SIM_IST/install/towing/share/towing//meshes/base_link.STL
[0.105s] -- Up-to-date symlink: /home/her/Documents/project/SIM_IST/install/towing/share/towing//meshes/flwheel.STL
[0.105s] -- Up-to-date symlink: /home/her/Documents/project/SIM_IST/install/towing/share/towing//meshes/frwheel.STL
[0.105s] -- Up-to-date symlink: /home/her/Documents/project/SIM_IST/install/towing/share/towing//meshes/lftowwheel.STL
[0.105s] -- Up-to-date symlink: /home/her/Documents/project/SIM_IST/install/towing/share/towing//meshes/lrtowwheel.STL
[0.105s] -- Up-to-date symlink: /home/her/Documents/project/SIM_IST/install/towing/share/towing//meshes/ltowsteer.STL
[0.106s] -- Up-to-date symlink: /home/her/Documents/project/SIM_IST/install/towing/share/towing//meshes/lwhell.STL
[0.106s] -- Up-to-date symlink: /home/her/Documents/project/SIM_IST/install/towing/share/towing//meshes/rftowwheel.STL
[0.106s] -- Up-to-date symlink: /home/her/Documents/project/SIM_IST/install/towing/share/towing//meshes/rrtowwheel.STL
[0.106s] -- Up-to-date symlink: /home/her/Documents/project/SIM_IST/install/towing/share/towing//meshes/rtowsteer.STL
[0.106s] -- Up-to-date symlink: /home/her/Documents/project/SIM_IST/install/towing/share/towing//meshes/rwheel.STL
[0.106s] -- Up-to-date symlink: /home/her/Documents/project/SIM_IST/install/towing/share/towing//meshes/steer.STL
[0.106s] -- Up-to-date symlink: /home/her/Documents/project/SIM_IST/install/towing/share/towing//meshes/tow.STL
[0.107s] -- Up-to-date symlink: /home/her/Documents/project/SIM_IST/install/towing/share/towing//urdf.rviz
[0.107s] -- Up-to-date symlink: /home/her/Documents/project/SIM_IST/install/towing/share/ament_index/resource_index/package_run_dependencies/towing
[0.107s] -- Up-to-date symlink: /home/her/Documents/project/SIM_IST/install/towing/share/ament_index/resource_index/parent_prefix_path/towing
[0.107s] -- Up-to-date symlink: /home/her/Documents/project/SIM_IST/install/towing/share/towing/environment/ament_prefix_path.sh
[0.107s] -- Up-to-date symlink: /home/her/Documents/project/SIM_IST/install/towing/share/towing/environment/ament_prefix_path.dsv
[0.107s] -- Up-to-date symlink: /home/her/Documents/project/SIM_IST/install/towing/share/towing/environment/path.sh
[0.107s] -- Up-to-date symlink: /home/her/Documents/project/SIM_IST/install/towing/share/towing/environment/path.dsv
[0.107s] -- Up-to-date symlink: /home/her/Documents/project/SIM_IST/install/towing/share/towing/local_setup.bash
[0.107s] -- Up-to-date symlink: /home/her/Documents/project/SIM_IST/install/towing/share/towing/local_setup.sh
[0.107s] -- Up-to-date symlink: /home/her/Documents/project/SIM_IST/install/towing/share/towing/local_setup.zsh
[0.108s] -- Up-to-date symlink: /home/her/Documents/project/SIM_IST/install/towing/share/towing/local_setup.dsv
[0.108s] -- Symlinking: /home/her/Documents/project/SIM_IST/install/towing/share/towing/package.dsv
[0.115s] -- Up-to-date symlink: /home/her/Documents/project/SIM_IST/install/towing/share/ament_index/resource_index/packages/towing
[0.115s] -- Up-to-date symlink: /home/her/Documents/project/SIM_IST/install/towing/share/towing/cmake/towingConfig.cmake
[0.115s] -- Up-to-date symlink: /home/her/Documents/project/SIM_IST/install/towing/share/towing/cmake/towingConfig-version.cmake
[0.115s] -- Up-to-date symlink: /home/her/Documents/project/SIM_IST/install/towing/share/towing/package.xml
[0.117s] Invoked command in '/home/her/Documents/project/SIM_IST/build/towing' returned '0': CMAKE_PREFIX_PATH=${CMAKE_PREFIX_PATH}:/opt/ros/humble DEBUGINFOD_URLS=https://debuginfod.archlinux.org PS1=\[\e[32m\]\u@\h\[\e[0m\]:\[\e[34m\]\w\[\e[0m\]$ /usr/bin/cmake --install /home/her/Documents/project/SIM_IST/build/towing
