[0.008s] Invoking command in '/home/her/Documents/project/SIM_IST/build/towing': CMAKE_PREFIX_PATH=${CMAKE_PREFIX_PATH}:/opt/ros/humble DEBUGINFOD_URLS=https://debuginfod.archlinux.org PS1=\[\e[32m\]\u@\h\[\e[0m\]:\[\e[34m\]\w\[\e[0m\]$ /usr/bin/cmake /home/her/Documents/project/SIM_IST/src/towing -DAMENT_CMAKE_SYMLINK_INSTALL=1 -DCMAKE_INSTALL_PREFIX=/home/her/Documents/project/SIM_IST/install/towing
[0.018s] -- Found ament_cmake: 1.3.12 (/opt/ros/humble/share/ament_cmake/cmake)
[0.101s] -- Override CMake install command with custom implementation using symlinks instead of copying resources
[0.107s] -- Found ament_lint_auto: 0.12.14 (/opt/ros/humble/share/ament_lint_auto/cmake)
[0.189s] -- Added test 'flake8' to check Python code syntax and style conventions
[0.190s] -- Added test 'lint_cmake' to check CMake code style
[0.190s] -- Added test 'pep257' to check Python code against some of the docstring style conventions in PEP 257
[0.192s] -- Added test 'xmllint' to check XML markup files
[0.193s] -- Configuring done
[0.195s] -- Generating done
[0.197s] -- Build files have been written to: /home/her/Documents/project/SIM_IST/build/towing
[0.200s] Invoked command in '/home/her/Documents/project/SIM_IST/build/towing' returned '0': CMAKE_PREFIX_PATH=${CMAKE_PREFIX_PATH}:/opt/ros/humble DEBUGINFOD_URLS=https://debuginfod.archlinux.org PS1=\[\e[32m\]\u@\h\[\e[0m\]:\[\e[34m\]\w\[\e[0m\]$ /usr/bin/cmake /home/her/Documents/project/SIM_IST/src/towing -DAMENT_CMAKE_SYMLINK_INSTALL=1 -DCMAKE_INSTALL_PREFIX=/home/her/Documents/project/SIM_IST/install/towing
[0.202s] Invoking command in '/home/her/Documents/project/SIM_IST/build/towing': CMAKE_PREFIX_PATH=${CMAKE_PREFIX_PATH}:/opt/ros/humble DEBUGINFOD_URLS=https://debuginfod.archlinux.org PS1=\[\e[32m\]\u@\h\[\e[0m\]:\[\e[34m\]\w\[\e[0m\]$ /usr/bin/cmake --build /home/her/Documents/project/SIM_IST/build/towing -- -j16 -l16
[0.232s] Invoked command in '/home/her/Documents/project/SIM_IST/build/towing' returned '0': CMAKE_PREFIX_PATH=${CMAKE_PREFIX_PATH}:/opt/ros/humble DEBUGINFOD_URLS=https://debuginfod.archlinux.org PS1=\[\e[32m\]\u@\h\[\e[0m\]:\[\e[34m\]\w\[\e[0m\]$ /usr/bin/cmake --build /home/her/Documents/project/SIM_IST/build/towing -- -j16 -l16
[0.242s] Invoking command in '/home/her/Documents/project/SIM_IST/build/towing': CMAKE_PREFIX_PATH=${CMAKE_PREFIX_PATH}:/opt/ros/humble DEBUGINFOD_URLS=https://debuginfod.archlinux.org PS1=\[\e[32m\]\u@\h\[\e[0m\]:\[\e[34m\]\w\[\e[0m\]$ /usr/bin/cmake --install /home/her/Documents/project/SIM_IST/build/towing
[0.247s] -- Install configuration: ""
[0.247s] -- Execute custom install script
[0.248s] -- Symlinking: /home/her/Documents/project/SIM_IST/install/towing/share/towing//launch/all.launch.py
[0.255s] -- Symlinking: /home/her/Documents/project/SIM_IST/install/towing/share/towing//launch/display.launch.py
[0.260s] -- Symlinking: /home/her/Documents/project/SIM_IST/install/towing/share/towing//launch/gazebo.launch.py
[0.268s] -- Symlinking: /home/her/Documents/project/SIM_IST/install/towing/share/towing//urdf/gazebo_plugin.xacro
[0.275s] -- Symlinking: /home/her/Documents/project/SIM_IST/install/towing/share/towing//urdf/gazebo_properties.xacro
[0.281s] -- Symlinking: /home/her/Documents/project/SIM_IST/install/towing/share/towing//urdf/towing.csv
[0.286s] -- Symlinking: /home/her/Documents/project/SIM_IST/install/towing/share/towing//urdf/towing.urdf.xacro
[0.292s] -- Symlinking: /home/her/Documents/project/SIM_IST/install/towing/share/towing//urdf/towing_core.xacro
[0.299s] -- Symlinking: /home/her/Documents/project/SIM_IST/install/towing/share/towing//config/joint_names_towing.yaml
[0.305s] -- Symlinking: /home/her/Documents/project/SIM_IST/install/towing/share/towing//models/towing/meshes/base_link.STL
[0.315s] -- Symlinking: /home/her/Documents/project/SIM_IST/install/towing/share/towing//models/towing/meshes/flwheel.STL
[0.321s] -- Symlinking: /home/her/Documents/project/SIM_IST/install/towing/share/towing//models/towing/meshes/frwheel.STL
[0.328s] -- Symlinking: /home/her/Documents/project/SIM_IST/install/towing/share/towing//models/towing/meshes/lftowwheel.STL
[0.334s] -- Symlinking: /home/her/Documents/project/SIM_IST/install/towing/share/towing//models/towing/meshes/lrtowwheel.STL
[0.340s] -- Symlinking: /home/her/Documents/project/SIM_IST/install/towing/share/towing//models/towing/meshes/ltowsteer.STL
[0.346s] -- Symlinking: /home/her/Documents/project/SIM_IST/install/towing/share/towing//models/towing/meshes/lwhell.STL
[0.354s] -- Symlinking: /home/her/Documents/project/SIM_IST/install/towing/share/towing//models/towing/meshes/rftowwheel.STL
[0.360s] -- Symlinking: /home/her/Documents/project/SIM_IST/install/towing/share/towing//models/towing/meshes/rrtowwheel.STL
[0.367s] -- Symlinking: /home/her/Documents/project/SIM_IST/install/towing/share/towing//models/towing/meshes/rtowsteer.STL
[0.374s] -- Symlinking: /home/her/Documents/project/SIM_IST/install/towing/share/towing//models/towing/meshes/rwheel.STL
[0.381s] -- Symlinking: /home/her/Documents/project/SIM_IST/install/towing/share/towing//models/towing/meshes/steer.STL
[0.387s] -- Symlinking: /home/her/Documents/project/SIM_IST/install/towing/share/towing//models/towing/meshes/tow.STL
[0.394s] -- Symlinking: /home/her/Documents/project/SIM_IST/install/towing/share/towing//models/towing/model.config
[0.402s] -- Symlinking: /home/her/Documents/project/SIM_IST/install/towing/share/towing//meshes/base_link.STL
[0.409s] -- Symlinking: /home/her/Documents/project/SIM_IST/install/towing/share/towing//meshes/flwheel.STL
[0.418s] -- Symlinking: /home/her/Documents/project/SIM_IST/install/towing/share/towing//meshes/frwheel.STL
[0.425s] -- Symlinking: /home/her/Documents/project/SIM_IST/install/towing/share/towing//meshes/lftowwheel.STL
[0.433s] -- Symlinking: /home/her/Documents/project/SIM_IST/install/towing/share/towing//meshes/lrtowwheel.STL
[0.441s] -- Symlinking: /home/her/Documents/project/SIM_IST/install/towing/share/towing//meshes/ltowsteer.STL
[0.448s] -- Symlinking: /home/her/Documents/project/SIM_IST/install/towing/share/towing//meshes/lwhell.STL
[0.454s] -- Symlinking: /home/her/Documents/project/SIM_IST/install/towing/share/towing//meshes/rftowwheel.STL
[0.461s] -- Symlinking: /home/her/Documents/project/SIM_IST/install/towing/share/towing//meshes/rrtowwheel.STL
[0.469s] -- Symlinking: /home/her/Documents/project/SIM_IST/install/towing/share/towing//meshes/rtowsteer.STL
[0.476s] -- Symlinking: /home/her/Documents/project/SIM_IST/install/towing/share/towing//meshes/rwheel.STL
[0.483s] -- Symlinking: /home/her/Documents/project/SIM_IST/install/towing/share/towing//meshes/steer.STL
[0.490s] -- Symlinking: /home/her/Documents/project/SIM_IST/install/towing/share/towing//meshes/tow.STL
[0.498s] -- Symlinking: /home/her/Documents/project/SIM_IST/install/towing/share/towing//urdf.rviz
[0.506s] -- Symlinking: /home/her/Documents/project/SIM_IST/install/towing/share/ament_index/resource_index/package_run_dependencies/towing
[0.515s] -- Symlinking: /home/her/Documents/project/SIM_IST/install/towing/share/ament_index/resource_index/parent_prefix_path/towing
[0.522s] -- Symlinking: /home/her/Documents/project/SIM_IST/install/towing/share/towing/environment/ament_prefix_path.sh
[0.530s] -- Symlinking: /home/her/Documents/project/SIM_IST/install/towing/share/towing/environment/ament_prefix_path.dsv
[0.536s] -- Symlinking: /home/her/Documents/project/SIM_IST/install/towing/share/towing/environment/path.sh
[0.543s] -- Symlinking: /home/her/Documents/project/SIM_IST/install/towing/share/towing/environment/path.dsv
[0.550s] -- Symlinking: /home/her/Documents/project/SIM_IST/install/towing/share/towing/local_setup.bash
[0.557s] -- Symlinking: /home/her/Documents/project/SIM_IST/install/towing/share/towing/local_setup.sh
[0.562s] -- Symlinking: /home/her/Documents/project/SIM_IST/install/towing/share/towing/local_setup.zsh
[0.568s] -- Symlinking: /home/her/Documents/project/SIM_IST/install/towing/share/towing/local_setup.dsv
[0.573s] -- Symlinking: /home/her/Documents/project/SIM_IST/install/towing/share/towing/package.dsv
[0.580s] -- Symlinking: /home/her/Documents/project/SIM_IST/install/towing/share/ament_index/resource_index/packages/towing
[0.587s] -- Symlinking: /home/her/Documents/project/SIM_IST/install/towing/share/towing/cmake/towingConfig.cmake
[0.595s] -- Symlinking: /home/her/Documents/project/SIM_IST/install/towing/share/towing/cmake/towingConfig-version.cmake
[0.601s] -- Symlinking: /home/her/Documents/project/SIM_IST/install/towing/share/towing/package.xml
[0.611s] Invoked command in '/home/her/Documents/project/SIM_IST/build/towing' returned '0': CMAKE_PREFIX_PATH=${CMAKE_PREFIX_PATH}:/opt/ros/humble DEBUGINFOD_URLS=https://debuginfod.archlinux.org PS1=\[\e[32m\]\u@\h\[\e[0m\]:\[\e[34m\]\w\[\e[0m\]$ /usr/bin/cmake --install /home/her/Documents/project/SIM_IST/build/towing
