[0.019s] Invoking command in '/home/her/Documents/project/SIM_IST/build/towing': CMAKE_PREFIX_PATH=${CMAKE_PREFIX_PATH}:/opt/ros/humble DEBUGINFOD_URLS=https://debuginfod.archlinux.org PS1=\[\e[32m\]\u@\h\[\e[0m\]:\[\e[34m\]\w\[\e[0m\]$ /usr/bin/cmake /home/her/Documents/project/SIM_IST/src/towing -DCMAKE_INSTALL_PREFIX=/home/her/Documents/project/SIM_IST/install/towing
[0.196s] -- The C compiler identification is GNU 11.4.0
[0.267s] -- The CXX compiler identification is GNU 11.4.0
[0.277s] -- Detecting C compiler ABI info
[0.393s] -- Detecting C compiler ABI info - done
[0.402s] -- Check for working C compiler: /usr/bin/cc - skipped
[0.403s] -- Detecting C compile features
[0.404s] -- Detecting C compile features - done
[0.406s] -- Detecting CXX compiler ABI info
[0.473s] -- Detecting CXX compiler ABI info - done
[0.478s] -- Check for working CXX compiler: /usr/bin/c++ - skipped
[0.479s] -- Detecting CXX compile features
[0.479s] -- Detecting CXX compile features - done
[0.485s] -- Found ament_cmake: 1.3.12 (/opt/ros/humble/share/ament_cmake/cmake)
[0.604s] -- Found Python3: /usr/bin/python3 (found version "3.10.12") found components: Interpreter 
[0.693s] -- Found ament_lint_auto: 0.12.14 (/opt/ros/humble/share/ament_lint_auto/cmake)
[0.813s] -- Added test 'flake8' to check Python code syntax and style conventions
[0.814s] -- Added test 'lint_cmake' to check CMake code style
[0.814s] -- Added test 'pep257' to check Python code against some of the docstring style conventions in PEP 257
[0.817s] -- Added test 'xmllint' to check XML markup files
[0.818s] -- Configuring done
[0.822s] -- Generating done
[0.823s] -- Build files have been written to: /home/her/Documents/project/SIM_IST/build/towing
[0.828s] Invoked command in '/home/her/Documents/project/SIM_IST/build/towing' returned '0': CMAKE_PREFIX_PATH=${CMAKE_PREFIX_PATH}:/opt/ros/humble DEBUGINFOD_URLS=https://debuginfod.archlinux.org PS1=\[\e[32m\]\u@\h\[\e[0m\]:\[\e[34m\]\w\[\e[0m\]$ /usr/bin/cmake /home/her/Documents/project/SIM_IST/src/towing -DCMAKE_INSTALL_PREFIX=/home/her/Documents/project/SIM_IST/install/towing
[0.830s] Invoking command in '/home/her/Documents/project/SIM_IST/build/towing': CMAKE_PREFIX_PATH=${CMAKE_PREFIX_PATH}:/opt/ros/humble DEBUGINFOD_URLS=https://debuginfod.archlinux.org PS1=\[\e[32m\]\u@\h\[\e[0m\]:\[\e[34m\]\w\[\e[0m\]$ /usr/bin/cmake --build /home/her/Documents/project/SIM_IST/build/towing -- -j16 -l16
[0.864s] Invoked command in '/home/her/Documents/project/SIM_IST/build/towing' returned '0': CMAKE_PREFIX_PATH=${CMAKE_PREFIX_PATH}:/opt/ros/humble DEBUGINFOD_URLS=https://debuginfod.archlinux.org PS1=\[\e[32m\]\u@\h\[\e[0m\]:\[\e[34m\]\w\[\e[0m\]$ /usr/bin/cmake --build /home/her/Documents/project/SIM_IST/build/towing -- -j16 -l16
[0.873s] Invoking command in '/home/her/Documents/project/SIM_IST/build/towing': CMAKE_PREFIX_PATH=${CMAKE_PREFIX_PATH}:/opt/ros/humble DEBUGINFOD_URLS=https://debuginfod.archlinux.org PS1=\[\e[32m\]\u@\h\[\e[0m\]:\[\e[34m\]\w\[\e[0m\]$ /usr/bin/cmake --install /home/her/Documents/project/SIM_IST/build/towing
[0.881s] -- Install configuration: ""
[0.881s] -- Installing: /home/her/Documents/project/SIM_IST/install/towing/share/towing//launch
[0.881s] -- Installing: /home/her/Documents/project/SIM_IST/install/towing/share/towing//launch/display.launch.py
[0.881s] -- Installing: /home/her/Documents/project/SIM_IST/install/towing/share/towing//launch/gazebo.launch.py
[0.921s] -- Installing: /home/her/Documents/project/SIM_IST/install/towing/share/towing//launch/all.launch.py
[0.922s] -- Installing: /home/her/Documents/project/SIM_IST/install/towing/share/towing//urdf
[0.922s] -- Installing: /home/her/Documents/project/SIM_IST/install/towing/share/towing//urdf/towing.csv
[0.922s] -- Installing: /home/her/Documents/project/SIM_IST/install/towing/share/towing//urdf/towing.urdf.xacro
[0.922s] -- Installing: /home/her/Documents/project/SIM_IST/install/towing/share/towing//urdf/gazebo_properties.xacro
[0.922s] -- Installing: /home/her/Documents/project/SIM_IST/install/towing/share/towing//urdf/gazebo_plugin.xacro
[0.922s] -- Installing: /home/her/Documents/project/SIM_IST/install/towing/share/towing//urdf/towing_core.xacro
[0.922s] -- Installing: /home/her/Documents/project/SIM_IST/install/towing/share/towing//config
[0.922s] -- Installing: /home/her/Documents/project/SIM_IST/install/towing/share/towing//config/joint_names_towing.yaml
[0.923s] -- Installing: /home/her/Documents/project/SIM_IST/install/towing/share/towing//models
[0.923s] -- Installing: /home/her/Documents/project/SIM_IST/install/towing/share/towing//models/towing
[0.923s] -- Installing: /home/her/Documents/project/SIM_IST/install/towing/share/towing//models/towing/meshes
[0.923s] -- Installing: /home/her/Documents/project/SIM_IST/install/towing/share/towing//models/towing/meshes/base_link.STL
[0.923s] -- Installing: /home/her/Documents/project/SIM_IST/install/towing/share/towing//models/towing/meshes/flwheel.STL
[0.923s] -- Installing: /home/her/Documents/project/SIM_IST/install/towing/share/towing//models/towing/meshes/frwheel.STL
[0.923s] -- Installing: /home/her/Documents/project/SIM_IST/install/towing/share/towing//models/towing/meshes/lftowwheel.STL
[0.923s] -- Installing: /home/her/Documents/project/SIM_IST/install/towing/share/towing//models/towing/meshes/lrtowwheel.STL
[0.923s] -- Installing: /home/her/Documents/project/SIM_IST/install/towing/share/towing//models/towing/meshes/ltowsteer.STL
[0.923s] -- Installing: /home/her/Documents/project/SIM_IST/install/towing/share/towing//models/towing/meshes/lwhell.STL
[0.923s] -- Installing: /home/her/Documents/project/SIM_IST/install/towing/share/towing//models/towing/meshes/rftowwheel.STL
[0.923s] -- Installing: /home/her/Documents/project/SIM_IST/install/towing/share/towing//models/towing/meshes/rrtowwheel.STL
[0.923s] -- Installing: /home/her/Documents/project/SIM_IST/install/towing/share/towing//models/towing/meshes/rtowsteer.STL
[0.924s] -- Installing: /home/her/Documents/project/SIM_IST/install/towing/share/towing//models/towing/meshes/rwheel.STL
[0.924s] -- Installing: /home/her/Documents/project/SIM_IST/install/towing/share/towing//models/towing/meshes/steer.STL
[0.924s] -- Installing: /home/her/Documents/project/SIM_IST/install/towing/share/towing//models/towing/meshes/tow.STL
[0.924s] -- Installing: /home/her/Documents/project/SIM_IST/install/towing/share/towing//models/towing/model.config
[0.924s] -- Installing: /home/her/Documents/project/SIM_IST/install/towing/share/towing//meshes
[0.924s] -- Installing: /home/her/Documents/project/SIM_IST/install/towing/share/towing//meshes/base_link.STL
[0.924s] -- Installing: /home/her/Documents/project/SIM_IST/install/towing/share/towing//meshes/flwheel.STL
[0.924s] -- Installing: /home/her/Documents/project/SIM_IST/install/towing/share/towing//meshes/frwheel.STL
[0.924s] -- Installing: /home/her/Documents/project/SIM_IST/install/towing/share/towing//meshes/lftowwheel.STL
[0.924s] -- Installing: /home/her/Documents/project/SIM_IST/install/towing/share/towing//meshes/lrtowwheel.STL
[0.924s] -- Installing: /home/her/Documents/project/SIM_IST/install/towing/share/towing//meshes/ltowsteer.STL
[0.924s] -- Installing: /home/her/Documents/project/SIM_IST/install/towing/share/towing//meshes/lwhell.STL
[0.925s] -- Installing: /home/her/Documents/project/SIM_IST/install/towing/share/towing//meshes/rftowwheel.STL
[0.925s] -- Installing: /home/her/Documents/project/SIM_IST/install/towing/share/towing//meshes/rrtowwheel.STL
[0.925s] -- Installing: /home/her/Documents/project/SIM_IST/install/towing/share/towing//meshes/rtowsteer.STL
[0.925s] -- Installing: /home/her/Documents/project/SIM_IST/install/towing/share/towing//meshes/rwheel.STL
[0.925s] -- Installing: /home/her/Documents/project/SIM_IST/install/towing/share/towing//meshes/steer.STL
[0.926s] -- Installing: /home/her/Documents/project/SIM_IST/install/towing/share/towing//meshes/tow.STL
[0.926s] -- Installing: /home/her/Documents/project/SIM_IST/install/towing/share/towing/urdf.rviz
[0.927s] -- Installing: /home/her/Documents/project/SIM_IST/install/towing/share/ament_index/resource_index/package_run_dependencies/towing
[0.927s] -- Installing: /home/her/Documents/project/SIM_IST/install/towing/share/ament_index/resource_index/parent_prefix_path/towing
[0.927s] -- Installing: /home/her/Documents/project/SIM_IST/install/towing/share/towing/environment/ament_prefix_path.sh
[0.927s] -- Installing: /home/her/Documents/project/SIM_IST/install/towing/share/towing/environment/ament_prefix_path.dsv
[0.927s] -- Installing: /home/her/Documents/project/SIM_IST/install/towing/share/towing/environment/path.sh
[0.928s] -- Installing: /home/her/Documents/project/SIM_IST/install/towing/share/towing/environment/path.dsv
[0.928s] -- Installing: /home/her/Documents/project/SIM_IST/install/towing/share/towing/local_setup.bash
[0.928s] -- Installing: /home/her/Documents/project/SIM_IST/install/towing/share/towing/local_setup.sh
[0.928s] -- Installing: /home/her/Documents/project/SIM_IST/install/towing/share/towing/local_setup.zsh
[0.928s] -- Installing: /home/her/Documents/project/SIM_IST/install/towing/share/towing/local_setup.dsv
[0.928s] -- Installing: /home/her/Documents/project/SIM_IST/install/towing/share/towing/package.dsv
[0.928s] -- Installing: /home/her/Documents/project/SIM_IST/install/towing/share/ament_index/resource_index/packages/towing
[0.928s] -- Installing: /home/her/Documents/project/SIM_IST/install/towing/share/towing/cmake/towingConfig.cmake
[0.929s] -- Installing: /home/her/Documents/project/SIM_IST/install/towing/share/towing/cmake/towingConfig-version.cmake
[0.929s] -- Installing: /home/her/Documents/project/SIM_IST/install/towing/share/towing/package.xml
[0.931s] Invoked command in '/home/her/Documents/project/SIM_IST/build/towing' returned '0': CMAKE_PREFIX_PATH=${CMAKE_PREFIX_PATH}:/opt/ros/humble DEBUGINFOD_URLS=https://debuginfod.archlinux.org PS1=\[\e[32m\]\u@\h\[\e[0m\]:\[\e[34m\]\w\[\e[0m\]$ /usr/bin/cmake --install /home/her/Documents/project/SIM_IST/build/towing
