[0.000000] (-) TimerEvent: {}
[0.000496] (towing) JobQueued: {'identifier': 'towing', 'dependencies': OrderedDict()}
[0.000601] (towing) JobStarted: {'identifier': 'towing'}
[0.008023] (towing) JobProgress: {'identifier': 'towing', 'progress': 'cmake'}
[0.008690] (towing) JobProgress: {'identifier': 'towing', 'progress': 'build'}
[0.009516] (towing) Command: {'cmd': ['/usr/bin/cmake', '--build', '/home/her/Documents/project/SIM_IST/build/towing', '--', '-j16', '-l16'], 'cwd': '/home/her/Documents/project/SIM_IST/build/towing', 'env': OrderedDict([('PROFILEHOME', ''), ('MCFLY_RESULTS_SORT', 'LAST_RUN'), ('KDE_FULL_SESSION', 'true'), ('MAIL', '/var/spool/mail/her'), ('LANGUAGE', ''), ('USER', 'her'), ('PAM_KWALLET5_LOGIN', '/run/user/1000/kwallet5.socket'), ('LC_TIME', 'en_US.UTF-8'), ('STARSHIP_SHELL', 'fish'), ('HOSTNAME', 'her-14AHP9'), ('XDG_SESSION_TYPE', 'wayland'), ('MCFLY_INTERFACE_VIEW', 'BOTTOM'), ('MCFLY_HISTFILE', '/home/her/.zhistory'), ('KONSOLE_VERSION', '251201'), ('XDG_CACHE_HOME', '/home/her/.cache'), ('QT_WAYLAND_RECONNECT', '1'), ('SHLVL', '5'), ('LD_LIBRARY_PATH', '/usr/lib/x86_64-linux-gnu/gazebo-11/plugins:/opt/ros/humble/opt/rviz_ogre_vendor/lib:/opt/ros/humble/lib/x86_64-linux-gnu:/opt/ros/humble/lib'), ('BROWSER', 'firedragon'), ('MOTD_SHOWN', 'pam'), ('HOME', '/home/her'), ('MCFLY_HISTORY', '/dev/null'), ('MCFLY_RESULTS', '20'), ('MOZ_ENABLE_WAYLAND', '1'), ('KDE_APPLICATIONS_AS_SCOPE', '1'), ('OLDPWD', '/home/her'), ('DESKTOP_SESSION', 'plasma'), ('AMD_VULKAN_ICD', 'RADV'), ('MANROFFOPT', '-c'), ('ROS_PYTHON_VERSION', '3'), ('GTK_RC_FILES', '/etc/gtk/gtkrc:/home/her/.gtkrc:/home/her/.config/gtkrc'), ('KDE_SESSION_VERSION', '6'), ('PS1', '\\[\\e[32m\\]\\u@\\h\\[\\e[0m\\]:\\[\\e[34m\\]\\w\\[\\e[0m\\]$'), ('LC_MONETARY', 'en_US.UTF-8'), ('KONSOLE_DBUS_SESSION', '/Sessions/1'), ('MANAGERPID', '1395'), ('DISTROBOX_ENTER_PATH', '/usr/bin/distrobox-enter'), ('SYSTEMD_EXEC_PID', '2010'), ('VISUAL', 'kate'), ('XDG_STATE_HOME', '/home/her/.local/state'), ('DBUS_SESSION_BUS_ADDRESS', 'unix:path=/run/user/1000/bus'), ('COLORTERM', 'truecolor'), ('container', 'sudo podman'), ('KONSOLE_DBUS_ACTIVATION_COOKIE', 'PfCqUJU7mYDAFj7xG4QKg7pbSBLbJEs1ziXPnmrusgE='), ('MCFLY_HISTORY_FORMAT', 'zsh'), ('KONSOLE_DBUS_WINDOW', '/Windows/1'), ('DEBUGINFOD_URLS', 'https://debuginfod.archlinux.org'), ('WAYLAND_DISPLAY', 'wayland-0'), ('COLCON_PREFIX_PATH', '/home/her/Documents/project/SIM_IST/install:/home/her/turtlebot3_ws/install'), ('XKB_DEFAULT_LAYOUT', 'us'), ('ROS_DISTRO', 'humble'), ('LOGNAME', 'her'), ('WINDOWID', '94815607347152'), ('MANAGERPIDFDID', '1396'), ('JOURNAL_STREAM', '9:31941'), ('_', '/usr/bin/colcon'), ('ROS_VERSION', '2'), ('MEMORY_PRESSURE_WATCH', '/sys/fs/cgroup/user.slice/user-1000.slice/user@1000.service/app.slice/app-org.kde.plasma\\x2dfallback\\x2dsession\\x2drestore@autostart.service/memory.pressure'), ('XDG_SESSION_CLASS', 'user'), ('COLORFGBG', '15;0'), ('TERMINFO_DIRS', '/usr/share/terminfo:/run/host/usr/share/terminfo'), ('TERM', 'xterm-256color'), ('XDG_SESSION_ID', '2'), ('ROS_LOCALHOST_ONLY', '0'), ('GTK2_RC_FILES', '/etc/gtk-2.0/gtkrc:/home/her/.gtkrc-2.0:/home/her/.config/gtkrc-2.0'), ('PATH', '/opt/ros/humble/bin:/home/her/.local/bin:/home/her/.cargo/bin:/usr/local/sbin:/usr/local/bin:/usr/bin:/usr/bin/site_perl:/usr/bin/vendor_perl:/usr/bin/core_perl:/usr/local/sbin:/usr/local/bin:/usr/sbin:/usr/bin:/sbin:/bin:/usr/sbin:/sbin:/bin'), ('SESSION_MANAGER', 'local/her-14AHP9:@/tmp/.ICE-unix/1721,unix/her-14AHP9:/tmp/.ICE-unix/1721'), ('INVOCATION_ID', 'c3d90562b9834c75aba63459c67e3912'), ('XDG_SESSION_PATH', '/org/freedesktop/DisplayManager/Session1'), ('XDG_MENU_PREFIX', 'plasma-'), ('LC_ADDRESS', 'en_US.UTF-8'), ('XDG_RUNTIME_DIR', '/run/user/1000'), ('ICEAUTHORITY', '/run/user/1000/iceauth_CnrPmg'), ('DISPLAY', ':1'), ('MCFLY_FUZZY', 'true'), ('LANG', 'en_US.UTF-8'), ('XDG_CURRENT_DESKTOP', 'KDE'), ('LC_TELEPHONE', 'en_US.UTF-8'), ('XDG_DATA_HOME', '/home/her/.local/share'), ('XDG_CONFIG_HOME', '/home/her/.config'), ('XDG_SESSION_DESKTOP', 'KDE'), ('XAUTHORITY', '/run/user/1000/xauth_aHBykp'), ('ICAST_DIR', '/home/her/SDK/ICAST'), ('MANPAGER', "sh -c 'col -bx | bat -l man -p'"), ('AMENT_PREFIX_PATH', '/home/her/Documents/project/SIM_IST/install/towing:/home/her/turtlebot3_ws/install/turtlebot3_simulations:/home/her/turtlebot3_ws/install/turtlebot3_gazebo:/home/her/turtlebot3_ws/install/turtlebot3_fake_node:/opt/ros/humble'), ('SHELL', '/usr/bin/bash'), ('LC_NAME', 'en_US.UTF-8'), ('KONSOLE_DBUS_SERVICE', ':1.50'), ('LC_MEASUREMENT', 'en_US.UTF-8'), ('LC_IDENTIFICATION', 'en_US.UTF-8'), ('PWD', '/home/her/Documents/project/SIM_IST/build/towing'), ('MCFLY_SESSION_ID', 'u2uldFfigG6XNqPKMBGNHawj'), ('CONTAINER_ID', 'ubuntu22'), ('QT_QPA_PLATFORM', 'xcb'), ('TURTLEBOT3_MODEL', 'burger'), ('XDG_CONFIG_DIRS', '/home/her/.config/kdedefaults:/etc/xdg'), ('PYLON_ROOT', '/opt/pylon'), ('XDG_DATA_DIRS', '/usr/local/share:/usr/share'), ('STARSHIP_SESSION_KEY', '1473129513255778'), ('PYTHONPATH', '/opt/ros/humble/lib/python3.10/site-packages:/opt/ros/humble/local/lib/python3.10/dist-packages'), ('LC_NUMERIC', 'en_US.UTF-8'), ('LC_PAPER', 'en_US.UTF-8'), ('KDE_SESSION_UID', '1000'), ('GTK_USE_PORTAL', '1'), ('COLCON', '1'), ('MEMORY_PRESSURE_WRITE', 'c29tZSAyMDAwMDAgMjAwMDAwMAA='), ('GENICAM_GENTL64_PATH', ':/opt/pylon/lib/gentlproducer/gtl:/opt/pylon/lib/pylonCXP/bin/'), ('EDITOR', '/usr/bin/micro'), ('CMAKE_PREFIX_PATH', '/home/her/Documents/project/SIM_IST/install/towing:/home/her/turtlebot3_ws/install/turtlebot3_simulations:/home/her/turtlebot3_ws/install/turtlebot3_gazebo:/home/her/turtlebot3_ws/install/turtlebot3_fake_node:/opt/ros/humble')]), 'shell': False}
[0.099810] (-) TimerEvent: {}
[0.100120] (towing) StdoutLine: {'line': b'\x1b[35m\x1b[1mConsolidate compiler generated dependencies of target towing_controller\x1b[0m\n'}
[0.156299] (towing) StdoutLine: {'line': b'[ 50%] \x1b[32mBuilding CXX object CMakeFiles/towing_controller.dir/src/towing_controller.cpp.o\x1b[0m\n'}
[0.199945] (-) TimerEvent: {}
[0.300299] (-) TimerEvent: {}
[0.400651] (-) TimerEvent: {}
[0.500981] (-) TimerEvent: {}
[0.601305] (-) TimerEvent: {}
[0.701643] (-) TimerEvent: {}
[0.802011] (-) TimerEvent: {}
[0.902429] (-) TimerEvent: {}
[1.002753] (-) TimerEvent: {}
[1.103143] (-) TimerEvent: {}
[1.203487] (-) TimerEvent: {}
[1.303770] (-) TimerEvent: {}
[1.404076] (-) TimerEvent: {}
[1.504367] (-) TimerEvent: {}
[1.604659] (-) TimerEvent: {}
[1.705035] (-) TimerEvent: {}
[1.805423] (-) TimerEvent: {}
[1.905804] (-) TimerEvent: {}
[2.006149] (-) TimerEvent: {}
[2.106537] (-) TimerEvent: {}
[2.207006] (-) TimerEvent: {}
[2.307425] (-) TimerEvent: {}
[2.407823] (-) TimerEvent: {}
[2.508193] (-) TimerEvent: {}
[2.608503] (-) TimerEvent: {}
[2.708885] (-) TimerEvent: {}
[2.809310] (-) TimerEvent: {}
[2.909713] (-) TimerEvent: {}
[3.010023] (-) TimerEvent: {}
[3.110397] (-) TimerEvent: {}
[3.210720] (-) TimerEvent: {}
[3.311154] (-) TimerEvent: {}
[3.411504] (-) TimerEvent: {}
[3.511849] (-) TimerEvent: {}
[3.612180] (-) TimerEvent: {}
[3.712531] (-) TimerEvent: {}
[3.812878] (-) TimerEvent: {}
[3.913343] (-) TimerEvent: {}
[4.013793] (-) TimerEvent: {}
[4.114153] (-) TimerEvent: {}
[4.214603] (-) TimerEvent: {}
[4.314989] (-) TimerEvent: {}
[4.415416] (-) TimerEvent: {}
[4.515794] (-) TimerEvent: {}
[4.616154] (-) TimerEvent: {}
[4.716486] (-) TimerEvent: {}
[4.816865] (-) TimerEvent: {}
[4.917213] (-) TimerEvent: {}
[5.017595] (-) TimerEvent: {}
[5.117987] (-) TimerEvent: {}
[5.218373] (-) TimerEvent: {}
[5.318754] (-) TimerEvent: {}
[5.419101] (-) TimerEvent: {}
[5.519442] (-) TimerEvent: {}
[5.619748] (-) TimerEvent: {}
[5.720079] (-) TimerEvent: {}
[5.820425] (-) TimerEvent: {}
[5.920777] (-) TimerEvent: {}
[6.021139] (-) TimerEvent: {}
[6.121504] (-) TimerEvent: {}
[6.221852] (-) TimerEvent: {}
[6.322216] (-) TimerEvent: {}
[6.422578] (-) TimerEvent: {}
[6.522918] (-) TimerEvent: {}
[6.623272] (-) TimerEvent: {}
[6.723612] (-) TimerEvent: {}
[6.823960] (-) TimerEvent: {}
[6.924282] (-) TimerEvent: {}
[7.024639] (-) TimerEvent: {}
[7.125001] (-) TimerEvent: {}
[7.225351] (-) TimerEvent: {}
[7.325748] (-) TimerEvent: {}
[7.426159] (-) TimerEvent: {}
[7.526561] (-) TimerEvent: {}
[7.626925] (-) TimerEvent: {}
[7.727224] (-) TimerEvent: {}
[7.827524] (-) TimerEvent: {}
[7.927862] (-) TimerEvent: {}
[8.028126] (-) TimerEvent: {}
[8.128472] (-) TimerEvent: {}
[8.228857] (-) TimerEvent: {}
[8.329240] (-) TimerEvent: {}
[8.429616] (-) TimerEvent: {}
[8.529953] (-) TimerEvent: {}
[8.630306] (-) TimerEvent: {}
[8.730639] (-) TimerEvent: {}
[8.830979] (-) TimerEvent: {}
[8.931385] (-) TimerEvent: {}
[9.031728] (-) TimerEvent: {}
[9.132077] (-) TimerEvent: {}
[9.232364] (-) TimerEvent: {}
[9.332699] (-) TimerEvent: {}
[9.433090] (-) TimerEvent: {}
[9.533384] (-) TimerEvent: {}
[9.633713] (-) TimerEvent: {}
[9.734019] (-) TimerEvent: {}
[9.834364] (-) TimerEvent: {}
[9.934726] (-) TimerEvent: {}
[10.035064] (-) TimerEvent: {}
[10.135383] (-) TimerEvent: {}
[10.235743] (-) TimerEvent: {}
[10.336134] (-) TimerEvent: {}
[10.436551] (-) TimerEvent: {}
[10.536993] (-) TimerEvent: {}
[10.637340] (-) TimerEvent: {}
[10.737661] (-) TimerEvent: {}
[10.838041] (-) TimerEvent: {}
[10.938655] (-) TimerEvent: {}
[11.039215] (-) TimerEvent: {}
[11.139601] (-) TimerEvent: {}
[11.239910] (-) TimerEvent: {}
[11.340295] (-) TimerEvent: {}
[11.440679] (-) TimerEvent: {}
[11.541088] (-) TimerEvent: {}
[11.641477] (-) TimerEvent: {}
[11.741848] (-) TimerEvent: {}
[11.842188] (-) TimerEvent: {}
[11.942543] (-) TimerEvent: {}
[12.042866] (-) TimerEvent: {}
[12.143230] (-) TimerEvent: {}
[12.243549] (-) TimerEvent: {}
[12.343971] (-) TimerEvent: {}
[12.444385] (-) TimerEvent: {}
[12.544737] (-) TimerEvent: {}
[12.645144] (-) TimerEvent: {}
[12.745526] (-) TimerEvent: {}
[12.845925] (-) TimerEvent: {}
[12.946351] (-) TimerEvent: {}
[13.046776] (-) TimerEvent: {}
[13.147182] (-) TimerEvent: {}
[13.247601] (-) TimerEvent: {}
[13.347984] (-) TimerEvent: {}
[13.369796] (towing) StdoutLine: {'line': b'[100%] \x1b[32m\x1b[1mLinking CXX shared library libtowing_controller.so\x1b[0m\n'}
[13.448134] (-) TimerEvent: {}
[13.548569] (-) TimerEvent: {}
[13.649016] (-) TimerEvent: {}
[13.749369] (-) TimerEvent: {}
[13.849727] (-) TimerEvent: {}
[13.933926] (towing) StdoutLine: {'line': b'[100%] Built target towing_controller\n'}
[13.946284] (towing) CommandEnded: {'returncode': 0}
[13.947089] (towing) JobProgress: {'identifier': 'towing', 'progress': 'install'}
[13.949784] (-) TimerEvent: {}
[13.955083] (towing) Command: {'cmd': ['/usr/bin/cmake', '--install', '/home/her/Documents/project/SIM_IST/build/towing'], 'cwd': '/home/her/Documents/project/SIM_IST/build/towing', 'env': OrderedDict([('PROFILEHOME', ''), ('MCFLY_RESULTS_SORT', 'LAST_RUN'), ('KDE_FULL_SESSION', 'true'), ('MAIL', '/var/spool/mail/her'), ('LANGUAGE', ''), ('USER', 'her'), ('PAM_KWALLET5_LOGIN', '/run/user/1000/kwallet5.socket'), ('LC_TIME', 'en_US.UTF-8'), ('STARSHIP_SHELL', 'fish'), ('HOSTNAME', 'her-14AHP9'), ('XDG_SESSION_TYPE', 'wayland'), ('MCFLY_INTERFACE_VIEW', 'BOTTOM'), ('MCFLY_HISTFILE', '/home/her/.zhistory'), ('KONSOLE_VERSION', '251201'), ('XDG_CACHE_HOME', '/home/her/.cache'), ('QT_WAYLAND_RECONNECT', '1'), ('SHLVL', '5'), ('LD_LIBRARY_PATH', '/usr/lib/x86_64-linux-gnu/gazebo-11/plugins:/opt/ros/humble/opt/rviz_ogre_vendor/lib:/opt/ros/humble/lib/x86_64-linux-gnu:/opt/ros/humble/lib'), ('BROWSER', 'firedragon'), ('MOTD_SHOWN', 'pam'), ('HOME', '/home/her'), ('MCFLY_HISTORY', '/dev/null'), ('MCFLY_RESULTS', '20'), ('MOZ_ENABLE_WAYLAND', '1'), ('KDE_APPLICATIONS_AS_SCOPE', '1'), ('OLDPWD', '/home/her'), ('DESKTOP_SESSION', 'plasma'), ('AMD_VULKAN_ICD', 'RADV'), ('MANROFFOPT', '-c'), ('ROS_PYTHON_VERSION', '3'), ('GTK_RC_FILES', '/etc/gtk/gtkrc:/home/her/.gtkrc:/home/her/.config/gtkrc'), ('KDE_SESSION_VERSION', '6'), ('PS1', '\\[\\e[32m\\]\\u@\\h\\[\\e[0m\\]:\\[\\e[34m\\]\\w\\[\\e[0m\\]$'), ('LC_MONETARY', 'en_US.UTF-8'), ('KONSOLE_DBUS_SESSION', '/Sessions/1'), ('MANAGERPID', '1395'), ('DISTROBOX_ENTER_PATH', '/usr/bin/distrobox-enter'), ('SYSTEMD_EXEC_PID', '2010'), ('VISUAL', 'kate'), ('XDG_STATE_HOME', '/home/her/.local/state'), ('DBUS_SESSION_BUS_ADDRESS', 'unix:path=/run/user/1000/bus'), ('COLORTERM', 'truecolor'), ('container', 'sudo podman'), ('KONSOLE_DBUS_ACTIVATION_COOKIE', 'PfCqUJU7mYDAFj7xG4QKg7pbSBLbJEs1ziXPnmrusgE='), ('MCFLY_HISTORY_FORMAT', 'zsh'), ('KONSOLE_DBUS_WINDOW', '/Windows/1'), ('DEBUGINFOD_URLS', 'https://debuginfod.archlinux.org'), ('WAYLAND_DISPLAY', 'wayland-0'), ('COLCON_PREFIX_PATH', '/home/her/Documents/project/SIM_IST/install:/home/her/turtlebot3_ws/install'), ('XKB_DEFAULT_LAYOUT', 'us'), ('ROS_DISTRO', 'humble'), ('LOGNAME', 'her'), ('WINDOWID', '94815607347152'), ('MANAGERPIDFDID', '1396'), ('JOURNAL_STREAM', '9:31941'), ('_', '/usr/bin/colcon'), ('ROS_VERSION', '2'), ('MEMORY_PRESSURE_WATCH', '/sys/fs/cgroup/user.slice/user-1000.slice/user@1000.service/app.slice/app-org.kde.plasma\\x2dfallback\\x2dsession\\x2drestore@autostart.service/memory.pressure'), ('XDG_SESSION_CLASS', 'user'), ('COLORFGBG', '15;0'), ('TERMINFO_DIRS', '/usr/share/terminfo:/run/host/usr/share/terminfo'), ('TERM', 'xterm-256color'), ('XDG_SESSION_ID', '2'), ('ROS_LOCALHOST_ONLY', '0'), ('GTK2_RC_FILES', '/etc/gtk-2.0/gtkrc:/home/her/.gtkrc-2.0:/home/her/.config/gtkrc-2.0'), ('PATH', '/opt/ros/humble/bin:/home/her/.local/bin:/home/her/.cargo/bin:/usr/local/sbin:/usr/local/bin:/usr/bin:/usr/bin/site_perl:/usr/bin/vendor_perl:/usr/bin/core_perl:/usr/local/sbin:/usr/local/bin:/usr/sbin:/usr/bin:/sbin:/bin:/usr/sbin:/sbin:/bin'), ('SESSION_MANAGER', 'local/her-14AHP9:@/tmp/.ICE-unix/1721,unix/her-14AHP9:/tmp/.ICE-unix/1721'), ('INVOCATION_ID', 'c3d90562b9834c75aba63459c67e3912'), ('XDG_SESSION_PATH', '/org/freedesktop/DisplayManager/Session1'), ('XDG_MENU_PREFIX', 'plasma-'), ('LC_ADDRESS', 'en_US.UTF-8'), ('XDG_RUNTIME_DIR', '/run/user/1000'), ('ICEAUTHORITY', '/run/user/1000/iceauth_CnrPmg'), ('DISPLAY', ':1'), ('MCFLY_FUZZY', 'true'), ('LANG', 'en_US.UTF-8'), ('XDG_CURRENT_DESKTOP', 'KDE'), ('LC_TELEPHONE', 'en_US.UTF-8'), ('XDG_DATA_HOME', '/home/her/.local/share'), ('XDG_CONFIG_HOME', '/home/her/.config'), ('XDG_SESSION_DESKTOP', 'KDE'), ('XAUTHORITY', '/run/user/1000/xauth_aHBykp'), ('ICAST_DIR', '/home/her/SDK/ICAST'), ('MANPAGER', "sh -c 'col -bx | bat -l man -p'"), ('AMENT_PREFIX_PATH', '/home/her/Documents/project/SIM_IST/install/towing:/home/her/turtlebot3_ws/install/turtlebot3_simulations:/home/her/turtlebot3_ws/install/turtlebot3_gazebo:/home/her/turtlebot3_ws/install/turtlebot3_fake_node:/opt/ros/humble'), ('SHELL', '/usr/bin/bash'), ('LC_NAME', 'en_US.UTF-8'), ('KONSOLE_DBUS_SERVICE', ':1.50'), ('LC_MEASUREMENT', 'en_US.UTF-8'), ('LC_IDENTIFICATION', 'en_US.UTF-8'), ('PWD', '/home/her/Documents/project/SIM_IST/build/towing'), ('MCFLY_SESSION_ID', 'u2uldFfigG6XNqPKMBGNHawj'), ('CONTAINER_ID', 'ubuntu22'), ('QT_QPA_PLATFORM', 'xcb'), ('TURTLEBOT3_MODEL', 'burger'), ('XDG_CONFIG_DIRS', '/home/her/.config/kdedefaults:/etc/xdg'), ('PYLON_ROOT', '/opt/pylon'), ('XDG_DATA_DIRS', '/usr/local/share:/usr/share'), ('STARSHIP_SESSION_KEY', '1473129513255778'), ('PYTHONPATH', '/opt/ros/humble/lib/python3.10/site-packages:/opt/ros/humble/local/lib/python3.10/dist-packages'), ('LC_NUMERIC', 'en_US.UTF-8'), ('LC_PAPER', 'en_US.UTF-8'), ('KDE_SESSION_UID', '1000'), ('GTK_USE_PORTAL', '1'), ('COLCON', '1'), ('MEMORY_PRESSURE_WRITE', 'c29tZSAyMDAwMDAgMjAwMDAwMAA='), ('GENICAM_GENTL64_PATH', ':/opt/pylon/lib/gentlproducer/gtl:/opt/pylon/lib/pylonCXP/bin/'), ('EDITOR', '/usr/bin/micro'), ('CMAKE_PREFIX_PATH', '/home/her/Documents/project/SIM_IST/install/towing:/home/her/turtlebot3_ws/install/turtlebot3_simulations:/home/her/turtlebot3_ws/install/turtlebot3_gazebo:/home/her/turtlebot3_ws/install/turtlebot3_fake_node:/opt/ros/humble')]), 'shell': False}
[13.960526] (towing) StdoutLine: {'line': b'-- Install configuration: ""\n'}
[13.961975] (towing) StdoutLine: {'line': b'-- Execute custom install script\n'}
[13.962186] (towing) StdoutLine: {'line': b'-- Up-to-date symlink: /home/her/Documents/project/SIM_IST/install/towing/lib/libtowing_controller.so\n'}
[13.962401] (towing) StdoutLine: {'line': b'-- Up-to-date symlink: /home/her/Documents/project/SIM_IST/install/towing/share/towing//launch/all.launch.py\n'}
[13.962478] (towing) StdoutLine: {'line': b'-- Up-to-date symlink: /home/her/Documents/project/SIM_IST/install/towing/share/towing//launch/display.launch.py\n'}
[13.962557] (towing) StdoutLine: {'line': b'-- Up-to-date symlink: /home/her/Documents/project/SIM_IST/install/towing/share/towing//launch/gazebo.launch.py\n'}
[13.962756] (towing) StdoutLine: {'line': b'-- Up-to-date symlink: /home/her/Documents/project/SIM_IST/install/towing/share/towing//urdf/gazebo_plugin.xacro\n'}
[13.962833] (towing) StdoutLine: {'line': b'-- Up-to-date symlink: /home/her/Documents/project/SIM_IST/install/towing/share/towing//urdf/gazebo_properties.xacro\n'}
[13.962906] (towing) StdoutLine: {'line': b'-- Up-to-date symlink: /home/her/Documents/project/SIM_IST/install/towing/share/towing//urdf/towing.csv\n'}
[13.962982] (towing) StdoutLine: {'line': b'-- Up-to-date symlink: /home/her/Documents/project/SIM_IST/install/towing/share/towing//urdf/towing.urdf.xacro\n'}
[13.963060] (towing) StdoutLine: {'line': b'-- Up-to-date symlink: /home/her/Documents/project/SIM_IST/install/towing/share/towing//urdf/towing_core copy.xacro\n'}
[13.963150] (towing) StdoutLine: {'line': b'-- Up-to-date symlink: /home/her/Documents/project/SIM_IST/install/towing/share/towing//urdf/towing_core.xacro\n'}
[13.963313] (towing) StdoutLine: {'line': b'-- Up-to-date symlink: /home/her/Documents/project/SIM_IST/install/towing/share/towing//config/joint_names_towing.yaml\n'}
[13.963581] (towing) StdoutLine: {'line': b'-- Up-to-date symlink: /home/her/Documents/project/SIM_IST/install/towing/share/towing//models/towing/meshes/base_link.STL\n'}
[13.963667] (towing) StdoutLine: {'line': b'-- Up-to-date symlink: /home/her/Documents/project/SIM_IST/install/towing/share/towing//models/towing/meshes/flwheel.STL\n'}
[13.963745] (towing) StdoutLine: {'line': b'-- Up-to-date symlink: /home/her/Documents/project/SIM_IST/install/towing/share/towing//models/towing/meshes/frwheel.STL\n'}
[13.963829] (towing) StdoutLine: {'line': b'-- Up-to-date symlink: /home/her/Documents/project/SIM_IST/install/towing/share/towing//models/towing/meshes/lftowwheel.STL\n'}
[13.963917] (towing) StdoutLine: {'line': b'-- Up-to-date symlink: /home/her/Documents/project/SIM_IST/install/towing/share/towing//models/towing/meshes/lrtowwheel.STL\n'}
[13.963988] (towing) StdoutLine: {'line': b'-- Up-to-date symlink: /home/her/Documents/project/SIM_IST/install/towing/share/towing//models/towing/meshes/ltowsteer.STL\n'}
[13.964089] (towing) StdoutLine: {'line': b'-- Up-to-date symlink: /home/her/Documents/project/SIM_IST/install/towing/share/towing//models/towing/meshes/lwhell.STL\n'}
[13.964181] (towing) StdoutLine: {'line': b'-- Up-to-date symlink: /home/her/Documents/project/SIM_IST/install/towing/share/towing//models/towing/meshes/rftowwheel.STL\n'}
[13.964259] (towing) StdoutLine: {'line': b'-- Up-to-date symlink: /home/her/Documents/project/SIM_IST/install/towing/share/towing//models/towing/meshes/rrtowwheel.STL\n'}
[13.964342] (towing) StdoutLine: {'line': b'-- Up-to-date symlink: /home/her/Documents/project/SIM_IST/install/towing/share/towing//models/towing/meshes/rtowsteer.STL\n'}
[13.964423] (towing) StdoutLine: {'line': b'-- Up-to-date symlink: /home/her/Documents/project/SIM_IST/install/towing/share/towing//models/towing/meshes/rwheel.STL\n'}
[13.964504] (towing) StdoutLine: {'line': b'-- Up-to-date symlink: /home/her/Documents/project/SIM_IST/install/towing/share/towing//models/towing/meshes/steer.STL\n'}
[13.964589] (towing) StdoutLine: {'line': b'-- Up-to-date symlink: /home/her/Documents/project/SIM_IST/install/towing/share/towing//models/towing/meshes/tow.STL\n'}
[13.964669] (towing) StdoutLine: {'line': b'-- Up-to-date symlink: /home/her/Documents/project/SIM_IST/install/towing/share/towing//models/towing/model.config\n'}
[13.964930] (towing) StdoutLine: {'line': b'-- Up-to-date symlink: /home/her/Documents/project/SIM_IST/install/towing/share/towing//meshes/base_link.STL\n'}
[13.965008] (towing) StdoutLine: {'line': b'-- Up-to-date symlink: /home/her/Documents/project/SIM_IST/install/towing/share/towing//meshes/flwheel.STL\n'}
[13.965081] (towing) StdoutLine: {'line': b'-- Up-to-date symlink: /home/her/Documents/project/SIM_IST/install/towing/share/towing//meshes/frwheel.STL\n'}
[13.965145] (towing) StdoutLine: {'line': b'-- Up-to-date symlink: /home/her/Documents/project/SIM_IST/install/towing/share/towing//meshes/lftowwheel.STL\n'}
[13.965222] (towing) StdoutLine: {'line': b'-- Up-to-date symlink: /home/her/Documents/project/SIM_IST/install/towing/share/towing//meshes/lrtowwheel.STL\n'}
[13.965297] (towing) StdoutLine: {'line': b'-- Up-to-date symlink: /home/her/Documents/project/SIM_IST/install/towing/share/towing//meshes/ltowsteer.STL\n'}
[13.965376] (towing) StdoutLine: {'line': b'-- Up-to-date symlink: /home/her/Documents/project/SIM_IST/install/towing/share/towing//meshes/lwhell.STL\n'}
[13.965452] (towing) StdoutLine: {'line': b'-- Up-to-date symlink: /home/her/Documents/project/SIM_IST/install/towing/share/towing//meshes/rftowwheel.STL\n'}
[13.965531] (towing) StdoutLine: {'line': b'-- Up-to-date symlink: /home/her/Documents/project/SIM_IST/install/towing/share/towing//meshes/rrtowwheel.STL\n'}
[13.965610] (towing) StdoutLine: {'line': b'-- Up-to-date symlink: /home/her/Documents/project/SIM_IST/install/towing/share/towing//meshes/rtowsteer.STL\n'}
[13.965683] (towing) StdoutLine: {'line': b'-- Up-to-date symlink: /home/her/Documents/project/SIM_IST/install/towing/share/towing//meshes/rwheel.STL\n'}
[13.965760] (towing) StdoutLine: {'line': b'-- Up-to-date symlink: /home/her/Documents/project/SIM_IST/install/towing/share/towing//meshes/steer.STL\n'}
[13.965837] (towing) StdoutLine: {'line': b'-- Up-to-date symlink: /home/her/Documents/project/SIM_IST/install/towing/share/towing//meshes/tow.STL\n'}
[13.965934] (towing) StdoutLine: {'line': b'-- Up-to-date symlink: /home/her/Documents/project/SIM_IST/install/towing/share/towing//urdf.rviz\n'}
[13.966048] (towing) StdoutLine: {'line': b'-- Up-to-date symlink: /home/her/Documents/project/SIM_IST/install/towing/share/ament_index/resource_index/package_run_dependencies/towing\n'}
[13.966165] (towing) StdoutLine: {'line': b'-- Up-to-date symlink: /home/her/Documents/project/SIM_IST/install/towing/share/ament_index/resource_index/parent_prefix_path/towing\n'}
[13.966272] (towing) StdoutLine: {'line': b'-- Up-to-date symlink: /home/her/Documents/project/SIM_IST/install/towing/share/towing/environment/ament_prefix_path.sh\n'}
[13.966364] (towing) StdoutLine: {'line': b'-- Up-to-date symlink: /home/her/Documents/project/SIM_IST/install/towing/share/towing/environment/ament_prefix_path.dsv\n'}
[13.966464] (towing) StdoutLine: {'line': b'-- Up-to-date symlink: /home/her/Documents/project/SIM_IST/install/towing/share/towing/environment/path.sh\n'}
[13.966558] (towing) StdoutLine: {'line': b'-- Up-to-date symlink: /home/her/Documents/project/SIM_IST/install/towing/share/towing/environment/path.dsv\n'}
[13.966661] (towing) StdoutLine: {'line': b'-- Up-to-date symlink: /home/her/Documents/project/SIM_IST/install/towing/share/towing/local_setup.bash\n'}
[13.966748] (towing) StdoutLine: {'line': b'-- Up-to-date symlink: /home/her/Documents/project/SIM_IST/install/towing/share/towing/local_setup.sh\n'}
[13.966838] (towing) StdoutLine: {'line': b'-- Up-to-date symlink: /home/her/Documents/project/SIM_IST/install/towing/share/towing/local_setup.zsh\n'}
[13.966928] (towing) StdoutLine: {'line': b'-- Up-to-date symlink: /home/her/Documents/project/SIM_IST/install/towing/share/towing/local_setup.dsv\n'}
[13.966990] (towing) StdoutLine: {'line': b'-- Symlinking: /home/her/Documents/project/SIM_IST/install/towing/share/towing/package.dsv\n'}
[13.975298] (towing) StdoutLine: {'line': b'-- Up-to-date symlink: /home/her/Documents/project/SIM_IST/install/towing/share/ament_index/resource_index/packages/towing\n'}
[13.975615] (towing) StdoutLine: {'line': b'-- Up-to-date symlink: /home/her/Documents/project/SIM_IST/install/towing/share/towing/cmake/towingConfig.cmake\n'}
[13.975814] (towing) StdoutLine: {'line': b'-- Up-to-date symlink: /home/her/Documents/project/SIM_IST/install/towing/share/towing/cmake/towingConfig-version.cmake\n'}
[13.976061] (towing) StdoutLine: {'line': b'-- Up-to-date symlink: /home/her/Documents/project/SIM_IST/install/towing/share/towing/package.xml\n'}
[13.977691] (towing) CommandEnded: {'returncode': 0}
[13.989852] (towing) JobEnded: {'identifier': 'towing', 'rc': 0}
[13.990326] (-) EventReactorShutdown: {}
