-- Found ament_cmake: 1.3.12 (/opt/ros/humble/share/ament_cmake/cmake)
-- Override CMake install command with custom implementation using symlinks instead of copying resources
-- Found rclcpp: 16.0.17 (/opt/ros/humble/share/rclcpp/cmake)
-- Found rosidl_generator_c: 3.1.8 (/opt/ros/humble/share/rosidl_generator_c/cmake)
-- Found rosidl_adapter: 3.1.8 (/opt/ros/humble/share/rosidl_adapter/cmake)
-- Found rosidl_generator_cpp: 3.1.8 (/opt/ros/humble/share/rosidl_generator_cpp/cmake)
-- Using all available rosidl_typesupport_c: rosidl_typesupport_fastrtps_c;rosidl_typesupport_introspection_c
-- Using all available rosidl_typesupport_cpp: rosidl_typesupport_fastrtps_cpp;rosidl_typesupport_introspection_cpp
-- Found rmw_implementation_cmake: 6.1.2 (/opt/ros/humble/share/rmw_implementation_cmake/cmake)
-- Found rmw_fastrtps_cpp: 6.2.9 (/opt/ros/humble/share/rmw_fastrtps_cpp/cmake)
-- Found OpenSSL: /usr/lib/x86_64-linux-gnu/libcrypto.so (found version "3.0.2")  
-- Found FastRTPS: /opt/ros/humble/include  
-- Using RMW implementation 'rmw_fastrtps_cpp' as default
-- Looking for pthread.h
-- Looking for pthread.h - found
-- Performing Test CMAKE_HAVE_LIBC_PTHREAD
-- Performing Test CMAKE_HAVE_LIBC_PTHREAD - Success
-- Found Threads: TRUE  
-- Found geometry_msgs: 4.9.0 (/opt/ros/humble/share/geometry_msgs/cmake)
-- Found nav_msgs: 4.9.0 (/opt/ros/humble/share/nav_msgs/cmake)
-- Found tf2: 0.25.18 (/opt/ros/humble/share/tf2/cmake)
-- Found tf2_ros: 0.25.18 (/opt/ros/humble/share/tf2_ros/cmake)
-- Found tf2_geometry_msgs: 0.25.18 (/opt/ros/humble/share/tf2_geometry_msgs/cmake)
-- Found eigen3_cmake_module: 0.1.1 (/opt/ros/humble/share/eigen3_cmake_module/cmake)
-- Found Eigen3: TRUE (found version "3.4.0") 
-- Ensuring Eigen3 include directory is part of orocos-kdl CMake target
-- Found gazebo_ros: 3.9.0 (/opt/ros/humble/share/gazebo_ros/cmake)
-- Found PkgConfig: /usr/bin/pkg-config (found version "0.29.2") 
-- Checking for module 'bullet>=2.82'
--   Found bullet, version 3.05
-- Found fcl: /usr/include (found suitable version "0.7.0", minimum required is "0.5.0") 
-- Found assimp: /usr/include (found version "5.2.0") 
-- Found DART: /usr/include (Required is at least version "6.6") found components: dart 
-- Found Boost: /usr/lib/x86_64-linux-gnu/cmake/Boost-1.74.0/BoostConfig.cmake (found suitable version "1.74.0", minimum required is "1.40.0") found components: thread system filesystem program_options regex iostreams date_time 
-- Found Protobuf: /usr/lib/x86_64-linux-gnu/libprotobuf.so (found version "3.12.4") 
-- Looking for ignition-math6 -- found version 6.15.1
-- Searching for dependencies of ignition-math6
-- Looking for OGRE...
-- OGRE_PREFIX_WATCH changed.
-- Checking for module 'OGRE'
--   Found OGRE, version 1.9.0
-- Found Ogre Ghadamon (1.9.0)
-- Found OGRE: optimized;/usr/lib/x86_64-linux-gnu/libOgreMain.so;debug;/usr/lib/x86_64-linux-gnu/libOgreMain.so
-- Looking for OGRE_Paging...
-- Found OGRE_Paging: optimized;/usr/lib/x86_64-linux-gnu/libOgrePaging.so;debug;/usr/lib/x86_64-linux-gnu/libOgrePaging.so
-- Looking for OGRE_Terrain...
-- Found OGRE_Terrain: optimized;/usr/lib/x86_64-linux-gnu/libOgreTerrain.so;debug;/usr/lib/x86_64-linux-gnu/libOgreTerrain.so
-- Looking for OGRE_Property...
-- Found OGRE_Property: optimized;/usr/lib/x86_64-linux-gnu/libOgreProperty.so;debug;/usr/lib/x86_64-linux-gnu/libOgreProperty.so
-- Looking for OGRE_RTShaderSystem...
-- Found OGRE_RTShaderSystem: optimized;/usr/lib/x86_64-linux-gnu/libOgreRTShaderSystem.so;debug;/usr/lib/x86_64-linux-gnu/libOgreRTShaderSystem.so
-- Looking for OGRE_Volume...
-- Found OGRE_Volume: optimized;/usr/lib/x86_64-linux-gnu/libOgreVolume.so;debug;/usr/lib/x86_64-linux-gnu/libOgreVolume.so
-- Looking for OGRE_Overlay...
-- Found OGRE_Overlay: optimized;/usr/lib/x86_64-linux-gnu/libOgreOverlay.so;debug;/usr/lib/x86_64-linux-gnu/libOgreOverlay.so
-- Looking for ignition-math6 -- found version 6.15.1
-- Looking for ignition-transport8 -- found version 8.2.1
-- Searching for dependencies of ignition-transport8
-- Found Protobuf: /usr/lib/x86_64-linux-gnu/libprotobuf.so (found suitable version "3.12.4", minimum required is "3") 
-- Config-file not installed for ZeroMQ -- checking for pkg-config
-- Checking for module 'libzmq >= 4'
--   Found libzmq , version 4.3.4
-- Found ZeroMQ: TRUE (Required is at least version "4") 
-- Checking for module 'uuid'
--   Found uuid, version 2.37.2
-- Found UUID: TRUE  
-- Looking for ignition-msgs5 -- found version 5.8.1
-- Searching for dependencies of ignition-msgs5
-- Looking for ignition-math6 -- found version 6.15.1
-- Checking for module 'tinyxml2'
--   Found tinyxml2, version 9.0.0
-- Looking for ignition-msgs5 -- found version 5.8.1
-- Looking for ignition-common3 -- found version 3.14.0
-- Searching for dependencies of ignition-common3
-- Looking for dlfcn.h - found
-- Looking for libdl - found
-- Found DL: TRUE  
-- Found tinyobjloader: /usr/lib/x86_64-linux-gnu/cmake/tinyobjloader/tinyobjloader-config.cmake (found version "2.0.0") 
-- Searching for <ignition-common3> component [graphics]
-- Looking for ignition-common3-graphics -- found version 3.14.0
-- Searching for dependencies of ignition-common3-graphics
-- Looking for ignition-math6 -- found version 6.15.1
-- Looking for ignition-fuel_tools4 -- found version 4.4.0
-- Searching for dependencies of ignition-fuel_tools4
-- Found CURL: /usr/lib/x86_64-linux-gnu/libcurl.so (found version "7.81.0")  
-- Checking for module 'jsoncpp'
--   Found jsoncpp, version 1.9.5
-- Found JSONCPP: TRUE  
-- Checking for module 'libzip'
--   Found libzip, version 1.7.3
-- Found ZIP: TRUE  
-- Looking for ignition-common3 -- found version 3.14.0
-- Looking for ignition-math6 -- found version 6.15.1
-- Looking for ignition-msgs5 -- found version 5.8.1
-- Gazebo version: 11.10
-- Checking for module 'tbb'
--   Found tbb, version 2021.5.0
-- Found ament_lint_auto: 0.12.14 (/opt/ros/humble/share/ament_lint_auto/cmake)
-- Added test 'cppcheck' to perform static code analysis on C / C++ code
-- Configured cppcheck include dirs: $<BUILD_INTERFACE:/home/her/Documents/project/SIM_IST/src/towing/include>
-- Configured cppcheck exclude dirs and/or files: 
-- Added test 'flake8' to check Python code syntax and style conventions
-- Added test 'lint_cmake' to check CMake code style
-- Added test 'pep257' to check Python code against some of the docstring style conventions in PEP 257
-- Added test 'uncrustify' to check C / C++ code style
-- Configured uncrustify additional arguments: 
-- Added test 'xmllint' to check XML markup files
-- Configuring done
-- Generating done
-- Build files have been written to: /home/her/Documents/project/SIM_IST/build/towing
[ 50%] [32mBuilding CXX object CMakeFiles/towing_controller.dir/src/towing_controller.cpp.o[0m
[100%] [32m[1mLinking CXX shared library libtowing_controller.so[0m
[100%] Built target towing_controller
-- Install configuration: ""
-- Execute custom install script
-- Symlinking: /home/her/Documents/project/SIM_IST/install/towing/lib/libtowing_controller.so
-- Up-to-date symlink: /home/her/Documents/project/SIM_IST/install/towing/share/towing//launch/all.launch.py
-- Up-to-date symlink: /home/her/Documents/project/SIM_IST/install/towing/share/towing//launch/display.launch.py
-- Up-to-date symlink: /home/her/Documents/project/SIM_IST/install/towing/share/towing//launch/gazebo.launch.py
-- Up-to-date symlink: /home/her/Documents/project/SIM_IST/install/towing/share/towing//urdf/gazebo_plugin.xacro
-- Up-to-date symlink: /home/her/Documents/project/SIM_IST/install/towing/share/towing//urdf/gazebo_properties.xacro
-- Up-to-date symlink: /home/her/Documents/project/SIM_IST/install/towing/share/towing//urdf/towing.csv
-- Up-to-date symlink: /home/her/Documents/project/SIM_IST/install/towing/share/towing//urdf/towing.urdf.xacro
-- Up-to-date symlink: /home/her/Documents/project/SIM_IST/install/towing/share/towing//urdf/towing_core copy.xacro
-- Up-to-date symlink: /home/her/Documents/project/SIM_IST/install/towing/share/towing//urdf/towing_core.xacro
-- Up-to-date symlink: /home/her/Documents/project/SIM_IST/install/towing/share/towing//config/joint_names_towing.yaml
-- Up-to-date symlink: /home/her/Documents/project/SIM_IST/install/towing/share/towing//models/towing/meshes/base_link.STL
-- Up-to-date symlink: /home/her/Documents/project/SIM_IST/install/towing/share/towing//models/towing/meshes/flwheel.STL
-- Up-to-date symlink: /home/her/Documents/project/SIM_IST/install/towing/share/towing//models/towing/meshes/frwheel.STL
-- Up-to-date symlink: /home/her/Documents/project/SIM_IST/install/towing/share/towing//models/towing/meshes/lftowwheel.STL
-- Up-to-date symlink: /home/her/Documents/project/SIM_IST/install/towing/share/towing//models/towing/meshes/lrtowwheel.STL
-- Up-to-date symlink: /home/her/Documents/project/SIM_IST/install/towing/share/towing//models/towing/meshes/ltowsteer.STL
-- Up-to-date symlink: /home/her/Documents/project/SIM_IST/install/towing/share/towing//models/towing/meshes/lwhell.STL
-- Up-to-date symlink: /home/her/Documents/project/SIM_IST/install/towing/share/towing//models/towing/meshes/rftowwheel.STL
-- Up-to-date symlink: /home/her/Documents/project/SIM_IST/install/towing/share/towing//models/towing/meshes/rrtowwheel.STL
-- Up-to-date symlink: /home/her/Documents/project/SIM_IST/install/towing/share/towing//models/towing/meshes/rtowsteer.STL
-- Up-to-date symlink: /home/her/Documents/project/SIM_IST/install/towing/share/towing//models/towing/meshes/rwheel.STL
-- Up-to-date symlink: /home/her/Documents/project/SIM_IST/install/towing/share/towing//models/towing/meshes/steer.STL
-- Up-to-date symlink: /home/her/Documents/project/SIM_IST/install/towing/share/towing//models/towing/meshes/tow.STL
-- Up-to-date symlink: /home/her/Documents/project/SIM_IST/install/towing/share/towing//models/towing/model.config
-- Up-to-date symlink: /home/her/Documents/project/SIM_IST/install/towing/share/towing//meshes/base_link.STL
-- Up-to-date symlink: /home/her/Documents/project/SIM_IST/install/towing/share/towing//meshes/flwheel.STL
-- Up-to-date symlink: /home/her/Documents/project/SIM_IST/install/towing/share/towing//meshes/frwheel.STL
-- Up-to-date symlink: /home/her/Documents/project/SIM_IST/install/towing/share/towing//meshes/lftowwheel.STL
-- Up-to-date symlink: /home/her/Documents/project/SIM_IST/install/towing/share/towing//meshes/lrtowwheel.STL
-- Up-to-date symlink: /home/her/Documents/project/SIM_IST/install/towing/share/towing//meshes/ltowsteer.STL
-- Up-to-date symlink: /home/her/Documents/project/SIM_IST/install/towing/share/towing//meshes/lwhell.STL
-- Up-to-date symlink: /home/her/Documents/project/SIM_IST/install/towing/share/towing//meshes/rftowwheel.STL
-- Up-to-date symlink: /home/her/Documents/project/SIM_IST/install/towing/share/towing//meshes/rrtowwheel.STL
-- Up-to-date symlink: /home/her/Documents/project/SIM_IST/install/towing/share/towing//meshes/rtowsteer.STL
-- Up-to-date symlink: /home/her/Documents/project/SIM_IST/install/towing/share/towing//meshes/rwheel.STL
-- Up-to-date symlink: /home/her/Documents/project/SIM_IST/install/towing/share/towing//meshes/steer.STL
-- Up-to-date symlink: /home/her/Documents/project/SIM_IST/install/towing/share/towing//meshes/tow.STL
-- Up-to-date symlink: /home/her/Documents/project/SIM_IST/install/towing/share/towing//urdf.rviz
-- Up-to-date symlink: /home/her/Documents/project/SIM_IST/install/towing/share/ament_index/resource_index/package_run_dependencies/towing
-- Up-to-date symlink: /home/her/Documents/project/SIM_IST/install/towing/share/ament_index/resource_index/parent_prefix_path/towing
-- Up-to-date symlink: /home/her/Documents/project/SIM_IST/install/towing/share/towing/environment/ament_prefix_path.sh
-- Up-to-date symlink: /home/her/Documents/project/SIM_IST/install/towing/share/towing/environment/ament_prefix_path.dsv
-- Up-to-date symlink: /home/her/Documents/project/SIM_IST/install/towing/share/towing/environment/path.sh
-- Up-to-date symlink: /home/her/Documents/project/SIM_IST/install/towing/share/towing/environment/path.dsv
-- Up-to-date symlink: /home/her/Documents/project/SIM_IST/install/towing/share/towing/local_setup.bash
-- Up-to-date symlink: /home/her/Documents/project/SIM_IST/install/towing/share/towing/local_setup.sh
-- Up-to-date symlink: /home/her/Documents/project/SIM_IST/install/towing/share/towing/local_setup.zsh
-- Up-to-date symlink: /home/her/Documents/project/SIM_IST/install/towing/share/towing/local_setup.dsv
-- Symlinking: /home/her/Documents/project/SIM_IST/install/towing/share/towing/package.dsv
-- Up-to-date symlink: /home/her/Documents/project/SIM_IST/install/towing/share/ament_index/resource_index/packages/towing
-- Up-to-date symlink: /home/her/Documents/project/SIM_IST/install/towing/share/towing/cmake/towingConfig.cmake
-- Up-to-date symlink: /home/her/Documents/project/SIM_IST/install/towing/share/towing/cmake/towingConfig-version.cmake
-- Up-to-date symlink: /home/her/Documents/project/SIM_IST/install/towing/share/towing/package.xml
