[0.138s] Invoking command in '/home/her/Documents/project/SIM_IST/build/towing': CMAKE_PREFIX_PATH=${CMAKE_PREFIX_PATH}:/opt/ros/humble DEBUGINFOD_URLS=https://debuginfod.archlinux.org PS1=\[\e[32m\]\u@\h\[\e[0m\]:\[\e[34m\]\w\[\e[0m\]$ /usr/bin/cmake /home/her/Documents/project/SIM_IST/src/towing -DCMAKE_INSTALL_PREFIX=/home/her/Documents/project/SIM_IST/install/towing
[0.184s] -- Found ament_cmake: 1.3.12 (/opt/ros/humble/share/ament_cmake/cmake)
[0.577s] -- Override CMake install command with custom implementation using symlinks instead of copying resources
[0.693s] -- Found rclcpp: 16.0.17 (/opt/ros/humble/share/rclcpp/cmake)
[1.481s] -- Found rosidl_generator_c: 3.1.8 (/opt/ros/humble/share/rosidl_generator_c/cmake)
[1.486s] -- Found rosidl_adapter: 3.1.8 (/opt/ros/humble/share/rosidl_adapter/cmake)
[1.499s] -- Found rosidl_generator_cpp: 3.1.8 (/opt/ros/humble/share/rosidl_generator_cpp/cmake)
[1.519s] -- Using all available rosidl_typesupport_c: rosidl_typesupport_fastrtps_c;rosidl_typesupport_introspection_c
[1.541s] -- Using all available rosidl_typesupport_cpp: rosidl_typesupport_fastrtps_cpp;rosidl_typesupport_introspection_cpp
[1.749s] -- Found rmw_implementation_cmake: 6.1.2 (/opt/ros/humble/share/rmw_implementation_cmake/cmake)
[1.752s] -- Found rmw_fastrtps_cpp: 6.2.9 (/opt/ros/humble/share/rmw_fastrtps_cpp/cmake)
[2.302s] -- Found OpenSSL: /usr/lib/x86_64-linux-gnu/libcrypto.so (found version "3.0.2")  
[2.346s] -- Found FastRTPS: /opt/ros/humble/include  
[2.406s] -- Using RMW implementation 'rmw_fastrtps_cpp' as default
[2.455s] -- Looking for pthread.h
[2.787s] -- Looking for pthread.h - found
[2.787s] -- Performing Test CMAKE_HAVE_LIBC_PTHREAD
[2.852s] -- Performing Test CMAKE_HAVE_LIBC_PTHREAD - Success
[2.853s] -- Found Threads: TRUE  
[2.909s] -- Found geometry_msgs: 4.9.0 (/opt/ros/humble/share/geometry_msgs/cmake)
[2.924s] -- Found nav_msgs: 4.9.0 (/opt/ros/humble/share/nav_msgs/cmake)
[2.944s] -- Found tf2: 0.25.18 (/opt/ros/humble/share/tf2/cmake)
[2.961s] -- Found tf2_ros: 0.25.18 (/opt/ros/humble/share/tf2_ros/cmake)
[3.053s] -- Found tf2_geometry_msgs: 0.25.18 (/opt/ros/humble/share/tf2_geometry_msgs/cmake)
[3.075s] -- Found eigen3_cmake_module: 0.1.1 (/opt/ros/humble/share/eigen3_cmake_module/cmake)
[3.076s] -- Found Eigen3: TRUE (found version "3.4.0") 
[3.076s] -- Ensuring Eigen3 include directory is part of orocos-kdl CMake target
[3.078s] -- Found gazebo_ros: 3.9.0 (/opt/ros/humble/share/gazebo_ros/cmake)
[3.089s] -- Found PkgConfig: /usr/bin/pkg-config (found version "0.29.2") 
[3.089s] -- Checking for module 'bullet>=2.82'
[3.102s] --   Found bullet, version 3.05
[3.218s] -- Found fcl: /usr/include (found suitable version "0.7.0", minimum required is "0.5.0") 
[3.263s] -- Found assimp: /usr/include (found version "5.2.0") 
[3.286s] -- Found DART: /usr/include (Required is at least version "6.6") found components: dart 
[3.311s] -- Found Boost: /usr/lib/x86_64-linux-gnu/cmake/Boost-1.74.0/BoostConfig.cmake (found suitable version "1.74.0", minimum required is "1.40.0") found components: thread system filesystem program_options regex iostreams date_time 
[3.327s] -- Found Protobuf: /usr/lib/x86_64-linux-gnu/libprotobuf.so (found version "3.12.4") 
[3.333s] -- Looking for ignition-math6 -- found version 6.15.1
[3.344s] -- Searching for dependencies of ignition-math6
[3.345s] -- Looking for OGRE...
[3.346s] -- OGRE_PREFIX_WATCH changed.
[3.350s] -- Checking for module 'OGRE'
[3.362s] --   Found OGRE, version 1.9.0
[3.397s] -- Found Ogre Ghadamon (1.9.0)
[3.404s] -- Found OGRE: optimized;/usr/lib/x86_64-linux-gnu/libOgreMain.so;debug;/usr/lib/x86_64-linux-gnu/libOgreMain.so
[3.412s] -- Looking for OGRE_Paging...
[3.417s] -- Found OGRE_Paging: optimized;/usr/lib/x86_64-linux-gnu/libOgrePaging.so;debug;/usr/lib/x86_64-linux-gnu/libOgrePaging.so
[3.417s] -- Looking for OGRE_Terrain...
[3.421s] -- Found OGRE_Terrain: optimized;/usr/lib/x86_64-linux-gnu/libOgreTerrain.so;debug;/usr/lib/x86_64-linux-gnu/libOgreTerrain.so
[3.421s] -- Looking for OGRE_Property...
[3.425s] -- Found OGRE_Property: optimized;/usr/lib/x86_64-linux-gnu/libOgreProperty.so;debug;/usr/lib/x86_64-linux-gnu/libOgreProperty.so
[3.425s] -- Looking for OGRE_RTShaderSystem...
[3.429s] -- Found OGRE_RTShaderSystem: optimized;/usr/lib/x86_64-linux-gnu/libOgreRTShaderSystem.so;debug;/usr/lib/x86_64-linux-gnu/libOgreRTShaderSystem.so
[3.429s] -- Looking for OGRE_Volume...
[3.434s] -- Found OGRE_Volume: optimized;/usr/lib/x86_64-linux-gnu/libOgreVolume.so;debug;/usr/lib/x86_64-linux-gnu/libOgreVolume.so
[3.434s] -- Looking for OGRE_Overlay...
[3.439s] -- Found OGRE_Overlay: optimized;/usr/lib/x86_64-linux-gnu/libOgreOverlay.so;debug;/usr/lib/x86_64-linux-gnu/libOgreOverlay.so
[3.536s] -- Looking for ignition-math6 -- found version 6.15.1
[3.540s] -- Looking for ignition-transport8 -- found version 8.2.1
[3.540s] -- Searching for dependencies of ignition-transport8
[3.568s] -- Found Protobuf: /usr/lib/x86_64-linux-gnu/libprotobuf.so (found suitable version "3.12.4", minimum required is "3") 
[3.586s] -- Config-file not installed for ZeroMQ -- checking for pkg-config
[3.590s] -- Checking for module 'libzmq >= 4'
[3.605s] --   Found libzmq , version 4.3.4
[3.640s] -- Found ZeroMQ: TRUE (Required is at least version "4") 
[3.645s] -- Checking for module 'uuid'
[3.657s] --   Found uuid, version 2.37.2
[3.687s] -- Found UUID: TRUE  
[3.691s] -- Looking for ignition-msgs5 -- found version 5.8.1
[3.691s] -- Searching for dependencies of ignition-msgs5
[3.715s] -- Looking for ignition-math6 -- found version 6.15.1
[3.720s] -- Checking for module 'tinyxml2'
[3.733s] --   Found tinyxml2, version 9.0.0
[3.763s] -- Looking for ignition-msgs5 -- found version 5.8.1
[3.765s] -- Looking for ignition-common3 -- found version 3.14.0
[3.765s] -- Searching for dependencies of ignition-common3
[3.766s] -- Looking for dlfcn.h - found
[3.766s] -- Looking for libdl - found
[3.767s] -- Found DL: TRUE  
[3.780s] -- Found tinyobjloader: /usr/lib/x86_64-linux-gnu/cmake/tinyobjloader/tinyobjloader-config.cmake (found version "2.0.0") 
[3.781s] -- Searching for <ignition-common3> component [graphics]
[3.784s] -- Looking for ignition-common3-graphics -- found version 3.14.0
[3.784s] -- Searching for dependencies of ignition-common3-graphics
[3.784s] -- Looking for ignition-math6 -- found version 6.15.1
[3.788s] -- Looking for ignition-fuel_tools4 -- found version 4.4.0
[3.788s] -- Searching for dependencies of ignition-fuel_tools4
[3.868s] -- Found CURL: /usr/lib/x86_64-linux-gnu/libcurl.so (found version "7.81.0")  
[3.878s] -- Checking for module 'jsoncpp'
[3.890s] --   Found jsoncpp, version 1.9.5
[3.920s] -- Found JSONCPP: TRUE  
[3.927s] -- Checking for module 'libzip'
[3.940s] --   Found libzip, version 1.7.3
[3.971s] -- Found ZIP: TRUE  
[3.971s] -- Looking for ignition-common3 -- found version 3.14.0
[3.971s] -- Looking for ignition-math6 -- found version 6.15.1
[3.972s] -- Looking for ignition-msgs5 -- found version 5.8.1
[3.976s] -- Gazebo version: 11.10
[3.977s] -- Checking for module 'tbb'
[3.990s] --   Found tbb, version 2021.5.0
[4.024s] -- Found ament_lint_auto: 0.12.14 (/opt/ros/humble/share/ament_lint_auto/cmake)
[4.113s] -- Added test 'cppcheck' to perform static code analysis on C / C++ code
[4.113s] -- Configured cppcheck include dirs: $<BUILD_INTERFACE:/home/her/Documents/project/SIM_IST/src/towing/include>
[4.113s] -- Configured cppcheck exclude dirs and/or files: 
[4.113s] -- Added test 'flake8' to check Python code syntax and style conventions
[4.114s] -- Added test 'lint_cmake' to check CMake code style
[4.114s] -- Added test 'pep257' to check Python code against some of the docstring style conventions in PEP 257
[4.116s] -- Added test 'uncrustify' to check C / C++ code style
[4.116s] -- Configured uncrustify additional arguments: 
[4.117s] -- Added test 'xmllint' to check XML markup files
[4.117s] -- Configuring done
[4.296s] -- Generating done
[4.302s] -- Build files have been written to: /home/her/Documents/project/SIM_IST/build/towing
[4.318s] Invoked command in '/home/her/Documents/project/SIM_IST/build/towing' returned '0': CMAKE_PREFIX_PATH=${CMAKE_PREFIX_PATH}:/opt/ros/humble DEBUGINFOD_URLS=https://debuginfod.archlinux.org PS1=\[\e[32m\]\u@\h\[\e[0m\]:\[\e[34m\]\w\[\e[0m\]$ /usr/bin/cmake /home/her/Documents/project/SIM_IST/src/towing -DCMAKE_INSTALL_PREFIX=/home/her/Documents/project/SIM_IST/install/towing
[4.321s] Invoking command in '/home/her/Documents/project/SIM_IST/build/towing': CMAKE_PREFIX_PATH=${CMAKE_PREFIX_PATH}:/opt/ros/humble DEBUGINFOD_URLS=https://debuginfod.archlinux.org PS1=\[\e[32m\]\u@\h\[\e[0m\]:\[\e[34m\]\w\[\e[0m\]$ /usr/bin/cmake --build /home/her/Documents/project/SIM_IST/build/towing -- -j16 -l16
[4.372s] [ 50%] [32mBuilding CXX object CMakeFiles/towing_controller.dir/src/towing_controller.cpp.o[0m
[20.688s] [100%] [32m[1mLinking CXX shared library libtowing_controller.so[0m
[21.285s] [100%] Built target towing_controller
[21.295s] Invoked command in '/home/her/Documents/project/SIM_IST/build/towing' returned '0': CMAKE_PREFIX_PATH=${CMAKE_PREFIX_PATH}:/opt/ros/humble DEBUGINFOD_URLS=https://debuginfod.archlinux.org PS1=\[\e[32m\]\u@\h\[\e[0m\]:\[\e[34m\]\w\[\e[0m\]$ /usr/bin/cmake --build /home/her/Documents/project/SIM_IST/build/towing -- -j16 -l16
[21.304s] Invoking command in '/home/her/Documents/project/SIM_IST/build/towing': CMAKE_PREFIX_PATH=${CMAKE_PREFIX_PATH}:/opt/ros/humble DEBUGINFOD_URLS=https://debuginfod.archlinux.org PS1=\[\e[32m\]\u@\h\[\e[0m\]:\[\e[34m\]\w\[\e[0m\]$ /usr/bin/cmake --install /home/her/Documents/project/SIM_IST/build/towing
[21.310s] -- Install configuration: ""
[21.312s] -- Execute custom install script
[21.312s] -- Symlinking: /home/her/Documents/project/SIM_IST/install/towing/lib/libtowing_controller.so
[21.319s] -- Up-to-date symlink: /home/her/Documents/project/SIM_IST/install/towing/share/towing//launch/all.launch.py
[21.319s] -- Up-to-date symlink: /home/her/Documents/project/SIM_IST/install/towing/share/towing//launch/display.launch.py
[21.319s] -- Up-to-date symlink: /home/her/Documents/project/SIM_IST/install/towing/share/towing//launch/gazebo.launch.py
[21.319s] -- Up-to-date symlink: /home/her/Documents/project/SIM_IST/install/towing/share/towing//urdf/gazebo_plugin.xacro
[21.319s] -- Up-to-date symlink: /home/her/Documents/project/SIM_IST/install/towing/share/towing//urdf/gazebo_properties.xacro
[21.319s] -- Up-to-date symlink: /home/her/Documents/project/SIM_IST/install/towing/share/towing//urdf/towing.csv
[21.319s] -- Up-to-date symlink: /home/her/Documents/project/SIM_IST/install/towing/share/towing//urdf/towing.urdf.xacro
[21.320s] -- Up-to-date symlink: /home/her/Documents/project/SIM_IST/install/towing/share/towing//urdf/towing_core copy.xacro
[21.321s] -- Up-to-date symlink: /home/her/Documents/project/SIM_IST/install/towing/share/towing//urdf/towing_core.xacro
[21.321s] -- Up-to-date symlink: /home/her/Documents/project/SIM_IST/install/towing/share/towing//config/joint_names_towing.yaml
[21.321s] -- Up-to-date symlink: /home/her/Documents/project/SIM_IST/install/towing/share/towing//models/towing/meshes/base_link.STL
[21.322s] -- Up-to-date symlink: /home/her/Documents/project/SIM_IST/install/towing/share/towing//models/towing/meshes/flwheel.STL
[21.322s] -- Up-to-date symlink: /home/her/Documents/project/SIM_IST/install/towing/share/towing//models/towing/meshes/frwheel.STL
[21.322s] -- Up-to-date symlink: /home/her/Documents/project/SIM_IST/install/towing/share/towing//models/towing/meshes/lftowwheel.STL
[21.322s] -- Up-to-date symlink: /home/her/Documents/project/SIM_IST/install/towing/share/towing//models/towing/meshes/lrtowwheel.STL
[21.322s] -- Up-to-date symlink: /home/her/Documents/project/SIM_IST/install/towing/share/towing//models/towing/meshes/ltowsteer.STL
[21.322s] -- Up-to-date symlink: /home/her/Documents/project/SIM_IST/install/towing/share/towing//models/towing/meshes/lwhell.STL
[21.322s] -- Up-to-date symlink: /home/her/Documents/project/SIM_IST/install/towing/share/towing//models/towing/meshes/rftowwheel.STL
[21.322s] -- Up-to-date symlink: /home/her/Documents/project/SIM_IST/install/towing/share/towing//models/towing/meshes/rrtowwheel.STL
[21.322s] -- Up-to-date symlink: /home/her/Documents/project/SIM_IST/install/towing/share/towing//models/towing/meshes/rtowsteer.STL
[21.323s] -- Up-to-date symlink: /home/her/Documents/project/SIM_IST/install/towing/share/towing//models/towing/meshes/rwheel.STL
[21.323s] -- Up-to-date symlink: /home/her/Documents/project/SIM_IST/install/towing/share/towing//models/towing/meshes/steer.STL
[21.323s] -- Up-to-date symlink: /home/her/Documents/project/SIM_IST/install/towing/share/towing//models/towing/meshes/tow.STL
[21.323s] -- Up-to-date symlink: /home/her/Documents/project/SIM_IST/install/towing/share/towing//models/towing/model.config
[21.324s] -- Up-to-date symlink: /home/her/Documents/project/SIM_IST/install/towing/share/towing//meshes/base_link.STL
[21.324s] -- Up-to-date symlink: /home/her/Documents/project/SIM_IST/install/towing/share/towing//meshes/flwheel.STL
[21.324s] -- Up-to-date symlink: /home/her/Documents/project/SIM_IST/install/towing/share/towing//meshes/frwheel.STL
[21.324s] -- Up-to-date symlink: /home/her/Documents/project/SIM_IST/install/towing/share/towing//meshes/lftowwheel.STL
[21.324s] -- Up-to-date symlink: /home/her/Documents/project/SIM_IST/install/towing/share/towing//meshes/lrtowwheel.STL
[21.324s] -- Up-to-date symlink: /home/her/Documents/project/SIM_IST/install/towing/share/towing//meshes/ltowsteer.STL
[21.325s] -- Up-to-date symlink: /home/her/Documents/project/SIM_IST/install/towing/share/towing//meshes/lwhell.STL
[21.325s] -- Up-to-date symlink: /home/her/Documents/project/SIM_IST/install/towing/share/towing//meshes/rftowwheel.STL
[21.325s] -- Up-to-date symlink: /home/her/Documents/project/SIM_IST/install/towing/share/towing//meshes/rrtowwheel.STL
[21.325s] -- Up-to-date symlink: /home/her/Documents/project/SIM_IST/install/towing/share/towing//meshes/rtowsteer.STL
[21.325s] -- Up-to-date symlink: /home/her/Documents/project/SIM_IST/install/towing/share/towing//meshes/rwheel.STL
[21.325s] -- Up-to-date symlink: /home/her/Documents/project/SIM_IST/install/towing/share/towing//meshes/steer.STL
[21.326s] -- Up-to-date symlink: /home/her/Documents/project/SIM_IST/install/towing/share/towing//meshes/tow.STL
[21.326s] -- Up-to-date symlink: /home/her/Documents/project/SIM_IST/install/towing/share/towing//urdf.rviz
[21.326s] -- Up-to-date symlink: /home/her/Documents/project/SIM_IST/install/towing/share/ament_index/resource_index/package_run_dependencies/towing
[21.326s] -- Up-to-date symlink: /home/her/Documents/project/SIM_IST/install/towing/share/ament_index/resource_index/parent_prefix_path/towing
[21.326s] -- Up-to-date symlink: /home/her/Documents/project/SIM_IST/install/towing/share/towing/environment/ament_prefix_path.sh
[21.326s] -- Up-to-date symlink: /home/her/Documents/project/SIM_IST/install/towing/share/towing/environment/ament_prefix_path.dsv
[21.326s] -- Up-to-date symlink: /home/her/Documents/project/SIM_IST/install/towing/share/towing/environment/path.sh
[21.326s] -- Up-to-date symlink: /home/her/Documents/project/SIM_IST/install/towing/share/towing/environment/path.dsv
[21.326s] -- Up-to-date symlink: /home/her/Documents/project/SIM_IST/install/towing/share/towing/local_setup.bash
[21.327s] -- Up-to-date symlink: /home/her/Documents/project/SIM_IST/install/towing/share/towing/local_setup.sh
[21.327s] -- Up-to-date symlink: /home/her/Documents/project/SIM_IST/install/towing/share/towing/local_setup.zsh
[21.327s] -- Up-to-date symlink: /home/her/Documents/project/SIM_IST/install/towing/share/towing/local_setup.dsv
[21.327s] -- Symlinking: /home/her/Documents/project/SIM_IST/install/towing/share/towing/package.dsv
[21.335s] -- Up-to-date symlink: /home/her/Documents/project/SIM_IST/install/towing/share/ament_index/resource_index/packages/towing
[21.335s] -- Up-to-date symlink: /home/her/Documents/project/SIM_IST/install/towing/share/towing/cmake/towingConfig.cmake
[21.335s] -- Up-to-date symlink: /home/her/Documents/project/SIM_IST/install/towing/share/towing/cmake/towingConfig-version.cmake
[21.335s] -- Up-to-date symlink: /home/her/Documents/project/SIM_IST/install/towing/share/towing/package.xml
[21.337s] Invoked command in '/home/her/Documents/project/SIM_IST/build/towing' returned '0': CMAKE_PREFIX_PATH=${CMAKE_PREFIX_PATH}:/opt/ros/humble DEBUGINFOD_URLS=https://debuginfod.archlinux.org PS1=\[\e[32m\]\u@\h\[\e[0m\]:\[\e[34m\]\w\[\e[0m\]$ /usr/bin/cmake --install /home/her/Documents/project/SIM_IST/build/towing
