[0.000000] (-) TimerEvent: {}
[0.000210] (towing) JobQueued: {'identifier': 'towing', 'dependencies': OrderedDict()}
[0.000280] (towing) JobStarted: {'identifier': 'towing'}
[0.008427] (towing) JobProgress: {'identifier': 'towing', 'progress': 'cmake'}
[0.008958] (towing) JobProgress: {'identifier': 'towing', 'progress': 'build'}
[0.009556] (towing) Command: {'cmd': ['/usr/bin/cmake', '--build', '/home/her/Documents/project/SIM_IST/build/towing', '--', '-j16', '-l16'], 'cwd': '/home/her/Documents/project/SIM_IST/build/towing', 'env': OrderedDict([('PROFILEHOME', ''), ('MCFLY_RESULTS_SORT', 'LAST_RUN'), ('KDE_FULL_SESSION', 'true'), ('MAIL', '/var/spool/mail/her'), ('LANGUAGE', ''), ('USER', 'her'), ('PAM_KWALLET5_LOGIN', '/run/user/1000/kwallet5.socket'), ('LC_TIME', 'en_US.UTF-8'), ('STARSHIP_SHELL', 'fish'), ('HOSTNAME', 'her-14AHP9'), ('XDG_SESSION_TYPE', 'wayland'), ('MCFLY_INTERFACE_VIEW', 'BOTTOM'), ('MCFLY_HISTFILE', '/home/her/.zhistory'), ('KONSOLE_VERSION', '251201'), ('XDG_CACHE_HOME', '/home/her/.cache'), ('QT_WAYLAND_RECONNECT', '1'), ('SHLVL', '5'), ('LD_LIBRARY_PATH', '/usr/lib/x86_64-linux-gnu/gazebo-11/plugins:/opt/ros/humble/opt/rviz_ogre_vendor/lib:/opt/ros/humble/lib/x86_64-linux-gnu:/opt/ros/humble/lib'), ('BROWSER', 'firedragon'), ('MOTD_SHOWN', 'pam'), ('HOME', '/home/her'), ('MCFLY_HISTORY', '/dev/null'), ('MCFLY_RESULTS', '20'), ('MOZ_ENABLE_WAYLAND', '1'), ('KDE_APPLICATIONS_AS_SCOPE', '1'), ('OLDPWD', '/home/her'), ('DESKTOP_SESSION', 'plasma'), ('AMD_VULKAN_ICD', 'RADV'), ('MANROFFOPT', '-c'), ('ROS_PYTHON_VERSION', '3'), ('GTK_RC_FILES', '/etc/gtk/gtkrc:/home/her/.gtkrc:/home/her/.config/gtkrc'), ('KDE_SESSION_VERSION', '6'), ('PS1', '\\[\\e[32m\\]\\u@\\h\\[\\e[0m\\]:\\[\\e[34m\\]\\w\\[\\e[0m\\]$'), ('LC_MONETARY', 'en_US.UTF-8'), ('KONSOLE_DBUS_SESSION', '/Sessions/1'), ('MANAGERPID', '1395'), ('DISTROBOX_ENTER_PATH', '/usr/bin/distrobox-enter'), ('SYSTEMD_EXEC_PID', '2010'), ('VISUAL', 'kate'), ('XDG_STATE_HOME', '/home/her/.local/state'), ('DBUS_SESSION_BUS_ADDRESS', 'unix:path=/run/user/1000/bus'), ('COLORTERM', 'truecolor'), ('container', 'sudo podman'), ('KONSOLE_DBUS_ACTIVATION_COOKIE', 'PfCqUJU7mYDAFj7xG4QKg7pbSBLbJEs1ziXPnmrusgE='), ('MCFLY_HISTORY_FORMAT', 'zsh'), ('KONSOLE_DBUS_WINDOW', '/Windows/1'), ('DEBUGINFOD_URLS', 'https://debuginfod.archlinux.org'), ('WAYLAND_DISPLAY', 'wayland-0'), ('COLCON_PREFIX_PATH', '/home/her/turtlebot3_ws/install'), ('XKB_DEFAULT_LAYOUT', 'us'), ('ROS_DISTRO', 'humble'), ('LOGNAME', 'her'), ('WINDOWID', '94815607347152'), ('MANAGERPIDFDID', '1396'), ('JOURNAL_STREAM', '9:31941'), ('_', '/usr/bin/colcon'), ('ROS_VERSION', '2'), ('MEMORY_PRESSURE_WATCH', '/sys/fs/cgroup/user.slice/user-1000.slice/user@1000.service/app.slice/app-org.kde.plasma\\x2dfallback\\x2dsession\\x2drestore@autostart.service/memory.pressure'), ('XDG_SESSION_CLASS', 'user'), ('COLORFGBG', '15;0'), ('TERMINFO_DIRS', '/usr/share/terminfo:/run/host/usr/share/terminfo'), ('TERM', 'xterm-256color'), ('XDG_SESSION_ID', '2'), ('ROS_LOCALHOST_ONLY', '0'), ('GTK2_RC_FILES', '/etc/gtk-2.0/gtkrc:/home/her/.gtkrc-2.0:/home/her/.config/gtkrc-2.0'), ('PATH', '/opt/ros/humble/bin:/home/her/.local/bin:/home/her/.cargo/bin:/usr/local/sbin:/usr/local/bin:/usr/bin:/usr/bin/site_perl:/usr/bin/vendor_perl:/usr/bin/core_perl:/usr/local/sbin:/usr/local/bin:/usr/sbin:/usr/bin:/sbin:/bin:/usr/sbin:/sbin:/bin'), ('SESSION_MANAGER', 'local/her-14AHP9:@/tmp/.ICE-unix/1721,unix/her-14AHP9:/tmp/.ICE-unix/1721'), ('INVOCATION_ID', 'c3d90562b9834c75aba63459c67e3912'), ('XDG_SESSION_PATH', '/org/freedesktop/DisplayManager/Session1'), ('XDG_MENU_PREFIX', 'plasma-'), ('LC_ADDRESS', 'en_US.UTF-8'), ('XDG_RUNTIME_DIR', '/run/user/1000'), ('ICEAUTHORITY', '/run/user/1000/iceauth_CnrPmg'), ('DISPLAY', ':1'), ('MCFLY_FUZZY', 'true'), ('LANG', 'en_US.UTF-8'), ('XDG_CURRENT_DESKTOP', 'KDE'), ('LC_TELEPHONE', 'en_US.UTF-8'), ('XDG_DATA_HOME', '/home/her/.local/share'), ('XDG_CONFIG_HOME', '/home/her/.config'), ('XDG_SESSION_DESKTOP', 'KDE'), ('XAUTHORITY', '/run/user/1000/xauth_aHBykp'), ('ICAST_DIR', '/home/her/SDK/ICAST'), ('MANPAGER', "sh -c 'col -bx | bat -l man -p'"), ('AMENT_PREFIX_PATH', '/home/her/turtlebot3_ws/install/turtlebot3_simulations:/home/her/turtlebot3_ws/install/turtlebot3_gazebo:/home/her/turtlebot3_ws/install/turtlebot3_fake_node:/opt/ros/humble'), ('SHELL', '/usr/bin/bash'), ('LC_NAME', 'en_US.UTF-8'), ('KONSOLE_DBUS_SERVICE', ':1.50'), ('LC_MEASUREMENT', 'en_US.UTF-8'), ('LC_IDENTIFICATION', 'en_US.UTF-8'), ('PWD', '/home/her/Documents/project/SIM_IST/build/towing'), ('MCFLY_SESSION_ID', 'u2uldFfigG6XNqPKMBGNHawj'), ('CONTAINER_ID', 'ubuntu22'), ('QT_QPA_PLATFORM', 'xcb'), ('TURTLEBOT3_MODEL', 'burger'), ('XDG_CONFIG_DIRS', '/home/her/.config/kdedefaults:/etc/xdg'), ('PYLON_ROOT', '/opt/pylon'), ('XDG_DATA_DIRS', '/usr/local/share:/usr/share'), ('STARSHIP_SESSION_KEY', '1473129513255778'), ('PYTHONPATH', '/opt/ros/humble/lib/python3.10/site-packages:/opt/ros/humble/local/lib/python3.10/dist-packages'), ('LC_NUMERIC', 'en_US.UTF-8'), ('LC_PAPER', 'en_US.UTF-8'), ('KDE_SESSION_UID', '1000'), ('GTK_USE_PORTAL', '1'), ('COLCON', '1'), ('MEMORY_PRESSURE_WRITE', 'c29tZSAyMDAwMDAgMjAwMDAwMAA='), ('GENICAM_GENTL64_PATH', ':/opt/pylon/lib/gentlproducer/gtl:/opt/pylon/lib/pylonCXP/bin/'), ('EDITOR', '/usr/bin/micro'), ('CMAKE_PREFIX_PATH', '/home/her/turtlebot3_ws/install/turtlebot3_simulations:/home/her/turtlebot3_ws/install/turtlebot3_gazebo:/home/her/turtlebot3_ws/install/turtlebot3_fake_node:/opt/ros/humble')]), 'shell': False}
[0.082249] (towing) CommandEnded: {'returncode': 0}
[0.083111] (towing) JobProgress: {'identifier': 'towing', 'progress': 'install'}
[0.090397] (towing) Command: {'cmd': ['/usr/bin/cmake', '--install', '/home/her/Documents/project/SIM_IST/build/towing'], 'cwd': '/home/her/Documents/project/SIM_IST/build/towing', 'env': OrderedDict([('PROFILEHOME', ''), ('MCFLY_RESULTS_SORT', 'LAST_RUN'), ('KDE_FULL_SESSION', 'true'), ('MAIL', '/var/spool/mail/her'), ('LANGUAGE', ''), ('USER', 'her'), ('PAM_KWALLET5_LOGIN', '/run/user/1000/kwallet5.socket'), ('LC_TIME', 'en_US.UTF-8'), ('STARSHIP_SHELL', 'fish'), ('HOSTNAME', 'her-14AHP9'), ('XDG_SESSION_TYPE', 'wayland'), ('MCFLY_INTERFACE_VIEW', 'BOTTOM'), ('MCFLY_HISTFILE', '/home/her/.zhistory'), ('KONSOLE_VERSION', '251201'), ('XDG_CACHE_HOME', '/home/her/.cache'), ('QT_WAYLAND_RECONNECT', '1'), ('SHLVL', '5'), ('LD_LIBRARY_PATH', '/usr/lib/x86_64-linux-gnu/gazebo-11/plugins:/opt/ros/humble/opt/rviz_ogre_vendor/lib:/opt/ros/humble/lib/x86_64-linux-gnu:/opt/ros/humble/lib'), ('BROWSER', 'firedragon'), ('MOTD_SHOWN', 'pam'), ('HOME', '/home/her'), ('MCFLY_HISTORY', '/dev/null'), ('MCFLY_RESULTS', '20'), ('MOZ_ENABLE_WAYLAND', '1'), ('KDE_APPLICATIONS_AS_SCOPE', '1'), ('OLDPWD', '/home/her'), ('DESKTOP_SESSION', 'plasma'), ('AMD_VULKAN_ICD', 'RADV'), ('MANROFFOPT', '-c'), ('ROS_PYTHON_VERSION', '3'), ('GTK_RC_FILES', '/etc/gtk/gtkrc:/home/her/.gtkrc:/home/her/.config/gtkrc'), ('KDE_SESSION_VERSION', '6'), ('PS1', '\\[\\e[32m\\]\\u@\\h\\[\\e[0m\\]:\\[\\e[34m\\]\\w\\[\\e[0m\\]$'), ('LC_MONETARY', 'en_US.UTF-8'), ('KONSOLE_DBUS_SESSION', '/Sessions/1'), ('MANAGERPID', '1395'), ('DISTROBOX_ENTER_PATH', '/usr/bin/distrobox-enter'), ('SYSTEMD_EXEC_PID', '2010'), ('VISUAL', 'kate'), ('XDG_STATE_HOME', '/home/her/.local/state'), ('DBUS_SESSION_BUS_ADDRESS', 'unix:path=/run/user/1000/bus'), ('COLORTERM', 'truecolor'), ('container', 'sudo podman'), ('KONSOLE_DBUS_ACTIVATION_COOKIE', 'PfCqUJU7mYDAFj7xG4QKg7pbSBLbJEs1ziXPnmrusgE='), ('MCFLY_HISTORY_FORMAT', 'zsh'), ('KONSOLE_DBUS_WINDOW', '/Windows/1'), ('DEBUGINFOD_URLS', 'https://debuginfod.archlinux.org'), ('WAYLAND_DISPLAY', 'wayland-0'), ('COLCON_PREFIX_PATH', '/home/her/turtlebot3_ws/install'), ('XKB_DEFAULT_LAYOUT', 'us'), ('ROS_DISTRO', 'humble'), ('LOGNAME', 'her'), ('WINDOWID', '94815607347152'), ('MANAGERPIDFDID', '1396'), ('JOURNAL_STREAM', '9:31941'), ('_', '/usr/bin/colcon'), ('ROS_VERSION', '2'), ('MEMORY_PRESSURE_WATCH', '/sys/fs/cgroup/user.slice/user-1000.slice/user@1000.service/app.slice/app-org.kde.plasma\\x2dfallback\\x2dsession\\x2drestore@autostart.service/memory.pressure'), ('XDG_SESSION_CLASS', 'user'), ('COLORFGBG', '15;0'), ('TERMINFO_DIRS', '/usr/share/terminfo:/run/host/usr/share/terminfo'), ('TERM', 'xterm-256color'), ('XDG_SESSION_ID', '2'), ('ROS_LOCALHOST_ONLY', '0'), ('GTK2_RC_FILES', '/etc/gtk-2.0/gtkrc:/home/her/.gtkrc-2.0:/home/her/.config/gtkrc-2.0'), ('PATH', '/opt/ros/humble/bin:/home/her/.local/bin:/home/her/.cargo/bin:/usr/local/sbin:/usr/local/bin:/usr/bin:/usr/bin/site_perl:/usr/bin/vendor_perl:/usr/bin/core_perl:/usr/local/sbin:/usr/local/bin:/usr/sbin:/usr/bin:/sbin:/bin:/usr/sbin:/sbin:/bin'), ('SESSION_MANAGER', 'local/her-14AHP9:@/tmp/.ICE-unix/1721,unix/her-14AHP9:/tmp/.ICE-unix/1721'), ('INVOCATION_ID', 'c3d90562b9834c75aba63459c67e3912'), ('XDG_SESSION_PATH', '/org/freedesktop/DisplayManager/Session1'), ('XDG_MENU_PREFIX', 'plasma-'), ('LC_ADDRESS', 'en_US.UTF-8'), ('XDG_RUNTIME_DIR', '/run/user/1000'), ('ICEAUTHORITY', '/run/user/1000/iceauth_CnrPmg'), ('DISPLAY', ':1'), ('MCFLY_FUZZY', 'true'), ('LANG', 'en_US.UTF-8'), ('XDG_CURRENT_DESKTOP', 'KDE'), ('LC_TELEPHONE', 'en_US.UTF-8'), ('XDG_DATA_HOME', '/home/her/.local/share'), ('XDG_CONFIG_HOME', '/home/her/.config'), ('XDG_SESSION_DESKTOP', 'KDE'), ('XAUTHORITY', '/run/user/1000/xauth_aHBykp'), ('ICAST_DIR', '/home/her/SDK/ICAST'), ('MANPAGER', "sh -c 'col -bx | bat -l man -p'"), ('AMENT_PREFIX_PATH', '/home/her/turtlebot3_ws/install/turtlebot3_simulations:/home/her/turtlebot3_ws/install/turtlebot3_gazebo:/home/her/turtlebot3_ws/install/turtlebot3_fake_node:/opt/ros/humble'), ('SHELL', '/usr/bin/bash'), ('LC_NAME', 'en_US.UTF-8'), ('KONSOLE_DBUS_SERVICE', ':1.50'), ('LC_MEASUREMENT', 'en_US.UTF-8'), ('LC_IDENTIFICATION', 'en_US.UTF-8'), ('PWD', '/home/her/Documents/project/SIM_IST/build/towing'), ('MCFLY_SESSION_ID', 'u2uldFfigG6XNqPKMBGNHawj'), ('CONTAINER_ID', 'ubuntu22'), ('QT_QPA_PLATFORM', 'xcb'), ('TURTLEBOT3_MODEL', 'burger'), ('XDG_CONFIG_DIRS', '/home/her/.config/kdedefaults:/etc/xdg'), ('PYLON_ROOT', '/opt/pylon'), ('XDG_DATA_DIRS', '/usr/local/share:/usr/share'), ('STARSHIP_SESSION_KEY', '1473129513255778'), ('PYTHONPATH', '/opt/ros/humble/lib/python3.10/site-packages:/opt/ros/humble/local/lib/python3.10/dist-packages'), ('LC_NUMERIC', 'en_US.UTF-8'), ('LC_PAPER', 'en_US.UTF-8'), ('KDE_SESSION_UID', '1000'), ('GTK_USE_PORTAL', '1'), ('COLCON', '1'), ('MEMORY_PRESSURE_WRITE', 'c29tZSAyMDAwMDAgMjAwMDAwMAA='), ('GENICAM_GENTL64_PATH', ':/opt/pylon/lib/gentlproducer/gtl:/opt/pylon/lib/pylonCXP/bin/'), ('EDITOR', '/usr/bin/micro'), ('CMAKE_PREFIX_PATH', '/home/her/turtlebot3_ws/install/turtlebot3_simulations:/home/her/turtlebot3_ws/install/turtlebot3_gazebo:/home/her/turtlebot3_ws/install/turtlebot3_fake_node:/opt/ros/humble')]), 'shell': False}
[0.095601] (towing) StdoutLine: {'line': b'-- Install configuration: ""\n'}
[0.095992] (towing) StdoutLine: {'line': b'-- Execute custom install script\n'}
[0.096237] (towing) StdoutLine: {'line': b'-- Up-to-date symlink: /home/her/Documents/project/SIM_IST/install/towing/share/towing//launch/all.launch.py\n'}
[0.096331] (towing) StdoutLine: {'line': b'-- Up-to-date symlink: /home/her/Documents/project/SIM_IST/install/towing/share/towing//launch/display.launch.py\n'}
[0.096420] (towing) StdoutLine: {'line': b'-- Up-to-date symlink: /home/her/Documents/project/SIM_IST/install/towing/share/towing//launch/gazebo.launch.py\n'}
[0.096586] (towing) StdoutLine: {'line': b'-- Up-to-date symlink: /home/her/Documents/project/SIM_IST/install/towing/share/towing//urdf/gazebo_plugin.xacro\n'}
[0.096662] (towing) StdoutLine: {'line': b'-- Up-to-date symlink: /home/her/Documents/project/SIM_IST/install/towing/share/towing//urdf/gazebo_properties.xacro\n'}
[0.096737] (towing) StdoutLine: {'line': b'-- Up-to-date symlink: /home/her/Documents/project/SIM_IST/install/towing/share/towing//urdf/towing.csv\n'}
[0.096821] (towing) StdoutLine: {'line': b'-- Up-to-date symlink: /home/her/Documents/project/SIM_IST/install/towing/share/towing//urdf/towing.urdf.xacro\n'}
[0.096883] (towing) StdoutLine: {'line': b'-- Symlinking: /home/her/Documents/project/SIM_IST/install/towing/share/towing//urdf/towing_core copy.xacro\n'}
[0.099312] (-) TimerEvent: {}
[0.102714] (towing) StdoutLine: {'line': b'-- Up-to-date symlink: /home/her/Documents/project/SIM_IST/install/towing/share/towing//urdf/towing_core.xacro\n'}
[0.103067] (towing) StdoutLine: {'line': b'-- Up-to-date symlink: /home/her/Documents/project/SIM_IST/install/towing/share/towing//config/joint_names_towing.yaml\n'}
[0.103854] (towing) StdoutLine: {'line': b'-- Up-to-date symlink: /home/her/Documents/project/SIM_IST/install/towing/share/towing//models/towing/meshes/base_link.STL\n'}
[0.103936] (towing) StdoutLine: {'line': b'-- Up-to-date symlink: /home/her/Documents/project/SIM_IST/install/towing/share/towing//models/towing/meshes/flwheel.STL\n'}
[0.104022] (towing) StdoutLine: {'line': b'-- Up-to-date symlink: /home/her/Documents/project/SIM_IST/install/towing/share/towing//models/towing/meshes/frwheel.STL\n'}
[0.104100] (towing) StdoutLine: {'line': b'-- Up-to-date symlink: /home/her/Documents/project/SIM_IST/install/towing/share/towing//models/towing/meshes/lftowwheel.STL\n'}
[0.104178] (towing) StdoutLine: {'line': b'-- Up-to-date symlink: /home/her/Documents/project/SIM_IST/install/towing/share/towing//models/towing/meshes/lrtowwheel.STL\n'}
[0.104258] (towing) StdoutLine: {'line': b'-- Up-to-date symlink: /home/her/Documents/project/SIM_IST/install/towing/share/towing//models/towing/meshes/ltowsteer.STL\n'}
[0.104337] (towing) StdoutLine: {'line': b'-- Up-to-date symlink: /home/her/Documents/project/SIM_IST/install/towing/share/towing//models/towing/meshes/lwhell.STL\n'}
[0.104417] (towing) StdoutLine: {'line': b'-- Up-to-date symlink: /home/her/Documents/project/SIM_IST/install/towing/share/towing//models/towing/meshes/rftowwheel.STL\n'}
[0.104496] (towing) StdoutLine: {'line': b'-- Up-to-date symlink: /home/her/Documents/project/SIM_IST/install/towing/share/towing//models/towing/meshes/rrtowwheel.STL\n'}
[0.104576] (towing) StdoutLine: {'line': b'-- Up-to-date symlink: /home/her/Documents/project/SIM_IST/install/towing/share/towing//models/towing/meshes/rtowsteer.STL\n'}
[0.104665] (towing) StdoutLine: {'line': b'-- Up-to-date symlink: /home/her/Documents/project/SIM_IST/install/towing/share/towing//models/towing/meshes/rwheel.STL\n'}
[0.104750] (towing) StdoutLine: {'line': b'-- Up-to-date symlink: /home/her/Documents/project/SIM_IST/install/towing/share/towing//models/towing/meshes/steer.STL\n'}
[0.104843] (towing) StdoutLine: {'line': b'-- Up-to-date symlink: /home/her/Documents/project/SIM_IST/install/towing/share/towing//models/towing/meshes/tow.STL\n'}
[0.104916] (towing) StdoutLine: {'line': b'-- Up-to-date symlink: /home/her/Documents/project/SIM_IST/install/towing/share/towing//models/towing/model.config\n'}
[0.105152] (towing) StdoutLine: {'line': b'-- Up-to-date symlink: /home/her/Documents/project/SIM_IST/install/towing/share/towing//meshes/base_link.STL\n'}
[0.105229] (towing) StdoutLine: {'line': b'-- Up-to-date symlink: /home/her/Documents/project/SIM_IST/install/towing/share/towing//meshes/flwheel.STL\n'}
[0.105307] (towing) StdoutLine: {'line': b'-- Up-to-date symlink: /home/her/Documents/project/SIM_IST/install/towing/share/towing//meshes/frwheel.STL\n'}
[0.105388] (towing) StdoutLine: {'line': b'-- Up-to-date symlink: /home/her/Documents/project/SIM_IST/install/towing/share/towing//meshes/lftowwheel.STL\n'}
[0.105466] (towing) StdoutLine: {'line': b'-- Up-to-date symlink: /home/her/Documents/project/SIM_IST/install/towing/share/towing//meshes/lrtowwheel.STL\n'}
[0.105543] (towing) StdoutLine: {'line': b'-- Up-to-date symlink: /home/her/Documents/project/SIM_IST/install/towing/share/towing//meshes/ltowsteer.STL\n'}
[0.106224] (towing) StdoutLine: {'line': b'-- Up-to-date symlink: /home/her/Documents/project/SIM_IST/install/towing/share/towing//meshes/lwhell.STL\n'}
[0.106318] (towing) StdoutLine: {'line': b'-- Up-to-date symlink: /home/her/Documents/project/SIM_IST/install/towing/share/towing//meshes/rftowwheel.STL\n'}
[0.106399] (towing) StdoutLine: {'line': b'-- Up-to-date symlink: /home/her/Documents/project/SIM_IST/install/towing/share/towing//meshes/rrtowwheel.STL\n'}
[0.106478] (towing) StdoutLine: {'line': b'-- Up-to-date symlink: /home/her/Documents/project/SIM_IST/install/towing/share/towing//meshes/rtowsteer.STL\n'}
[0.106554] (towing) StdoutLine: {'line': b'-- Up-to-date symlink: /home/her/Documents/project/SIM_IST/install/towing/share/towing//meshes/rwheel.STL\n'}
[0.106630] (towing) StdoutLine: {'line': b'-- Up-to-date symlink: /home/her/Documents/project/SIM_IST/install/towing/share/towing//meshes/steer.STL\n'}
[0.106707] (towing) StdoutLine: {'line': b'-- Up-to-date symlink: /home/her/Documents/project/SIM_IST/install/towing/share/towing//meshes/tow.STL\n'}
[0.106830] (towing) StdoutLine: {'line': b'-- Up-to-date symlink: /home/her/Documents/project/SIM_IST/install/towing/share/towing//urdf.rviz\n'}
[0.106947] (towing) StdoutLine: {'line': b'-- Up-to-date symlink: /home/her/Documents/project/SIM_IST/install/towing/share/ament_index/resource_index/package_run_dependencies/towing\n'}
[0.107055] (towing) StdoutLine: {'line': b'-- Up-to-date symlink: /home/her/Documents/project/SIM_IST/install/towing/share/ament_index/resource_index/parent_prefix_path/towing\n'}
[0.107159] (towing) StdoutLine: {'line': b'-- Up-to-date symlink: /home/her/Documents/project/SIM_IST/install/towing/share/towing/environment/ament_prefix_path.sh\n'}
[0.107257] (towing) StdoutLine: {'line': b'-- Up-to-date symlink: /home/her/Documents/project/SIM_IST/install/towing/share/towing/environment/ament_prefix_path.dsv\n'}
[0.107360] (towing) StdoutLine: {'line': b'-- Up-to-date symlink: /home/her/Documents/project/SIM_IST/install/towing/share/towing/environment/path.sh\n'}
[0.107449] (towing) StdoutLine: {'line': b'-- Up-to-date symlink: /home/her/Documents/project/SIM_IST/install/towing/share/towing/environment/path.dsv\n'}
[0.107548] (towing) StdoutLine: {'line': b'-- Up-to-date symlink: /home/her/Documents/project/SIM_IST/install/towing/share/towing/local_setup.bash\n'}
[0.107639] (towing) StdoutLine: {'line': b'-- Up-to-date symlink: /home/her/Documents/project/SIM_IST/install/towing/share/towing/local_setup.sh\n'}
[0.107730] (towing) StdoutLine: {'line': b'-- Up-to-date symlink: /home/her/Documents/project/SIM_IST/install/towing/share/towing/local_setup.zsh\n'}
[0.107822] (towing) StdoutLine: {'line': b'-- Up-to-date symlink: /home/her/Documents/project/SIM_IST/install/towing/share/towing/local_setup.dsv\n'}
[0.107887] (towing) StdoutLine: {'line': b'-- Symlinking: /home/her/Documents/project/SIM_IST/install/towing/share/towing/package.dsv\n'}
[0.115228] (towing) StdoutLine: {'line': b'-- Up-to-date symlink: /home/her/Documents/project/SIM_IST/install/towing/share/ament_index/resource_index/packages/towing\n'}
[0.115440] (towing) StdoutLine: {'line': b'-- Up-to-date symlink: /home/her/Documents/project/SIM_IST/install/towing/share/towing/cmake/towingConfig.cmake\n'}
[0.115594] (towing) StdoutLine: {'line': b'-- Up-to-date symlink: /home/her/Documents/project/SIM_IST/install/towing/share/towing/cmake/towingConfig-version.cmake\n'}
[0.115727] (towing) StdoutLine: {'line': b'-- Up-to-date symlink: /home/her/Documents/project/SIM_IST/install/towing/share/towing/package.xml\n'}
[0.117462] (towing) CommandEnded: {'returncode': 0}
[0.129425] (towing) JobEnded: {'identifier': 'towing', 'rc': 0}
[0.129879] (-) EventReactorShutdown: {}
