[0.000000] (-) TimerEvent: {}
[0.000575] (towing) JobQueued: {'identifier': 'towing', 'dependencies': OrderedDict()}
[0.000769] (towing) JobStarted: {'identifier': 'towing'}
[0.006659] (towing) JobProgress: {'identifier': 'towing', 'progress': 'cmake'}
[0.007196] (towing) JobProgress: {'identifier': 'towing', 'progress': 'build'}
[0.007734] (towing) Command: {'cmd': ['/usr/bin/cmake', '--build', '/home/her/Documents/project/SIM_IST/build/towing', '--', '-j16', '-l16'], 'cwd': '/home/her/Documents/project/SIM_IST/build/towing', 'env': OrderedDict([('PROFILEHOME', ''), ('MCFLY_RESULTS_SORT', 'LAST_RUN'), ('KDE_FULL_SESSION', 'true'), ('MAIL', '/var/spool/mail/her'), ('LANGUAGE', ''), ('USER', 'her'), ('PAM_KWALLET5_LOGIN', '/run/user/1000/kwallet5.socket'), ('LC_TIME', 'en_US.UTF-8'), ('STARSHIP_SHELL', 'fish'), ('HOSTNAME', 'her-14AHP9'), ('XDG_SESSION_TYPE', 'wayland'), ('MCFLY_INTERFACE_VIEW', 'BOTTOM'), ('MCFLY_HISTFILE', '/home/her/.zhistory'), ('KONSOLE_VERSION', '251201'), ('XDG_CACHE_HOME', '/home/her/.cache'), ('QT_WAYLAND_RECONNECT', '1'), ('SHLVL', '5'), ('LD_LIBRARY_PATH', '/usr/lib/x86_64-linux-gnu/gazebo-11/plugins:/opt/ros/humble/opt/rviz_ogre_vendor/lib:/opt/ros/humble/lib/x86_64-linux-gnu:/opt/ros/humble/lib'), ('BROWSER', 'firedragon'), ('MOTD_SHOWN', 'pam'), ('HOME', '/home/her'), ('MCFLY_HISTORY', '/dev/null'), ('MCFLY_RESULTS', '20'), ('MOZ_ENABLE_WAYLAND', '1'), ('KDE_APPLICATIONS_AS_SCOPE', '1'), ('OLDPWD', '/home/her'), ('DESKTOP_SESSION', 'plasma'), ('AMD_VULKAN_ICD', 'RADV'), ('MANROFFOPT', '-c'), ('ROS_PYTHON_VERSION', '3'), ('GTK_RC_FILES', '/etc/gtk/gtkrc:/home/her/.gtkrc:/home/her/.config/gtkrc'), ('KDE_SESSION_VERSION', '6'), ('PS1', '\\[\\e[32m\\]\\u@\\h\\[\\e[0m\\]:\\[\\e[34m\\]\\w\\[\\e[0m\\]$'), ('LC_MONETARY', 'en_US.UTF-8'), ('KONSOLE_DBUS_SESSION', '/Sessions/1'), ('MANAGERPID', '1395'), ('DISTROBOX_ENTER_PATH', '/usr/bin/distrobox-enter'), ('SYSTEMD_EXEC_PID', '2010'), ('VISUAL', 'kate'), ('XDG_STATE_HOME', '/home/her/.local/state'), ('DBUS_SESSION_BUS_ADDRESS', 'unix:path=/run/user/1000/bus'), ('COLORTERM', 'truecolor'), ('container', 'sudo podman'), ('KONSOLE_DBUS_ACTIVATION_COOKIE', 'PfCqUJU7mYDAFj7xG4QKg7pbSBLbJEs1ziXPnmrusgE='), ('MCFLY_HISTORY_FORMAT', 'zsh'), ('KONSOLE_DBUS_WINDOW', '/Windows/1'), ('DEBUGINFOD_URLS', 'https://debuginfod.archlinux.org'), ('WAYLAND_DISPLAY', 'wayland-0'), ('COLCON_PREFIX_PATH', '/home/her/Documents/project/SIM_IST/install:/home/her/turtlebot3_ws/install'), ('XKB_DEFAULT_LAYOUT', 'us'), ('ROS_DISTRO', 'humble'), ('LOGNAME', 'her'), ('WINDOWID', '94815607347152'), ('MANAGERPIDFDID', '1396'), ('JOURNAL_STREAM', '9:31941'), ('_', '/usr/bin/colcon'), ('ROS_VERSION', '2'), ('MEMORY_PRESSURE_WATCH', '/sys/fs/cgroup/user.slice/user-1000.slice/user@1000.service/app.slice/app-org.kde.plasma\\x2dfallback\\x2dsession\\x2drestore@autostart.service/memory.pressure'), ('XDG_SESSION_CLASS', 'user'), ('COLORFGBG', '15;0'), ('TERMINFO_DIRS', '/usr/share/terminfo:/run/host/usr/share/terminfo'), ('TERM', 'xterm-256color'), ('XDG_SESSION_ID', '2'), ('ROS_LOCALHOST_ONLY', '0'), ('GTK2_RC_FILES', '/etc/gtk-2.0/gtkrc:/home/her/.gtkrc-2.0:/home/her/.config/gtkrc-2.0'), ('PATH', '/opt/ros/humble/bin:/home/her/.local/bin:/home/her/.cargo/bin:/usr/local/sbin:/usr/local/bin:/usr/bin:/usr/bin/site_perl:/usr/bin/vendor_perl:/usr/bin/core_perl:/usr/local/sbin:/usr/local/bin:/usr/sbin:/usr/bin:/sbin:/bin:/usr/sbin:/sbin:/bin'), ('SESSION_MANAGER', 'local/her-14AHP9:@/tmp/.ICE-unix/1721,unix/her-14AHP9:/tmp/.ICE-unix/1721'), ('INVOCATION_ID', 'c3d90562b9834c75aba63459c67e3912'), ('XDG_SESSION_PATH', '/org/freedesktop/DisplayManager/Session1'), ('XDG_MENU_PREFIX', 'plasma-'), ('LC_ADDRESS', 'en_US.UTF-8'), ('XDG_RUNTIME_DIR', '/run/user/1000'), ('ICEAUTHORITY', '/run/user/1000/iceauth_CnrPmg'), ('DISPLAY', ':1'), ('MCFLY_FUZZY', 'true'), ('LANG', 'en_US.UTF-8'), ('XDG_CURRENT_DESKTOP', 'KDE'), ('LC_TELEPHONE', 'en_US.UTF-8'), ('XDG_DATA_HOME', '/home/her/.local/share'), ('XDG_CONFIG_HOME', '/home/her/.config'), ('XDG_SESSION_DESKTOP', 'KDE'), ('XAUTHORITY', '/run/user/1000/xauth_aHBykp'), ('ICAST_DIR', '/home/her/SDK/ICAST'), ('MANPAGER', "sh -c 'col -bx | bat -l man -p'"), ('AMENT_PREFIX_PATH', '/home/her/Documents/project/SIM_IST/install/towing:/home/her/turtlebot3_ws/install/turtlebot3_simulations:/home/her/turtlebot3_ws/install/turtlebot3_gazebo:/home/her/turtlebot3_ws/install/turtlebot3_fake_node:/opt/ros/humble'), ('SHELL', '/usr/bin/bash'), ('LC_NAME', 'en_US.UTF-8'), ('KONSOLE_DBUS_SERVICE', ':1.50'), ('LC_MEASUREMENT', 'en_US.UTF-8'), ('LC_IDENTIFICATION', 'en_US.UTF-8'), ('PWD', '/home/her/Documents/project/SIM_IST/build/towing'), ('MCFLY_SESSION_ID', 'u2uldFfigG6XNqPKMBGNHawj'), ('CONTAINER_ID', 'ubuntu22'), ('QT_QPA_PLATFORM', 'xcb'), ('TURTLEBOT3_MODEL', 'burger'), ('XDG_CONFIG_DIRS', '/home/her/.config/kdedefaults:/etc/xdg'), ('PYLON_ROOT', '/opt/pylon'), ('XDG_DATA_DIRS', '/usr/local/share:/usr/share'), ('STARSHIP_SESSION_KEY', '1473129513255778'), ('PYTHONPATH', '/opt/ros/humble/lib/python3.10/site-packages:/opt/ros/humble/local/lib/python3.10/dist-packages'), ('LC_NUMERIC', 'en_US.UTF-8'), ('LC_PAPER', 'en_US.UTF-8'), ('KDE_SESSION_UID', '1000'), ('GTK_USE_PORTAL', '1'), ('COLCON', '1'), ('MEMORY_PRESSURE_WRITE', 'c29tZSAyMDAwMDAgMjAwMDAwMAA='), ('GENICAM_GENTL64_PATH', ':/opt/pylon/lib/gentlproducer/gtl:/opt/pylon/lib/pylonCXP/bin/'), ('EDITOR', '/usr/bin/micro'), ('CMAKE_PREFIX_PATH', '/home/her/Documents/project/SIM_IST/install/towing:/home/her/turtlebot3_ws/install/turtlebot3_simulations:/home/her/turtlebot3_ws/install/turtlebot3_gazebo:/home/her/turtlebot3_ws/install/turtlebot3_fake_node:/opt/ros/humble')]), 'shell': False}
[0.057130] (towing) StdoutLine: {'line': b'\x1b[35m\x1b[1mConsolidate compiler generated dependencies of target towing_controller\x1b[0m\n'}
[0.099691] (-) TimerEvent: {}
[0.116439] (towing) StdoutLine: {'line': b'[ 50%] \x1b[32mBuilding CXX object CMakeFiles/towing_controller.dir/src/towing_controller.cpp.o\x1b[0m\n'}
[0.199852] (-) TimerEvent: {}
[0.300321] (-) TimerEvent: {}
[0.400659] (-) TimerEvent: {}
[0.500976] (-) TimerEvent: {}
[0.601285] (-) TimerEvent: {}
[0.701627] (-) TimerEvent: {}
[0.801971] (-) TimerEvent: {}
[0.902320] (-) TimerEvent: {}
[1.002702] (-) TimerEvent: {}
[1.103042] (-) TimerEvent: {}
[1.203402] (-) TimerEvent: {}
[1.303775] (-) TimerEvent: {}
[1.404148] (-) TimerEvent: {}
[1.504544] (-) TimerEvent: {}
[1.604875] (-) TimerEvent: {}
[1.705233] (-) TimerEvent: {}
[1.805637] (-) TimerEvent: {}
[1.906017] (-) TimerEvent: {}
[2.006376] (-) TimerEvent: {}
[2.106710] (-) TimerEvent: {}
[2.207051] (-) TimerEvent: {}
[2.307375] (-) TimerEvent: {}
[2.407797] (-) TimerEvent: {}
[2.508207] (-) TimerEvent: {}
[2.608647] (-) TimerEvent: {}
[2.709016] (-) TimerEvent: {}
[2.809440] (-) TimerEvent: {}
[2.909811] (-) TimerEvent: {}
[3.010221] (-) TimerEvent: {}
[3.110620] (-) TimerEvent: {}
[3.211010] (-) TimerEvent: {}
[3.311411] (-) TimerEvent: {}
[3.411783] (-) TimerEvent: {}
[3.512133] (-) TimerEvent: {}
[3.612507] (-) TimerEvent: {}
[3.712866] (-) TimerEvent: {}
[3.813210] (-) TimerEvent: {}
[3.913609] (-) TimerEvent: {}
[4.013970] (-) TimerEvent: {}
[4.114378] (-) TimerEvent: {}
[4.214760] (-) TimerEvent: {}
[4.315167] (-) TimerEvent: {}
[4.415638] (-) TimerEvent: {}
[4.516051] (-) TimerEvent: {}
[4.616396] (-) TimerEvent: {}
[4.716732] (-) TimerEvent: {}
[4.817074] (-) TimerEvent: {}
[4.917504] (-) TimerEvent: {}
[5.017950] (-) TimerEvent: {}
[5.118379] (-) TimerEvent: {}
[5.218729] (-) TimerEvent: {}
[5.319107] (-) TimerEvent: {}
[5.419477] (-) TimerEvent: {}
[5.519807] (-) TimerEvent: {}
[5.620221] (-) TimerEvent: {}
[5.720678] (-) TimerEvent: {}
[5.820996] (-) TimerEvent: {}
[5.921358] (-) TimerEvent: {}
[6.021698] (-) TimerEvent: {}
[6.122064] (-) TimerEvent: {}
[6.222417] (-) TimerEvent: {}
[6.322734] (-) TimerEvent: {}
[6.423072] (-) TimerEvent: {}
[6.523405] (-) TimerEvent: {}
[6.623857] (-) TimerEvent: {}
[6.724257] (-) TimerEvent: {}
[6.824589] (-) TimerEvent: {}
[6.924931] (-) TimerEvent: {}
[7.025265] (-) TimerEvent: {}
[7.125692] (-) TimerEvent: {}
[7.226076] (-) TimerEvent: {}
[7.326389] (-) TimerEvent: {}
[7.426757] (-) TimerEvent: {}
[7.527122] (-) TimerEvent: {}
[7.627532] (-) TimerEvent: {}
[7.727887] (-) TimerEvent: {}
[7.828282] (-) TimerEvent: {}
[7.928652] (-) TimerEvent: {}
[8.028997] (-) TimerEvent: {}
[8.129367] (-) TimerEvent: {}
[8.229711] (-) TimerEvent: {}
[8.330124] (-) TimerEvent: {}
[8.430538] (-) TimerEvent: {}
[8.530877] (-) TimerEvent: {}
[8.631182] (-) TimerEvent: {}
[8.731558] (-) TimerEvent: {}
[8.831900] (-) TimerEvent: {}
[8.932223] (-) TimerEvent: {}
[9.032577] (-) TimerEvent: {}
[9.132885] (-) TimerEvent: {}
[9.233263] (-) TimerEvent: {}
[9.333625] (-) TimerEvent: {}
[9.433969] (-) TimerEvent: {}
[9.534225] (-) TimerEvent: {}
[9.634537] (-) TimerEvent: {}
[9.734880] (-) TimerEvent: {}
[9.835233] (-) TimerEvent: {}
[9.935652] (-) TimerEvent: {}
[10.036030] (-) TimerEvent: {}
[10.136400] (-) TimerEvent: {}
[10.236775] (-) TimerEvent: {}
[10.337099] (-) TimerEvent: {}
[10.437376] (-) TimerEvent: {}
[10.537682] (-) TimerEvent: {}
[10.638018] (-) TimerEvent: {}
[10.738416] (-) TimerEvent: {}
[10.838796] (-) TimerEvent: {}
[10.939142] (-) TimerEvent: {}
[11.039562] (-) TimerEvent: {}
[11.139965] (-) TimerEvent: {}
[11.240398] (-) TimerEvent: {}
[11.340747] (-) TimerEvent: {}
[11.441062] (-) TimerEvent: {}
[11.541386] (-) TimerEvent: {}
[11.641684] (-) TimerEvent: {}
[11.742074] (-) TimerEvent: {}
[11.842496] (-) TimerEvent: {}
[11.942871] (-) TimerEvent: {}
[12.043253] (-) TimerEvent: {}
[12.143554] (-) TimerEvent: {}
[12.243879] (-) TimerEvent: {}
[12.344256] (-) TimerEvent: {}
[12.444949] (-) TimerEvent: {}
[12.545589] (-) TimerEvent: {}
[12.646172] (-) TimerEvent: {}
[12.746538] (-) TimerEvent: {}
[12.769922] (towing) StdoutLine: {'line': b'[100%] \x1b[32m\x1b[1mLinking CXX shared library libtowing_controller.so\x1b[0m\n'}
[12.846657] (-) TimerEvent: {}
[12.947002] (-) TimerEvent: {}
[13.047387] (-) TimerEvent: {}
[13.147751] (-) TimerEvent: {}
[13.248068] (-) TimerEvent: {}
[13.328174] (towing) StdoutLine: {'line': b'[100%] Built target towing_controller\n'}
[13.338633] (towing) CommandEnded: {'returncode': 0}
[13.339810] (towing) JobProgress: {'identifier': 'towing', 'progress': 'install'}
[13.347768] (towing) Command: {'cmd': ['/usr/bin/cmake', '--install', '/home/her/Documents/project/SIM_IST/build/towing'], 'cwd': '/home/her/Documents/project/SIM_IST/build/towing', 'env': OrderedDict([('PROFILEHOME', ''), ('MCFLY_RESULTS_SORT', 'LAST_RUN'), ('KDE_FULL_SESSION', 'true'), ('MAIL', '/var/spool/mail/her'), ('LANGUAGE', ''), ('USER', 'her'), ('PAM_KWALLET5_LOGIN', '/run/user/1000/kwallet5.socket'), ('LC_TIME', 'en_US.UTF-8'), ('STARSHIP_SHELL', 'fish'), ('HOSTNAME', 'her-14AHP9'), ('XDG_SESSION_TYPE', 'wayland'), ('MCFLY_INTERFACE_VIEW', 'BOTTOM'), ('MCFLY_HISTFILE', '/home/her/.zhistory'), ('KONSOLE_VERSION', '251201'), ('XDG_CACHE_HOME', '/home/her/.cache'), ('QT_WAYLAND_RECONNECT', '1'), ('SHLVL', '5'), ('LD_LIBRARY_PATH', '/usr/lib/x86_64-linux-gnu/gazebo-11/plugins:/opt/ros/humble/opt/rviz_ogre_vendor/lib:/opt/ros/humble/lib/x86_64-linux-gnu:/opt/ros/humble/lib'), ('BROWSER', 'firedragon'), ('MOTD_SHOWN', 'pam'), ('HOME', '/home/her'), ('MCFLY_HISTORY', '/dev/null'), ('MCFLY_RESULTS', '20'), ('MOZ_ENABLE_WAYLAND', '1'), ('KDE_APPLICATIONS_AS_SCOPE', '1'), ('OLDPWD', '/home/her'), ('DESKTOP_SESSION', 'plasma'), ('AMD_VULKAN_ICD', 'RADV'), ('MANROFFOPT', '-c'), ('ROS_PYTHON_VERSION', '3'), ('GTK_RC_FILES', '/etc/gtk/gtkrc:/home/her/.gtkrc:/home/her/.config/gtkrc'), ('KDE_SESSION_VERSION', '6'), ('PS1', '\\[\\e[32m\\]\\u@\\h\\[\\e[0m\\]:\\[\\e[34m\\]\\w\\[\\e[0m\\]$'), ('LC_MONETARY', 'en_US.UTF-8'), ('KONSOLE_DBUS_SESSION', '/Sessions/1'), ('MANAGERPID', '1395'), ('DISTROBOX_ENTER_PATH', '/usr/bin/distrobox-enter'), ('SYSTEMD_EXEC_PID', '2010'), ('VISUAL', 'kate'), ('XDG_STATE_HOME', '/home/her/.local/state'), ('DBUS_SESSION_BUS_ADDRESS', 'unix:path=/run/user/1000/bus'), ('COLORTERM', 'truecolor'), ('container', 'sudo podman'), ('KONSOLE_DBUS_ACTIVATION_COOKIE', 'PfCqUJU7mYDAFj7xG4QKg7pbSBLbJEs1ziXPnmrusgE='), ('MCFLY_HISTORY_FORMAT', 'zsh'), ('KONSOLE_DBUS_WINDOW', '/Windows/1'), ('DEBUGINFOD_URLS', 'https://debuginfod.archlinux.org'), ('WAYLAND_DISPLAY', 'wayland-0'), ('COLCON_PREFIX_PATH', '/home/her/Documents/project/SIM_IST/install:/home/her/turtlebot3_ws/install'), ('XKB_DEFAULT_LAYOUT', 'us'), ('ROS_DISTRO', 'humble'), ('LOGNAME', 'her'), ('WINDOWID', '94815607347152'), ('MANAGERPIDFDID', '1396'), ('JOURNAL_STREAM', '9:31941'), ('_', '/usr/bin/colcon'), ('ROS_VERSION', '2'), ('MEMORY_PRESSURE_WATCH', '/sys/fs/cgroup/user.slice/user-1000.slice/user@1000.service/app.slice/app-org.kde.plasma\\x2dfallback\\x2dsession\\x2drestore@autostart.service/memory.pressure'), ('XDG_SESSION_CLASS', 'user'), ('COLORFGBG', '15;0'), ('TERMINFO_DIRS', '/usr/share/terminfo:/run/host/usr/share/terminfo'), ('TERM', 'xterm-256color'), ('XDG_SESSION_ID', '2'), ('ROS_LOCALHOST_ONLY', '0'), ('GTK2_RC_FILES', '/etc/gtk-2.0/gtkrc:/home/her/.gtkrc-2.0:/home/her/.config/gtkrc-2.0'), ('PATH', '/opt/ros/humble/bin:/home/her/.local/bin:/home/her/.cargo/bin:/usr/local/sbin:/usr/local/bin:/usr/bin:/usr/bin/site_perl:/usr/bin/vendor_perl:/usr/bin/core_perl:/usr/local/sbin:/usr/local/bin:/usr/sbin:/usr/bin:/sbin:/bin:/usr/sbin:/sbin:/bin'), ('SESSION_MANAGER', 'local/her-14AHP9:@/tmp/.ICE-unix/1721,unix/her-14AHP9:/tmp/.ICE-unix/1721'), ('INVOCATION_ID', 'c3d90562b9834c75aba63459c67e3912'), ('XDG_SESSION_PATH', '/org/freedesktop/DisplayManager/Session1'), ('XDG_MENU_PREFIX', 'plasma-'), ('LC_ADDRESS', 'en_US.UTF-8'), ('XDG_RUNTIME_DIR', '/run/user/1000'), ('ICEAUTHORITY', '/run/user/1000/iceauth_CnrPmg'), ('DISPLAY', ':1'), ('MCFLY_FUZZY', 'true'), ('LANG', 'en_US.UTF-8'), ('XDG_CURRENT_DESKTOP', 'KDE'), ('LC_TELEPHONE', 'en_US.UTF-8'), ('XDG_DATA_HOME', '/home/her/.local/share'), ('XDG_CONFIG_HOME', '/home/her/.config'), ('XDG_SESSION_DESKTOP', 'KDE'), ('XAUTHORITY', '/run/user/1000/xauth_aHBykp'), ('ICAST_DIR', '/home/her/SDK/ICAST'), ('MANPAGER', "sh -c 'col -bx | bat -l man -p'"), ('AMENT_PREFIX_PATH', '/home/her/Documents/project/SIM_IST/install/towing:/home/her/turtlebot3_ws/install/turtlebot3_simulations:/home/her/turtlebot3_ws/install/turtlebot3_gazebo:/home/her/turtlebot3_ws/install/turtlebot3_fake_node:/opt/ros/humble'), ('SHELL', '/usr/bin/bash'), ('LC_NAME', 'en_US.UTF-8'), ('KONSOLE_DBUS_SERVICE', ':1.50'), ('LC_MEASUREMENT', 'en_US.UTF-8'), ('LC_IDENTIFICATION', 'en_US.UTF-8'), ('PWD', '/home/her/Documents/project/SIM_IST/build/towing'), ('MCFLY_SESSION_ID', 'u2uldFfigG6XNqPKMBGNHawj'), ('CONTAINER_ID', 'ubuntu22'), ('QT_QPA_PLATFORM', 'xcb'), ('TURTLEBOT3_MODEL', 'burger'), ('XDG_CONFIG_DIRS', '/home/her/.config/kdedefaults:/etc/xdg'), ('PYLON_ROOT', '/opt/pylon'), ('XDG_DATA_DIRS', '/usr/local/share:/usr/share'), ('STARSHIP_SESSION_KEY', '1473129513255778'), ('PYTHONPATH', '/opt/ros/humble/lib/python3.10/site-packages:/opt/ros/humble/local/lib/python3.10/dist-packages'), ('LC_NUMERIC', 'en_US.UTF-8'), ('LC_PAPER', 'en_US.UTF-8'), ('KDE_SESSION_UID', '1000'), ('GTK_USE_PORTAL', '1'), ('COLCON', '1'), ('MEMORY_PRESSURE_WRITE', 'c29tZSAyMDAwMDAgMjAwMDAwMAA='), ('GENICAM_GENTL64_PATH', ':/opt/pylon/lib/gentlproducer/gtl:/opt/pylon/lib/pylonCXP/bin/'), ('EDITOR', '/usr/bin/micro'), ('CMAKE_PREFIX_PATH', '/home/her/Documents/project/SIM_IST/install/towing:/home/her/turtlebot3_ws/install/turtlebot3_simulations:/home/her/turtlebot3_ws/install/turtlebot3_gazebo:/home/her/turtlebot3_ws/install/turtlebot3_fake_node:/opt/ros/humble')]), 'shell': False}
[13.348498] (-) TimerEvent: {}
[13.352982] (towing) StdoutLine: {'line': b'-- Install configuration: ""\n'}
[13.353326] (towing) StdoutLine: {'line': b'-- Execute custom install script\n'}
[13.353519] (towing) StdoutLine: {'line': b'-- Up-to-date symlink: /home/her/Documents/project/SIM_IST/install/towing/lib/libtowing_controller.so\n'}
[13.353751] (towing) StdoutLine: {'line': b'-- Up-to-date symlink: /home/her/Documents/project/SIM_IST/install/towing/share/towing//launch/all.launch.py\n'}
[13.353847] (towing) StdoutLine: {'line': b'-- Up-to-date symlink: /home/her/Documents/project/SIM_IST/install/towing/share/towing//launch/display.launch.py\n'}
[13.353930] (towing) StdoutLine: {'line': b'-- Up-to-date symlink: /home/her/Documents/project/SIM_IST/install/towing/share/towing//launch/gazebo.launch.py\n'}
[13.354174] (towing) StdoutLine: {'line': b'-- Up-to-date symlink: /home/her/Documents/project/SIM_IST/install/towing/share/towing//urdf/gazebo_plugin.xacro\n'}
[13.354345] (towing) StdoutLine: {'line': b'-- Up-to-date symlink: /home/her/Documents/project/SIM_IST/install/towing/share/towing//urdf/gazebo_properties.xacro\n'}
[13.354439] (towing) StdoutLine: {'line': b'-- Up-to-date symlink: /home/her/Documents/project/SIM_IST/install/towing/share/towing//urdf/towing.csv\n'}
[13.354499] (towing) StdoutLine: {'line': b'-- Up-to-date symlink: /home/her/Documents/project/SIM_IST/install/towing/share/towing//urdf/towing.urdf.xacro\n'}
[13.354560] (towing) StdoutLine: {'line': b'-- Up-to-date symlink: /home/her/Documents/project/SIM_IST/install/towing/share/towing//urdf/towing_core copy.xacro\n'}
[13.354643] (towing) StdoutLine: {'line': b'-- Up-to-date symlink: /home/her/Documents/project/SIM_IST/install/towing/share/towing//urdf/towing_core.xacro\n'}
[13.354807] (towing) StdoutLine: {'line': b'-- Up-to-date symlink: /home/her/Documents/project/SIM_IST/install/towing/share/towing//config/joint_names_towing.yaml\n'}
[13.355067] (towing) StdoutLine: {'line': b'-- Up-to-date symlink: /home/her/Documents/project/SIM_IST/install/towing/share/towing//models/towing/meshes/base_link.STL\n'}
[13.355173] (towing) StdoutLine: {'line': b'-- Up-to-date symlink: /home/her/Documents/project/SIM_IST/install/towing/share/towing//models/towing/meshes/flwheel.STL\n'}
[13.355251] (towing) StdoutLine: {'line': b'-- Up-to-date symlink: /home/her/Documents/project/SIM_IST/install/towing/share/towing//models/towing/meshes/frwheel.STL\n'}
[13.355317] (towing) StdoutLine: {'line': b'-- Up-to-date symlink: /home/her/Documents/project/SIM_IST/install/towing/share/towing//models/towing/meshes/lftowwheel.STL\n'}
[13.355403] (towing) StdoutLine: {'line': b'-- Up-to-date symlink: /home/her/Documents/project/SIM_IST/install/towing/share/towing//models/towing/meshes/lrtowwheel.STL\n'}
[13.355484] (towing) StdoutLine: {'line': b'-- Up-to-date symlink: /home/her/Documents/project/SIM_IST/install/towing/share/towing//models/towing/meshes/ltowsteer.STL\n'}
[13.355566] (towing) StdoutLine: {'line': b'-- Up-to-date symlink: /home/her/Documents/project/SIM_IST/install/towing/share/towing//models/towing/meshes/lwhell.STL\n'}
[13.355646] (towing) StdoutLine: {'line': b'-- Up-to-date symlink: /home/her/Documents/project/SIM_IST/install/towing/share/towing//models/towing/meshes/rftowwheel.STL\n'}
[13.355725] (towing) StdoutLine: {'line': b'-- Up-to-date symlink: /home/her/Documents/project/SIM_IST/install/towing/share/towing//models/towing/meshes/rrtowwheel.STL\n'}
[13.355805] (towing) StdoutLine: {'line': b'-- Up-to-date symlink: /home/her/Documents/project/SIM_IST/install/towing/share/towing//models/towing/meshes/rtowsteer.STL\n'}
[13.355884] (towing) StdoutLine: {'line': b'-- Up-to-date symlink: /home/her/Documents/project/SIM_IST/install/towing/share/towing//models/towing/meshes/rwheel.STL\n'}
[13.355963] (towing) StdoutLine: {'line': b'-- Up-to-date symlink: /home/her/Documents/project/SIM_IST/install/towing/share/towing//models/towing/meshes/steer.STL\n'}
[13.356042] (towing) StdoutLine: {'line': b'-- Up-to-date symlink: /home/her/Documents/project/SIM_IST/install/towing/share/towing//models/towing/meshes/tow.STL\n'}
[13.356118] (towing) StdoutLine: {'line': b'-- Up-to-date symlink: /home/her/Documents/project/SIM_IST/install/towing/share/towing//models/towing/model.config\n'}
[13.356356] (towing) StdoutLine: {'line': b'-- Up-to-date symlink: /home/her/Documents/project/SIM_IST/install/towing/share/towing//meshes/base_link.STL\n'}
[13.356442] (towing) StdoutLine: {'line': b'-- Up-to-date symlink: /home/her/Documents/project/SIM_IST/install/towing/share/towing//meshes/flwheel.STL\n'}
[13.356518] (towing) StdoutLine: {'line': b'-- Up-to-date symlink: /home/her/Documents/project/SIM_IST/install/towing/share/towing//meshes/frwheel.STL\n'}
[13.356597] (towing) StdoutLine: {'line': b'-- Up-to-date symlink: /home/her/Documents/project/SIM_IST/install/towing/share/towing//meshes/lftowwheel.STL\n'}
[13.356675] (towing) StdoutLine: {'line': b'-- Up-to-date symlink: /home/her/Documents/project/SIM_IST/install/towing/share/towing//meshes/lrtowwheel.STL\n'}
[13.356753] (towing) StdoutLine: {'line': b'-- Up-to-date symlink: /home/her/Documents/project/SIM_IST/install/towing/share/towing//meshes/ltowsteer.STL\n'}
[13.356832] (towing) StdoutLine: {'line': b'-- Up-to-date symlink: /home/her/Documents/project/SIM_IST/install/towing/share/towing//meshes/lwhell.STL\n'}
[13.356909] (towing) StdoutLine: {'line': b'-- Up-to-date symlink: /home/her/Documents/project/SIM_IST/install/towing/share/towing//meshes/rftowwheel.STL\n'}
[13.356985] (towing) StdoutLine: {'line': b'-- Up-to-date symlink: /home/her/Documents/project/SIM_IST/install/towing/share/towing//meshes/rrtowwheel.STL\n'}
[13.357063] (towing) StdoutLine: {'line': b'-- Up-to-date symlink: /home/her/Documents/project/SIM_IST/install/towing/share/towing//meshes/rtowsteer.STL\n'}
[13.357142] (towing) StdoutLine: {'line': b'-- Up-to-date symlink: /home/her/Documents/project/SIM_IST/install/towing/share/towing//meshes/rwheel.STL\n'}
[13.357215] (towing) StdoutLine: {'line': b'-- Up-to-date symlink: /home/her/Documents/project/SIM_IST/install/towing/share/towing//meshes/steer.STL\n'}
[13.357291] (towing) StdoutLine: {'line': b'-- Up-to-date symlink: /home/her/Documents/project/SIM_IST/install/towing/share/towing//meshes/tow.STL\n'}
[13.357454] (towing) StdoutLine: {'line': b'-- Up-to-date symlink: /home/her/Documents/project/SIM_IST/install/towing/share/towing//urdf.rviz\n'}
[13.357567] (towing) StdoutLine: {'line': b'-- Up-to-date symlink: /home/her/Documents/project/SIM_IST/install/towing/share/ament_index/resource_index/package_run_dependencies/towing\n'}
[13.357679] (towing) StdoutLine: {'line': b'-- Up-to-date symlink: /home/her/Documents/project/SIM_IST/install/towing/share/ament_index/resource_index/parent_prefix_path/towing\n'}
[13.357789] (towing) StdoutLine: {'line': b'-- Up-to-date symlink: /home/her/Documents/project/SIM_IST/install/towing/share/towing/environment/ament_prefix_path.sh\n'}
[13.357898] (towing) StdoutLine: {'line': b'-- Up-to-date symlink: /home/her/Documents/project/SIM_IST/install/towing/share/towing/environment/ament_prefix_path.dsv\n'}
[13.358001] (towing) StdoutLine: {'line': b'-- Up-to-date symlink: /home/her/Documents/project/SIM_IST/install/towing/share/towing/environment/path.sh\n'}
[13.358103] (towing) StdoutLine: {'line': b'-- Up-to-date symlink: /home/her/Documents/project/SIM_IST/install/towing/share/towing/environment/path.dsv\n'}
[13.358202] (towing) StdoutLine: {'line': b'-- Up-to-date symlink: /home/her/Documents/project/SIM_IST/install/towing/share/towing/local_setup.bash\n'}
[13.358297] (towing) StdoutLine: {'line': b'-- Up-to-date symlink: /home/her/Documents/project/SIM_IST/install/towing/share/towing/local_setup.sh\n'}
[13.358403] (towing) StdoutLine: {'line': b'-- Up-to-date symlink: /home/her/Documents/project/SIM_IST/install/towing/share/towing/local_setup.zsh\n'}
[13.358501] (towing) StdoutLine: {'line': b'-- Up-to-date symlink: /home/her/Documents/project/SIM_IST/install/towing/share/towing/local_setup.dsv\n'}
[13.358566] (towing) StdoutLine: {'line': b'-- Symlinking: /home/her/Documents/project/SIM_IST/install/towing/share/towing/package.dsv\n'}
[13.366076] (towing) StdoutLine: {'line': b'-- Up-to-date symlink: /home/her/Documents/project/SIM_IST/install/towing/share/ament_index/resource_index/packages/towing\n'}
[13.366327] (towing) StdoutLine: {'line': b'-- Up-to-date symlink: /home/her/Documents/project/SIM_IST/install/towing/share/towing/cmake/towingConfig.cmake\n'}
[13.366542] (towing) StdoutLine: {'line': b'-- Up-to-date symlink: /home/her/Documents/project/SIM_IST/install/towing/share/towing/cmake/towingConfig-version.cmake\n'}
[13.366825] (towing) StdoutLine: {'line': b'-- Up-to-date symlink: /home/her/Documents/project/SIM_IST/install/towing/share/towing/package.xml\n'}
[13.368585] (towing) CommandEnded: {'returncode': 0}
[13.383687] (towing) JobEnded: {'identifier': 'towing', 'rc': 0}
[13.384555] (-) EventReactorShutdown: {}
